-- The C compiler identification is GNU 11.4.0
-- The CXX compiler identification is GNU 11.4.0
-- Detecting C compiler ABI info
-- Detecting C compiler ABI info - done
-- Check for working C compiler: /usr/bin/cc - skipped
-- Detecting C compile features
-- Detecting C compile features - done
-- Detecting CXX compiler ABI info
-- Detecting CXX compiler ABI info - done
-- Check for working CXX compiler: /usr/bin/c++ - skipped
-- Detecting CXX compile features
-- Detecting CXX compile features - done
-- Found ament_cmake: 1.3.11 (/opt/ros/humble/share/ament_cmake/cmake)
-- Found Python3: /usr/bin/python3 (found version "3.10.12") found components: Interpreter 
-- Override CMake install command with custom implementation using symlinks instead of copying resources
-- Found ament_lint_auto: 0.12.12 (/opt/ros/humble/share/ament_lint_auto/cmake)
-- Found rosidl_default_generators: 1.2.0 (/opt/ros/humble/share/rosidl_default_generators/cmake)
-- Using all available rosidl_typesupport_c: rosidl_typesupport_fastrtps_c;rosidl_typesupport_introspection_c
-- Found rosidl_adapter: 3.1.6 (/opt/ros/humble/share/rosidl_adapter/cmake)
-- Using all available rosidl_typesupport_cpp: rosidl_typesupport_fastrtps_cpp;rosidl_typesupport_introspection_cpp
-- Found builtin_interfaces: 1.2.1 (/opt/ros/humble/share/builtin_interfaces/cmake)
-- Found ament_cmake_ros: 0.10.0 (/opt/ros/humble/share/ament_cmake_ros/cmake)
-- Using all available rosidl_typesupport_c: rosidl_typesupport_fastrtps_c;rosidl_typesupport_introspection_c
-- Using all available rosidl_typesupport_cpp: rosidl_typesupport_fastrtps_cpp;rosidl_typesupport_introspection_cpp
-- Found PythonInterp: /usr/bin/python3 (found suitable version "3.10.12", minimum required is "3.6") 
-- Found python_cmake_module: 0.10.0 (/opt/ros/humble/share/python_cmake_module/cmake)
-- Found PythonLibs: /usr/lib/x86_64-linux-gnu/libpython3.10.so (found suitable version "3.10.12", minimum required is "3.5") 
-- Using PYTHON_EXECUTABLE: /usr/bin/python3
-- Using PYTHON_INCLUDE_DIRS: /usr/include/python3.10
-- Using PYTHON_LIBRARIES: /usr/lib/x86_64-linux-gnu/libpython3.10.so
-- Found PythonExtra: .so  
-- Added test 'lint_cmake' to check CMake code style
-- Added test 'xmllint' to check XML markup files
-- Configuring done
-- Generating done
-- Build files have been written to: /home/frfusera/ros2_ws/nortek_ws/build/interfaces
[  0%] [34m[1mGenerating C code for ROS interfaces[0m
[  0%] [34m[1mGenerating C++ code for ROS interfaces[0m
[  0%] Built target ament_cmake_python_symlink_interfaces
running egg_info
creating interfaces.egg-info
writing interfaces.egg-info/PKG-INFO
writing dependency_links to interfaces.egg-info/dependency_links.txt
writing top-level names to interfaces.egg-info/top_level.txt
writing manifest file 'interfaces.egg-info/SOURCES.txt'
reading manifest file 'interfaces.egg-info/SOURCES.txt'
writing manifest file 'interfaces.egg-info/SOURCES.txt'
[  0%] Built target ament_cmake_python_build_interfaces_egg
[  1%] [32mBuilding C object CMakeFiles/interfaces__rosidl_generator_c.dir/rosidl_generator_c/interfaces/srv/detail/start__functions.c.o[0m
[  2%] [32mBuilding C object CMakeFiles/interfaces__rosidl_generator_c.dir/rosidl_generator_c/interfaces/srv/detail/connect_tcp__functions.c.o[0m
[  2%] [32mBuilding C object CMakeFiles/interfaces__rosidl_generator_c.dir/rosidl_generator_c/interfaces/msg/detail/altimeter__functions.c.o[0m
[  2%] [32mBuilding C object CMakeFiles/interfaces__rosidl_generator_c.dir/rosidl_generator_c/interfaces/srv/detail/stop__functions.c.o[0m
[  3%] [32mBuilding C object CMakeFiles/interfaces__rosidl_generator_c.dir/rosidl_generator_c/interfaces/msg/detail/ahrs__functions.c.o[0m
[  4%] [32mBuilding C object CMakeFiles/interfaces__rosidl_generator_c.dir/rosidl_generator_c/interfaces/srv/detail/connect_serial__functions.c.o[0m
[  4%] [32mBuilding C object CMakeFiles/interfaces__rosidl_generator_c.dir/rosidl_generator_c/interfaces/srv/detail/disconnect__functions.c.o[0m
[  6%] [32mBuilding C object CMakeFiles/interfaces__rosidl_generator_c.dir/rosidl_generator_c/interfaces/msg/detail/magnetometer__functions.c.o[0m
[  6%] [32mBuilding C object CMakeFiles/interfaces__rosidl_generator_c.dir/rosidl_generator_c/interfaces/msg/detail/field_calibration__functions.c.o[0m
[  9%] [32mBuilding C object CMakeFiles/interfaces__rosidl_generator_c.dir/rosidl_generator_c/interfaces/msg/detail/imu__functions.c.o[0m
[  9%] [32mBuilding C object CMakeFiles/interfaces__rosidl_generator_c.dir/rosidl_generator_c/interfaces/msg/detail/current_profile__functions.c.o[0m
[  9%] [32mBuilding C object CMakeFiles/interfaces__rosidl_generator_c.dir/rosidl_generator_c/interfaces/srv/detail/start_field_calibration__functions.c.o[0m
[  9%] [32mBuilding C object CMakeFiles/interfaces__rosidl_generator_c.dir/rosidl_generator_c/interfaces/msg/detail/water_track__functions.c.o[0m
[ 10%] [32mBuilding C object CMakeFiles/interfaces__rosidl_generator_c.dir/rosidl_generator_c/interfaces/srv/detail/command__functions.c.o[0m
[ 10%] [32mBuilding C object CMakeFiles/interfaces__rosidl_generator_c.dir/rosidl_generator_c/interfaces/msg/detail/ins__functions.c.o[0m
[ 11%] [32mBuilding C object CMakeFiles/interfaces__rosidl_generator_c.dir/rosidl_generator_c/interfaces/msg/detail/bottom_track__functions.c.o[0m
[ 12%] [32m[1mLinking C shared library libinterfaces__rosidl_generator_c.so[0m
[ 12%] Built target interfaces__rosidl_generator_c
[ 13%] [34m[1mGenerating C introspection for ROS interfaces[0m
[ 14%] [34m[1mGenerating C type support dispatch for ROS interfaces[0m
[ 15%] [34m[1mGenerating C type support for eProsima Fast-RTPS[0m
[ 15%] Built target interfaces__cpp
[ 15%] [34m[1mGenerating C++ introspection for ROS interfaces[0m
[ 16%] [34m[1mGenerating C++ type support for eProsima Fast-RTPS[0m
[ 17%] [34m[1mGenerating C++ type support dispatch for ROS interfaces[0m
[ 17%] [32mBuilding CXX object CMakeFiles/interfaces__rosidl_typesupport_c.dir/rosidl_typesupport_c/interfaces/srv/start__type_support.cpp.o[0m
[ 18%] [32mBuilding CXX object CMakeFiles/interfaces__rosidl_typesupport_c.dir/rosidl_typesupport_c/interfaces/msg/ahrs__type_support.cpp.o[0m
[ 19%] [32mBuilding CXX object CMakeFiles/interfaces__rosidl_typesupport_c.dir/rosidl_typesupport_c/interfaces/msg/current_profile__type_support.cpp.o[0m
[ 20%] [32mBuilding CXX object CMakeFiles/interfaces__rosidl_typesupport_c.dir/rosidl_typesupport_c/interfaces/srv/connect_serial__type_support.cpp.o[0m
[ 20%] [32mBuilding CXX object CMakeFiles/interfaces__rosidl_typesupport_c.dir/rosidl_typesupport_c/interfaces/srv/connect_tcp__type_support.cpp.o[0m
[ 20%] [32mBuilding CXX object CMakeFiles/interfaces__rosidl_typesupport_c.dir/rosidl_typesupport_c/interfaces/srv/command__type_support.cpp.o[0m
[ 21%] [32mBuilding CXX object CMakeFiles/interfaces__rosidl_typesupport_c.dir/rosidl_typesupport_c/interfaces/srv/disconnect__type_support.cpp.o[0m
[ 22%] [32mBuilding CXX object CMakeFiles/interfaces__rosidl_typesupport_c.dir/rosidl_typesupport_c/interfaces/msg/water_track__type_support.cpp.o[0m
[ 23%] [32mBuilding CXX object CMakeFiles/interfaces__rosidl_typesupport_c.dir/rosidl_typesupport_c/interfaces/srv/start_field_calibration__type_support.cpp.o[0m
[ 24%] [32mBuilding CXX object CMakeFiles/interfaces__rosidl_typesupport_c.dir/rosidl_typesupport_c/interfaces/srv/stop__type_support.cpp.o[0m
[ 24%] [32mBuilding CXX object CMakeFiles/interfaces__rosidl_typesupport_c.dir/rosidl_typesupport_c/interfaces/msg/bottom_track__type_support.cpp.o[0m
[ 25%] [32mBuilding CXX object CMakeFiles/interfaces__rosidl_typesupport_c.dir/rosidl_typesupport_c/interfaces/msg/altimeter__type_support.cpp.o[0m
[ 25%] [32mBuilding CXX object CMakeFiles/interfaces__rosidl_typesupport_c.dir/rosidl_typesupport_c/interfaces/msg/field_calibration__type_support.cpp.o[0m
[ 26%] [32mBuilding CXX object CMakeFiles/interfaces__rosidl_typesupport_c.dir/rosidl_typesupport_c/interfaces/msg/magnetometer__type_support.cpp.o[0m
[ 26%] [32mBuilding CXX object CMakeFiles/interfaces__rosidl_typesupport_c.dir/rosidl_typesupport_c/interfaces/msg/ins__type_support.cpp.o[0m
[ 27%] [32mBuilding CXX object CMakeFiles/interfaces__rosidl_typesupport_c.dir/rosidl_typesupport_c/interfaces/msg/imu__type_support.cpp.o[0m
[ 28%] [32m[1mLinking CXX shared library libinterfaces__rosidl_typesupport_c.so[0m
[ 28%] Built target interfaces__rosidl_typesupport_c
[ 29%] [32mBuilding CXX object CMakeFiles/interfaces__rosidl_typesupport_cpp.dir/rosidl_typesupport_cpp/interfaces/srv/connect_tcp__type_support.cpp.o[0m
[ 29%] [32mBuilding CXX object CMakeFiles/interfaces__rosidl_typesupport_cpp.dir/rosidl_typesupport_cpp/interfaces/srv/stop__type_support.cpp.o[0m
[ 30%] [32mBuilding CXX object CMakeFiles/interfaces__rosidl_typesupport_cpp.dir/rosidl_typesupport_cpp/interfaces/msg/bottom_track__type_support.cpp.o[0m
[ 31%] [32mBuilding CXX object CMakeFiles/interfaces__rosidl_typesupport_cpp.dir/rosidl_typesupport_cpp/interfaces/srv/disconnect__type_support.cpp.o[0m
[ 32%] [32mBuilding CXX object CMakeFiles/interfaces__rosidl_typesupport_cpp.dir/rosidl_typesupport_cpp/interfaces/srv/connect_serial__type_support.cpp.o[0m
[ 33%] [32mBuilding CXX object CMakeFiles/interfaces__rosidl_typesupport_cpp.dir/rosidl_typesupport_cpp/interfaces/srv/command__type_support.cpp.o[0m
[ 34%] [32mBuilding CXX object CMakeFiles/interfaces__rosidl_typesupport_cpp.dir/rosidl_typesupport_cpp/interfaces/msg/ahrs__type_support.cpp.o[0m
[ 34%] [32mBuilding CXX object CMakeFiles/interfaces__rosidl_typesupport_cpp.dir/rosidl_typesupport_cpp/interfaces/srv/start__type_support.cpp.o[0m
[ 34%] [32mBuilding CXX object CMakeFiles/interfaces__rosidl_typesupport_cpp.dir/rosidl_typesupport_cpp/interfaces/srv/start_field_calibration__type_support.cpp.o[0m
[ 34%] [32mBuilding CXX object CMakeFiles/interfaces__rosidl_typesupport_cpp.dir/rosidl_typesupport_cpp/interfaces/msg/water_track__type_support.cpp.o[0m
[ 35%] [32mBuilding CXX object CMakeFiles/interfaces__rosidl_typesupport_cpp.dir/rosidl_typesupport_cpp/interfaces/msg/altimeter__type_support.cpp.o[0m
[ 36%] [32mBuilding CXX object CMakeFiles/interfaces__rosidl_typesupport_cpp.dir/rosidl_typesupport_cpp/interfaces/msg/ins__type_support.cpp.o[0m
[ 37%] [32mBuilding CXX object CMakeFiles/interfaces__rosidl_typesupport_cpp.dir/rosidl_typesupport_cpp/interfaces/msg/field_calibration__type_support.cpp.o[0m
[ 38%] [32mBuilding CXX object CMakeFiles/interfaces__rosidl_typesupport_cpp.dir/rosidl_typesupport_cpp/interfaces/msg/magnetometer__type_support.cpp.o[0m
[ 39%] [32mBuilding CXX object CMakeFiles/interfaces__rosidl_typesupport_cpp.dir/rosidl_typesupport_cpp/interfaces/msg/current_profile__type_support.cpp.o[0m
[ 39%] [32mBuilding CXX object CMakeFiles/interfaces__rosidl_typesupport_cpp.dir/rosidl_typesupport_cpp/interfaces/msg/imu__type_support.cpp.o[0m
[ 39%] [32mBuilding C object CMakeFiles/interfaces__rosidl_typesupport_introspection_c.dir/rosidl_typesupport_introspection_c/interfaces/srv/detail/connect_tcp__type_support.c.o[0m
[ 40%] [32mBuilding C object CMakeFiles/interfaces__rosidl_typesupport_introspection_c.dir/rosidl_typesupport_introspection_c/interfaces/srv/detail/disconnect__type_support.c.o[0m
[ 41%] [32mBuilding C object CMakeFiles/interfaces__rosidl_typesupport_introspection_c.dir/rosidl_typesupport_introspection_c/interfaces/srv/detail/connect_serial__type_support.c.o[0m
[ 41%] [32mBuilding C object CMakeFiles/interfaces__rosidl_typesupport_introspection_c.dir/rosidl_typesupport_introspection_c/interfaces/srv/detail/start_field_calibration__type_support.c.o[0m
[ 42%] [32mBuilding C object CMakeFiles/interfaces__rosidl_typesupport_introspection_c.dir/rosidl_typesupport_introspection_c/interfaces/srv/detail/start__type_support.c.o[0m
[ 43%] [32mBuilding C object CMakeFiles/interfaces__rosidl_typesupport_introspection_c.dir/rosidl_typesupport_introspection_c/interfaces/srv/detail/stop__type_support.c.o[0m
[ 44%] [32mBuilding C object CMakeFiles/interfaces__rosidl_typesupport_introspection_c.dir/rosidl_typesupport_introspection_c/interfaces/srv/detail/command__type_support.c.o[0m
[ 45%] [32mBuilding C object CMakeFiles/interfaces__rosidl_typesupport_introspection_c.dir/rosidl_typesupport_introspection_c/interfaces/msg/detail/altimeter__type_support.c.o[0m
[ 45%] [32mBuilding C object CMakeFiles/interfaces__rosidl_typesupport_introspection_c.dir/rosidl_typesupport_introspection_c/interfaces/msg/detail/ahrs__type_support.c.o[0m
[ 46%] [32mBuilding C object CMakeFiles/interfaces__rosidl_typesupport_introspection_c.dir/rosidl_typesupport_introspection_c/interfaces/msg/detail/bottom_track__type_support.c.o[0m
[ 46%] [32mBuilding C object CMakeFiles/interfaces__rosidl_typesupport_introspection_c.dir/rosidl_typesupport_introspection_c/interfaces/msg/detail/water_track__type_support.c.o[0m
[ 47%] [32mBuilding C object CMakeFiles/interfaces__rosidl_typesupport_introspection_c.dir/rosidl_typesupport_introspection_c/interfaces/msg/detail/current_profile__type_support.c.o[0m
[ 48%] [32mBuilding C object CMakeFiles/interfaces__rosidl_typesupport_introspection_c.dir/rosidl_typesupport_introspection_c/interfaces/msg/detail/field_calibration__type_support.c.o[0m
[ 48%] [32mBuilding C object CMakeFiles/interfaces__rosidl_typesupport_introspection_c.dir/rosidl_typesupport_introspection_c/interfaces/msg/detail/imu__type_support.c.o[0m
[ 49%] [32mBuilding C object CMakeFiles/interfaces__rosidl_typesupport_introspection_c.dir/rosidl_typesupport_introspection_c/interfaces/msg/detail/ins__type_support.c.o[0m
[ 50%] [32mBuilding C object CMakeFiles/interfaces__rosidl_typesupport_introspection_c.dir/rosidl_typesupport_introspection_c/interfaces/msg/detail/magnetometer__type_support.c.o[0m
[ 50%] [32mBuilding CXX object CMakeFiles/interfaces__rosidl_typesupport_fastrtps_c.dir/rosidl_typesupport_fastrtps_c/interfaces/srv/detail/connect_serial__type_support_c.cpp.o[0m
[ 50%] [32mBuilding CXX object CMakeFiles/interfaces__rosidl_typesupport_fastrtps_c.dir/rosidl_typesupport_fastrtps_c/interfaces/srv/detail/start__type_support_c.cpp.o[0m
[ 51%] [32mBuilding CXX object CMakeFiles/interfaces__rosidl_typesupport_fastrtps_c.dir/rosidl_typesupport_fastrtps_c/interfaces/srv/detail/connect_tcp__type_support_c.cpp.o[0m
[ 52%] [32mBuilding CXX object CMakeFiles/interfaces__rosidl_typesupport_fastrtps_c.dir/rosidl_typesupport_fastrtps_c/interfaces/srv/detail/disconnect__type_support_c.cpp.o[0m
[ 53%] [32mBuilding CXX object CMakeFiles/interfaces__rosidl_typesupport_fastrtps_c.dir/rosidl_typesupport_fastrtps_c/interfaces/srv/detail/start_field_calibration__type_support_c.cpp.o[0m
[ 53%] [32m[1mLinking C shared library libinterfaces__rosidl_typesupport_introspection_c.so[0m
[ 53%] [32mBuilding CXX object CMakeFiles/interfaces__rosidl_typesupport_fastrtps_c.dir/rosidl_typesupport_fastrtps_c/interfaces/srv/detail/command__type_support_c.cpp.o[0m
[ 54%] [32mBuilding CXX object CMakeFiles/interfaces__rosidl_typesupport_fastrtps_c.dir/rosidl_typesupport_fastrtps_c/interfaces/srv/detail/stop__type_support_c.cpp.o[0m
[ 55%] [32mBuilding CXX object CMakeFiles/interfaces__rosidl_typesupport_fastrtps_c.dir/rosidl_typesupport_fastrtps_c/interfaces/msg/detail/ahrs__type_support_c.cpp.o[0m
[ 56%] [32mBuilding CXX object CMakeFiles/interfaces__rosidl_typesupport_fastrtps_c.dir/rosidl_typesupport_fastrtps_c/interfaces/msg/detail/altimeter__type_support_c.cpp.o[0m
[ 57%] [32mBuilding CXX object CMakeFiles/interfaces__rosidl_typesupport_fastrtps_c.dir/rosidl_typesupport_fastrtps_c/interfaces/msg/detail/water_track__type_support_c.cpp.o[0m
[ 57%] [32mBuilding CXX object CMakeFiles/interfaces__rosidl_typesupport_fastrtps_c.dir/rosidl_typesupport_fastrtps_c/interfaces/msg/detail/bottom_track__type_support_c.cpp.o[0m
[ 58%] [32mBuilding CXX object CMakeFiles/interfaces__rosidl_typesupport_fastrtps_c.dir/rosidl_typesupport_fastrtps_c/interfaces/msg/detail/current_profile__type_support_c.cpp.o[0m
[ 58%] [32mBuilding CXX object CMakeFiles/interfaces__rosidl_typesupport_fastrtps_c.dir/rosidl_typesupport_fastrtps_c/interfaces/msg/detail/field_calibration__type_support_c.cpp.o[0m
[ 59%] [32mBuilding CXX object CMakeFiles/interfaces__rosidl_typesupport_fastrtps_c.dir/rosidl_typesupport_fastrtps_c/interfaces/msg/detail/imu__type_support_c.cpp.o[0m
[ 60%] [32mBuilding CXX object CMakeFiles/interfaces__rosidl_typesupport_fastrtps_c.dir/rosidl_typesupport_fastrtps_c/interfaces/msg/detail/ins__type_support_c.cpp.o[0m
[ 60%] [32mBuilding CXX object CMakeFiles/interfaces__rosidl_typesupport_fastrtps_c.dir/rosidl_typesupport_fastrtps_c/interfaces/msg/detail/magnetometer__type_support_c.cpp.o[0m
[ 61%] [32mBuilding CXX object CMakeFiles/interfaces__rosidl_typesupport_fastrtps_cpp.dir/rosidl_typesupport_fastrtps_cpp/interfaces/srv/detail/dds_fastrtps/connect_serial__type_support.cpp.o[0m
[ 61%] Built target interfaces__rosidl_typesupport_introspection_c
[ 61%] [32mBuilding CXX object CMakeFiles/interfaces__rosidl_typesupport_fastrtps_cpp.dir/rosidl_typesupport_fastrtps_cpp/interfaces/srv/detail/dds_fastrtps/connect_tcp__type_support.cpp.o[0m
[ 62%] [32mBuilding CXX object CMakeFiles/interfaces__rosidl_typesupport_fastrtps_cpp.dir/rosidl_typesupport_fastrtps_cpp/interfaces/srv/detail/dds_fastrtps/disconnect__type_support.cpp.o[0m
[ 63%] [32mBuilding CXX object CMakeFiles/interfaces__rosidl_typesupport_fastrtps_cpp.dir/rosidl_typesupport_fastrtps_cpp/interfaces/srv/detail/dds_fastrtps/start__type_support.cpp.o[0m
[ 63%] [32m[1mLinking CXX shared library libinterfaces__rosidl_typesupport_cpp.so[0m
[ 63%] Built target interfaces__rosidl_typesupport_cpp
[ 63%] [32mBuilding CXX object CMakeFiles/interfaces__rosidl_typesupport_fastrtps_cpp.dir/rosidl_typesupport_fastrtps_cpp/interfaces/srv/detail/dds_fastrtps/start_field_calibration__type_support.cpp.o[0m
[ 64%] [32mBuilding CXX object CMakeFiles/interfaces__rosidl_typesupport_introspection_cpp.dir/rosidl_typesupport_introspection_cpp/interfaces/srv/detail/connect_serial__type_support.cpp.o[0m
[ 65%] [32mBuilding CXX object CMakeFiles/interfaces__rosidl_typesupport_fastrtps_cpp.dir/rosidl_typesupport_fastrtps_cpp/interfaces/srv/detail/dds_fastrtps/stop__type_support.cpp.o[0m
[ 67%] [32mBuilding CXX object CMakeFiles/interfaces__rosidl_typesupport_fastrtps_cpp.dir/rosidl_typesupport_fastrtps_cpp/interfaces/srv/detail/dds_fastrtps/command__type_support.cpp.o[0m
[ 67%] [32mBuilding CXX object CMakeFiles/interfaces__rosidl_typesupport_introspection_cpp.dir/rosidl_typesupport_introspection_cpp/interfaces/srv/detail/connect_tcp__type_support.cpp.o[0m
[ 67%] [32mBuilding CXX object CMakeFiles/interfaces__rosidl_typesupport_fastrtps_cpp.dir/rosidl_typesupport_fastrtps_cpp/interfaces/msg/detail/dds_fastrtps/ahrs__type_support.cpp.o[0m
[ 67%] [32mBuilding CXX object CMakeFiles/interfaces__rosidl_typesupport_introspection_cpp.dir/rosidl_typesupport_introspection_cpp/interfaces/srv/detail/disconnect__type_support.cpp.o[0m
[ 68%] [32mBuilding CXX object CMakeFiles/interfaces__rosidl_typesupport_introspection_cpp.dir/rosidl_typesupport_introspection_cpp/interfaces/srv/detail/start__type_support.cpp.o[0m
[ 69%] [32mBuilding CXX object CMakeFiles/interfaces__rosidl_typesupport_fastrtps_cpp.dir/rosidl_typesupport_fastrtps_cpp/interfaces/msg/detail/dds_fastrtps/altimeter__type_support.cpp.o[0m
[ 71%] [32mBuilding CXX object CMakeFiles/interfaces__rosidl_typesupport_fastrtps_cpp.dir/rosidl_typesupport_fastrtps_cpp/interfaces/msg/detail/dds_fastrtps/bottom_track__type_support.cpp.o[0m
[ 71%] [32mBuilding CXX object CMakeFiles/interfaces__rosidl_typesupport_introspection_cpp.dir/rosidl_typesupport_introspection_cpp/interfaces/srv/detail/start_field_calibration__type_support.cpp.o[0m
[ 71%] [32mBuilding CXX object CMakeFiles/interfaces__rosidl_typesupport_fastrtps_cpp.dir/rosidl_typesupport_fastrtps_cpp/interfaces/msg/detail/dds_fastrtps/water_track__type_support.cpp.o[0m
[ 72%] [32mBuilding CXX object CMakeFiles/interfaces__rosidl_typesupport_fastrtps_cpp.dir/rosidl_typesupport_fastrtps_cpp/interfaces/msg/detail/dds_fastrtps/current_profile__type_support.cpp.o[0m
[ 72%] [32mBuilding CXX object CMakeFiles/interfaces__rosidl_typesupport_introspection_cpp.dir/rosidl_typesupport_introspection_cpp/interfaces/srv/detail/stop__type_support.cpp.o[0m
[ 73%] [32mBuilding CXX object CMakeFiles/interfaces__rosidl_typesupport_fastrtps_cpp.dir/rosidl_typesupport_fastrtps_cpp/interfaces/msg/detail/dds_fastrtps/field_calibration__type_support.cpp.o[0m
[ 74%] [32mBuilding CXX object CMakeFiles/interfaces__rosidl_typesupport_introspection_cpp.dir/rosidl_typesupport_introspection_cpp/interfaces/srv/detail/command__type_support.cpp.o[0m
[ 74%] [32mBuilding CXX object CMakeFiles/interfaces__rosidl_typesupport_fastrtps_cpp.dir/rosidl_typesupport_fastrtps_cpp/interfaces/msg/detail/dds_fastrtps/imu__type_support.cpp.o[0m
[ 75%] [32mBuilding CXX object CMakeFiles/interfaces__rosidl_typesupport_introspection_cpp.dir/rosidl_typesupport_introspection_cpp/interfaces/msg/detail/ahrs__type_support.cpp.o[0m
[ 76%] [32mBuilding CXX object CMakeFiles/interfaces__rosidl_typesupport_fastrtps_cpp.dir/rosidl_typesupport_fastrtps_cpp/interfaces/msg/detail/dds_fastrtps/ins__type_support.cpp.o[0m
[ 77%] [32mBuilding CXX object CMakeFiles/interfaces__rosidl_typesupport_fastrtps_cpp.dir/rosidl_typesupport_fastrtps_cpp/interfaces/msg/detail/dds_fastrtps/magnetometer__type_support.cpp.o[0m
[ 77%] [32mBuilding CXX object CMakeFiles/interfaces__rosidl_typesupport_introspection_cpp.dir/rosidl_typesupport_introspection_cpp/interfaces/msg/detail/altimeter__type_support.cpp.o[0m
[ 78%] [32mBuilding CXX object CMakeFiles/interfaces__rosidl_typesupport_introspection_cpp.dir/rosidl_typesupport_introspection_cpp/interfaces/msg/detail/bottom_track__type_support.cpp.o[0m
[ 79%] [32m[1mLinking CXX shared library libinterfaces__rosidl_typesupport_fastrtps_c.so[0m
[ 80%] [32mBuilding CXX object CMakeFiles/interfaces__rosidl_typesupport_introspection_cpp.dir/rosidl_typesupport_introspection_cpp/interfaces/msg/detail/water_track__type_support.cpp.o[0m
[ 81%] [32mBuilding CXX object CMakeFiles/interfaces__rosidl_typesupport_introspection_cpp.dir/rosidl_typesupport_introspection_cpp/interfaces/msg/detail/field_calibration__type_support.cpp.o[0m
[ 81%] [32mBuilding CXX object CMakeFiles/interfaces__rosidl_typesupport_introspection_cpp.dir/rosidl_typesupport_introspection_cpp/interfaces/msg/detail/current_profile__type_support.cpp.o[0m
[ 82%] [32mBuilding CXX object CMakeFiles/interfaces__rosidl_typesupport_introspection_cpp.dir/rosidl_typesupport_introspection_cpp/interfaces/msg/detail/imu__type_support.cpp.o[0m
[ 82%] [32mBuilding CXX object CMakeFiles/interfaces__rosidl_typesupport_introspection_cpp.dir/rosidl_typesupport_introspection_cpp/interfaces/msg/detail/ins__type_support.cpp.o[0m
[ 83%] [32mBuilding CXX object CMakeFiles/interfaces__rosidl_typesupport_introspection_cpp.dir/rosidl_typesupport_introspection_cpp/interfaces/msg/detail/magnetometer__type_support.cpp.o[0m
[ 83%] Built target interfaces__rosidl_typesupport_fastrtps_c
[ 83%] [32m[1mLinking CXX shared library libinterfaces__rosidl_typesupport_fastrtps_cpp.so[0m
[ 84%] [32m[1mLinking CXX shared library libinterfaces__rosidl_typesupport_introspection_cpp.so[0m
[ 84%] Built target interfaces__rosidl_typesupport_fastrtps_cpp
[ 84%] Built target interfaces__rosidl_typesupport_introspection_cpp
[ 84%] Built target interfaces
[ 85%] [34m[1mGenerating Python code for ROS interfaces[0m
[ 85%] Built target interfaces__py
[ 85%] [32mBuilding C object CMakeFiles/interfaces__rosidl_generator_py.dir/rosidl_generator_py/interfaces/srv/_start_s.c.o[0m
[ 87%] [32mBuilding C object CMakeFiles/interfaces__rosidl_generator_py.dir/rosidl_generator_py/interfaces/srv/_stop_s.c.o[0m
[ 87%] [32mBuilding C object CMakeFiles/interfaces__rosidl_generator_py.dir/rosidl_generator_py/interfaces/srv/_start_field_calibration_s.c.o[0m
[ 87%] [32mBuilding C object CMakeFiles/interfaces__rosidl_generator_py.dir/rosidl_generator_py/interfaces/srv/_command_s.c.o[0m
[ 88%] [32mBuilding C object CMakeFiles/interfaces__rosidl_generator_py.dir/rosidl_generator_py/interfaces/msg/_water_track_s.c.o[0m
[ 88%] [32mBuilding C object CMakeFiles/interfaces__rosidl_generator_py.dir/rosidl_generator_py/interfaces/srv/_connect_serial_s.c.o[0m
[ 89%] [32mBuilding C object CMakeFiles/interfaces__rosidl_generator_py.dir/rosidl_generator_py/interfaces/srv/_connect_tcp_s.c.o[0m
[ 90%] [32mBuilding C object CMakeFiles/interfaces__rosidl_generator_py.dir/rosidl_generator_py/interfaces/srv/_disconnect_s.c.o[0m
[ 90%] [32mBuilding C object CMakeFiles/interfaces__rosidl_generator_py.dir/rosidl_generator_py/interfaces/msg/_bottom_track_s.c.o[0m
[ 91%] [32mBuilding C object CMakeFiles/interfaces__rosidl_generator_py.dir/rosidl_generator_py/interfaces/msg/_current_profile_s.c.o[0m
[ 91%] [32mBuilding C object CMakeFiles/interfaces__rosidl_generator_py.dir/rosidl_generator_py/interfaces/msg/_field_calibration_s.c.o[0m
[ 91%] [32mBuilding C object CMakeFiles/interfaces__rosidl_generator_py.dir/rosidl_generator_py/interfaces/msg/_magnetometer_s.c.o[0m
[ 92%] [32mBuilding C object CMakeFiles/interfaces__rosidl_generator_py.dir/rosidl_generator_py/interfaces/msg/_imu_s.c.o[0m
[ 93%] [32mBuilding C object CMakeFiles/interfaces__rosidl_generator_py.dir/rosidl_generator_py/interfaces/msg/_ahrs_s.c.o[0m
[ 94%] [32mBuilding C object CMakeFiles/interfaces__rosidl_generator_py.dir/rosidl_generator_py/interfaces/msg/_altimeter_s.c.o[0m
[ 95%] [32mBuilding C object CMakeFiles/interfaces__rosidl_generator_py.dir/rosidl_generator_py/interfaces/msg/_ins_s.c.o[0m
[ 96%] [32m[1mLinking C shared library rosidl_generator_py/interfaces/libinterfaces__rosidl_generator_py.so[0m
[ 96%] Built target interfaces__rosidl_generator_py
[ 97%] [32mBuilding C object CMakeFiles/interfaces__rosidl_typesupport_c__pyext.dir/rosidl_generator_py/interfaces/_interfaces_s.ep.rosidl_typesupport_c.c.o[0m
[ 99%] [32mBuilding C object CMakeFiles/interfaces__rosidl_typesupport_introspection_c__pyext.dir/rosidl_generator_py/interfaces/_interfaces_s.ep.rosidl_typesupport_introspection_c.c.o[0m
[ 99%] [32mBuilding C object CMakeFiles/interfaces__rosidl_typesupport_fastrtps_c__pyext.dir/rosidl_generator_py/interfaces/_interfaces_s.ep.rosidl_typesupport_fastrtps_c.c.o[0m
[ 99%] [32m[1mLinking C shared library rosidl_generator_py/interfaces/interfaces_s__rosidl_typesupport_c.cpython-310-x86_64-linux-gnu.so[0m
[ 99%] [32m[1mLinking C shared library rosidl_generator_py/interfaces/interfaces_s__rosidl_typesupport_fastrtps_c.cpython-310-x86_64-linux-gnu.so[0m
[100%] [32m[1mLinking C shared library rosidl_generator_py/interfaces/interfaces_s__rosidl_typesupport_introspection_c.cpython-310-x86_64-linux-gnu.so[0m
[100%] Built target interfaces__rosidl_typesupport_fastrtps_c__pyext
[100%] Built target interfaces__rosidl_typesupport_c__pyext
[100%] Built target interfaces__rosidl_typesupport_introspection_c__pyext
-- Install configuration: ""
-- Execute custom install script
-- Symlinking: /home/frfusera/ros2_ws/nortek_ws/install/interfaces/share/ament_index/resource_index/rosidl_interfaces/interfaces
-- Symlinking: /home/frfusera/ros2_ws/nortek_ws/install/interfaces/include/interfaces/interfaces/msg/ahrs.h
-- Symlinking: /home/frfusera/ros2_ws/nortek_ws/install/interfaces/include/interfaces/interfaces/msg/altimeter.h
-- Symlinking: /home/frfusera/ros2_ws/nortek_ws/install/interfaces/include/interfaces/interfaces/msg/bottom_track.h
-- Symlinking: /home/frfusera/ros2_ws/nortek_ws/install/interfaces/include/interfaces/interfaces/msg/current_profile.h
-- Symlinking: /home/frfusera/ros2_ws/nortek_ws/install/interfaces/include/interfaces/interfaces/msg/detail/ahrs__functions.h
-- Symlinking: /home/frfusera/ros2_ws/nortek_ws/install/interfaces/include/interfaces/interfaces/msg/detail/ahrs__struct.h
-- Symlinking: /home/frfusera/ros2_ws/nortek_ws/install/interfaces/include/interfaces/interfaces/msg/detail/ahrs__type_support.h
-- Symlinking: /home/frfusera/ros2_ws/nortek_ws/install/interfaces/include/interfaces/interfaces/msg/detail/altimeter__functions.h
-- Symlinking: /home/frfusera/ros2_ws/nortek_ws/install/interfaces/include/interfaces/interfaces/msg/detail/altimeter__struct.h
-- Symlinking: /home/frfusera/ros2_ws/nortek_ws/install/interfaces/include/interfaces/interfaces/msg/detail/altimeter__type_support.h
-- Symlinking: /home/frfusera/ros2_ws/nortek_ws/install/interfaces/include/interfaces/interfaces/msg/detail/bottom_track__functions.h
-- Symlinking: /home/frfusera/ros2_ws/nortek_ws/install/interfaces/include/interfaces/interfaces/msg/detail/bottom_track__struct.h
-- Symlinking: /home/frfusera/ros2_ws/nortek_ws/install/interfaces/include/interfaces/interfaces/msg/detail/bottom_track__type_support.h
-- Symlinking: /home/frfusera/ros2_ws/nortek_ws/install/interfaces/include/interfaces/interfaces/msg/detail/current_profile__functions.h
-- Symlinking: /home/frfusera/ros2_ws/nortek_ws/install/interfaces/include/interfaces/interfaces/msg/detail/current_profile__struct.h
-- Symlinking: /home/frfusera/ros2_ws/nortek_ws/install/interfaces/include/interfaces/interfaces/msg/detail/current_profile__type_support.h
-- Symlinking: /home/frfusera/ros2_ws/nortek_ws/install/interfaces/include/interfaces/interfaces/msg/detail/field_calibration__functions.h
-- Symlinking: /home/frfusera/ros2_ws/nortek_ws/install/interfaces/include/interfaces/interfaces/msg/detail/field_calibration__struct.h
-- Symlinking: /home/frfusera/ros2_ws/nortek_ws/install/interfaces/include/interfaces/interfaces/msg/detail/field_calibration__type_support.h
-- Symlinking: /home/frfusera/ros2_ws/nortek_ws/install/interfaces/include/interfaces/interfaces/msg/detail/imu__functions.h
-- Symlinking: /home/frfusera/ros2_ws/nortek_ws/install/interfaces/include/interfaces/interfaces/msg/detail/imu__struct.h
-- Symlinking: /home/frfusera/ros2_ws/nortek_ws/install/interfaces/include/interfaces/interfaces/msg/detail/imu__type_support.h
-- Symlinking: /home/frfusera/ros2_ws/nortek_ws/install/interfaces/include/interfaces/interfaces/msg/detail/ins__functions.h
-- Symlinking: /home/frfusera/ros2_ws/nortek_ws/install/interfaces/include/interfaces/interfaces/msg/detail/ins__struct.h
-- Symlinking: /home/frfusera/ros2_ws/nortek_ws/install/interfaces/include/interfaces/interfaces/msg/detail/ins__type_support.h
-- Symlinking: /home/frfusera/ros2_ws/nortek_ws/install/interfaces/include/interfaces/interfaces/msg/detail/magnetometer__functions.h
-- Symlinking: /home/frfusera/ros2_ws/nortek_ws/install/interfaces/include/interfaces/interfaces/msg/detail/magnetometer__struct.h
-- Symlinking: /home/frfusera/ros2_ws/nortek_ws/install/interfaces/include/interfaces/interfaces/msg/detail/magnetometer__type_support.h
-- Symlinking: /home/frfusera/ros2_ws/nortek_ws/install/interfaces/include/interfaces/interfaces/msg/detail/water_track__functions.h
-- Symlinking: /home/frfusera/ros2_ws/nortek_ws/install/interfaces/include/interfaces/interfaces/msg/detail/water_track__struct.h
-- Symlinking: /home/frfusera/ros2_ws/nortek_ws/install/interfaces/include/interfaces/interfaces/msg/detail/water_track__type_support.h
-- Symlinking: /home/frfusera/ros2_ws/nortek_ws/install/interfaces/include/interfaces/interfaces/msg/field_calibration.h
-- Symlinking: /home/frfusera/ros2_ws/nortek_ws/install/interfaces/include/interfaces/interfaces/msg/imu.h
-- Symlinking: /home/frfusera/ros2_ws/nortek_ws/install/interfaces/include/interfaces/interfaces/msg/ins.h
-- Symlinking: /home/frfusera/ros2_ws/nortek_ws/install/interfaces/include/interfaces/interfaces/msg/magnetometer.h
-- Symlinking: /home/frfusera/ros2_ws/nortek_ws/install/interfaces/include/interfaces/interfaces/msg/rosidl_generator_c__visibility_control.h
-- Symlinking: /home/frfusera/ros2_ws/nortek_ws/install/interfaces/include/interfaces/interfaces/msg/water_track.h
-- Symlinking: /home/frfusera/ros2_ws/nortek_ws/install/interfaces/include/interfaces/interfaces/srv/command.h
-- Symlinking: /home/frfusera/ros2_ws/nortek_ws/install/interfaces/include/interfaces/interfaces/srv/connect_serial.h
-- Symlinking: /home/frfusera/ros2_ws/nortek_ws/install/interfaces/include/interfaces/interfaces/srv/connect_tcp.h
-- Symlinking: /home/frfusera/ros2_ws/nortek_ws/install/interfaces/include/interfaces/interfaces/srv/detail/command__functions.h
-- Symlinking: /home/frfusera/ros2_ws/nortek_ws/install/interfaces/include/interfaces/interfaces/srv/detail/command__struct.h
-- Symlinking: /home/frfusera/ros2_ws/nortek_ws/install/interfaces/include/interfaces/interfaces/srv/detail/command__type_support.h
-- Symlinking: /home/frfusera/ros2_ws/nortek_ws/install/interfaces/include/interfaces/interfaces/srv/detail/connect_serial__functions.h
-- Symlinking: /home/frfusera/ros2_ws/nortek_ws/install/interfaces/include/interfaces/interfaces/srv/detail/connect_serial__struct.h
-- Symlinking: /home/frfusera/ros2_ws/nortek_ws/install/interfaces/include/interfaces/interfaces/srv/detail/connect_serial__type_support.h
-- Symlinking: /home/frfusera/ros2_ws/nortek_ws/install/interfaces/include/interfaces/interfaces/srv/detail/connect_tcp__functions.h
-- Symlinking: /home/frfusera/ros2_ws/nortek_ws/install/interfaces/include/interfaces/interfaces/srv/detail/connect_tcp__struct.h
-- Symlinking: /home/frfusera/ros2_ws/nortek_ws/install/interfaces/include/interfaces/interfaces/srv/detail/connect_tcp__type_support.h
-- Symlinking: /home/frfusera/ros2_ws/nortek_ws/install/interfaces/include/interfaces/interfaces/srv/detail/disconnect__functions.h
-- Symlinking: /home/frfusera/ros2_ws/nortek_ws/install/interfaces/include/interfaces/interfaces/srv/detail/disconnect__struct.h
-- Symlinking: /home/frfusera/ros2_ws/nortek_ws/install/interfaces/include/interfaces/interfaces/srv/detail/disconnect__type_support.h
-- Symlinking: /home/frfusera/ros2_ws/nortek_ws/install/interfaces/include/interfaces/interfaces/srv/detail/start__functions.h
-- Symlinking: /home/frfusera/ros2_ws/nortek_ws/install/interfaces/include/interfaces/interfaces/srv/detail/start__struct.h
-- Symlinking: /home/frfusera/ros2_ws/nortek_ws/install/interfaces/include/interfaces/interfaces/srv/detail/start__type_support.h
-- Symlinking: /home/frfusera/ros2_ws/nortek_ws/install/interfaces/include/interfaces/interfaces/srv/detail/start_field_calibration__functions.h
-- Symlinking: /home/frfusera/ros2_ws/nortek_ws/install/interfaces/include/interfaces/interfaces/srv/detail/start_field_calibration__struct.h
-- Symlinking: /home/frfusera/ros2_ws/nortek_ws/install/interfaces/include/interfaces/interfaces/srv/detail/start_field_calibration__type_support.h
-- Symlinking: /home/frfusera/ros2_ws/nortek_ws/install/interfaces/include/interfaces/interfaces/srv/detail/stop__functions.h
-- Symlinking: /home/frfusera/ros2_ws/nortek_ws/install/interfaces/include/interfaces/interfaces/srv/detail/stop__struct.h
-- Symlinking: /home/frfusera/ros2_ws/nortek_ws/install/interfaces/include/interfaces/interfaces/srv/detail/stop__type_support.h
-- Symlinking: /home/frfusera/ros2_ws/nortek_ws/install/interfaces/include/interfaces/interfaces/srv/disconnect.h
-- Symlinking: /home/frfusera/ros2_ws/nortek_ws/install/interfaces/include/interfaces/interfaces/srv/start.h
-- Symlinking: /home/frfusera/ros2_ws/nortek_ws/install/interfaces/include/interfaces/interfaces/srv/start_field_calibration.h
-- Symlinking: /home/frfusera/ros2_ws/nortek_ws/install/interfaces/include/interfaces/interfaces/srv/stop.h
-- Symlinking: /home/frfusera/ros2_ws/nortek_ws/install/interfaces/share/interfaces/environment/library_path.sh
-- Symlinking: /home/frfusera/ros2_ws/nortek_ws/install/interfaces/share/interfaces/environment/library_path.dsv
-- Symlinking: /home/frfusera/ros2_ws/nortek_ws/install/interfaces/include/interfaces/interfaces/msg/detail/ahrs__rosidl_typesupport_fastrtps_c.h
-- Symlinking: /home/frfusera/ros2_ws/nortek_ws/install/interfaces/include/interfaces/interfaces/msg/detail/altimeter__rosidl_typesupport_fastrtps_c.h
-- Symlinking: /home/frfusera/ros2_ws/nortek_ws/install/interfaces/include/interfaces/interfaces/msg/detail/bottom_track__rosidl_typesupport_fastrtps_c.h
-- Symlinking: /home/frfusera/ros2_ws/nortek_ws/install/interfaces/include/interfaces/interfaces/msg/detail/current_profile__rosidl_typesupport_fastrtps_c.h
-- Symlinking: /home/frfusera/ros2_ws/nortek_ws/install/interfaces/include/interfaces/interfaces/msg/detail/field_calibration__rosidl_typesupport_fastrtps_c.h
-- Symlinking: /home/frfusera/ros2_ws/nortek_ws/install/interfaces/include/interfaces/interfaces/msg/detail/imu__rosidl_typesupport_fastrtps_c.h
-- Symlinking: /home/frfusera/ros2_ws/nortek_ws/install/interfaces/include/interfaces/interfaces/msg/detail/ins__rosidl_typesupport_fastrtps_c.h
-- Symlinking: /home/frfusera/ros2_ws/nortek_ws/install/interfaces/include/interfaces/interfaces/msg/detail/magnetometer__rosidl_typesupport_fastrtps_c.h
-- Symlinking: /home/frfusera/ros2_ws/nortek_ws/install/interfaces/include/interfaces/interfaces/msg/detail/water_track__rosidl_typesupport_fastrtps_c.h
-- Symlinking: /home/frfusera/ros2_ws/nortek_ws/install/interfaces/include/interfaces/interfaces/msg/rosidl_typesupport_fastrtps_c__visibility_control.h
-- Symlinking: /home/frfusera/ros2_ws/nortek_ws/install/interfaces/include/interfaces/interfaces/srv/detail/command__rosidl_typesupport_fastrtps_c.h
-- Symlinking: /home/frfusera/ros2_ws/nortek_ws/install/interfaces/include/interfaces/interfaces/srv/detail/connect_serial__rosidl_typesupport_fastrtps_c.h
-- Symlinking: /home/frfusera/ros2_ws/nortek_ws/install/interfaces/include/interfaces/interfaces/srv/detail/connect_tcp__rosidl_typesupport_fastrtps_c.h
-- Symlinking: /home/frfusera/ros2_ws/nortek_ws/install/interfaces/include/interfaces/interfaces/srv/detail/disconnect__rosidl_typesupport_fastrtps_c.h
-- Symlinking: /home/frfusera/ros2_ws/nortek_ws/install/interfaces/include/interfaces/interfaces/srv/detail/start__rosidl_typesupport_fastrtps_c.h
-- Symlinking: /home/frfusera/ros2_ws/nortek_ws/install/interfaces/include/interfaces/interfaces/srv/detail/start_field_calibration__rosidl_typesupport_fastrtps_c.h
-- Symlinking: /home/frfusera/ros2_ws/nortek_ws/install/interfaces/include/interfaces/interfaces/srv/detail/stop__rosidl_typesupport_fastrtps_c.h
-- Symlinking: /home/frfusera/ros2_ws/nortek_ws/install/interfaces/include/interfaces/interfaces/msg/detail/ahrs__rosidl_typesupport_introspection_c.h
-- Symlinking: /home/frfusera/ros2_ws/nortek_ws/install/interfaces/include/interfaces/interfaces/msg/detail/altimeter__rosidl_typesupport_introspection_c.h
-- Symlinking: /home/frfusera/ros2_ws/nortek_ws/install/interfaces/include/interfaces/interfaces/msg/detail/bottom_track__rosidl_typesupport_introspection_c.h
-- Symlinking: /home/frfusera/ros2_ws/nortek_ws/install/interfaces/include/interfaces/interfaces/msg/detail/current_profile__rosidl_typesupport_introspection_c.h
-- Symlinking: /home/frfusera/ros2_ws/nortek_ws/install/interfaces/include/interfaces/interfaces/msg/detail/field_calibration__rosidl_typesupport_introspection_c.h
-- Symlinking: /home/frfusera/ros2_ws/nortek_ws/install/interfaces/include/interfaces/interfaces/msg/detail/imu__rosidl_typesupport_introspection_c.h
-- Symlinking: /home/frfusera/ros2_ws/nortek_ws/install/interfaces/include/interfaces/interfaces/msg/detail/ins__rosidl_typesupport_introspection_c.h
-- Symlinking: /home/frfusera/ros2_ws/nortek_ws/install/interfaces/include/interfaces/interfaces/msg/detail/magnetometer__rosidl_typesupport_introspection_c.h
-- Symlinking: /home/frfusera/ros2_ws/nortek_ws/install/interfaces/include/interfaces/interfaces/msg/detail/water_track__rosidl_typesupport_introspection_c.h
-- Symlinking: /home/frfusera/ros2_ws/nortek_ws/install/interfaces/include/interfaces/interfaces/msg/rosidl_typesupport_introspection_c__visibility_control.h
-- Symlinking: /home/frfusera/ros2_ws/nortek_ws/install/interfaces/include/interfaces/interfaces/srv/detail/command__rosidl_typesupport_introspection_c.h
-- Symlinking: /home/frfusera/ros2_ws/nortek_ws/install/interfaces/include/interfaces/interfaces/srv/detail/connect_serial__rosidl_typesupport_introspection_c.h
-- Symlinking: /home/frfusera/ros2_ws/nortek_ws/install/interfaces/include/interfaces/interfaces/srv/detail/connect_tcp__rosidl_typesupport_introspection_c.h
-- Symlinking: /home/frfusera/ros2_ws/nortek_ws/install/interfaces/include/interfaces/interfaces/srv/detail/disconnect__rosidl_typesupport_introspection_c.h
-- Symlinking: /home/frfusera/ros2_ws/nortek_ws/install/interfaces/include/interfaces/interfaces/srv/detail/start__rosidl_typesupport_introspection_c.h
-- Symlinking: /home/frfusera/ros2_ws/nortek_ws/install/interfaces/include/interfaces/interfaces/srv/detail/start_field_calibration__rosidl_typesupport_introspection_c.h
-- Symlinking: /home/frfusera/ros2_ws/nortek_ws/install/interfaces/include/interfaces/interfaces/srv/detail/stop__rosidl_typesupport_introspection_c.h
-- Symlinking: /home/frfusera/ros2_ws/nortek_ws/install/interfaces/include/interfaces/interfaces/msg/ahrs.hpp
-- Symlinking: /home/frfusera/ros2_ws/nortek_ws/install/interfaces/include/interfaces/interfaces/msg/altimeter.hpp
-- Symlinking: /home/frfusera/ros2_ws/nortek_ws/install/interfaces/include/interfaces/interfaces/msg/bottom_track.hpp
-- Symlinking: /home/frfusera/ros2_ws/nortek_ws/install/interfaces/include/interfaces/interfaces/msg/current_profile.hpp
-- Symlinking: /home/frfusera/ros2_ws/nortek_ws/install/interfaces/include/interfaces/interfaces/msg/detail/ahrs__builder.hpp
-- Symlinking: /home/frfusera/ros2_ws/nortek_ws/install/interfaces/include/interfaces/interfaces/msg/detail/ahrs__struct.hpp
-- Symlinking: /home/frfusera/ros2_ws/nortek_ws/install/interfaces/include/interfaces/interfaces/msg/detail/ahrs__traits.hpp
-- Symlinking: /home/frfusera/ros2_ws/nortek_ws/install/interfaces/include/interfaces/interfaces/msg/detail/ahrs__type_support.hpp
-- Symlinking: /home/frfusera/ros2_ws/nortek_ws/install/interfaces/include/interfaces/interfaces/msg/detail/altimeter__builder.hpp
-- Symlinking: /home/frfusera/ros2_ws/nortek_ws/install/interfaces/include/interfaces/interfaces/msg/detail/altimeter__struct.hpp
-- Symlinking: /home/frfusera/ros2_ws/nortek_ws/install/interfaces/include/interfaces/interfaces/msg/detail/altimeter__traits.hpp
-- Symlinking: /home/frfusera/ros2_ws/nortek_ws/install/interfaces/include/interfaces/interfaces/msg/detail/altimeter__type_support.hpp
-- Symlinking: /home/frfusera/ros2_ws/nortek_ws/install/interfaces/include/interfaces/interfaces/msg/detail/bottom_track__builder.hpp
-- Symlinking: /home/frfusera/ros2_ws/nortek_ws/install/interfaces/include/interfaces/interfaces/msg/detail/bottom_track__struct.hpp
-- Symlinking: /home/frfusera/ros2_ws/nortek_ws/install/interfaces/include/interfaces/interfaces/msg/detail/bottom_track__traits.hpp
-- Symlinking: /home/frfusera/ros2_ws/nortek_ws/install/interfaces/include/interfaces/interfaces/msg/detail/bottom_track__type_support.hpp
-- Symlinking: /home/frfusera/ros2_ws/nortek_ws/install/interfaces/include/interfaces/interfaces/msg/detail/current_profile__builder.hpp
-- Symlinking: /home/frfusera/ros2_ws/nortek_ws/install/interfaces/include/interfaces/interfaces/msg/detail/current_profile__struct.hpp
-- Symlinking: /home/frfusera/ros2_ws/nortek_ws/install/interfaces/include/interfaces/interfaces/msg/detail/current_profile__traits.hpp
-- Symlinking: /home/frfusera/ros2_ws/nortek_ws/install/interfaces/include/interfaces/interfaces/msg/detail/current_profile__type_support.hpp
-- Symlinking: /home/frfusera/ros2_ws/nortek_ws/install/interfaces/include/interfaces/interfaces/msg/detail/field_calibration__builder.hpp
-- Symlinking: /home/frfusera/ros2_ws/nortek_ws/install/interfaces/include/interfaces/interfaces/msg/detail/field_calibration__struct.hpp
-- Symlinking: /home/frfusera/ros2_ws/nortek_ws/install/interfaces/include/interfaces/interfaces/msg/detail/field_calibration__traits.hpp
-- Symlinking: /home/frfusera/ros2_ws/nortek_ws/install/interfaces/include/interfaces/interfaces/msg/detail/field_calibration__type_support.hpp
-- Symlinking: /home/frfusera/ros2_ws/nortek_ws/install/interfaces/include/interfaces/interfaces/msg/detail/imu__builder.hpp
-- Symlinking: /home/frfusera/ros2_ws/nortek_ws/install/interfaces/include/interfaces/interfaces/msg/detail/imu__struct.hpp
-- Symlinking: /home/frfusera/ros2_ws/nortek_ws/install/interfaces/include/interfaces/interfaces/msg/detail/imu__traits.hpp
-- Symlinking: /home/frfusera/ros2_ws/nortek_ws/install/interfaces/include/interfaces/interfaces/msg/detail/imu__type_support.hpp
-- Symlinking: /home/frfusera/ros2_ws/nortek_ws/install/interfaces/include/interfaces/interfaces/msg/detail/ins__builder.hpp
-- Symlinking: /home/frfusera/ros2_ws/nortek_ws/install/interfaces/include/interfaces/interfaces/msg/detail/ins__struct.hpp
-- Symlinking: /home/frfusera/ros2_ws/nortek_ws/install/interfaces/include/interfaces/interfaces/msg/detail/ins__traits.hpp
-- Symlinking: /home/frfusera/ros2_ws/nortek_ws/install/interfaces/include/interfaces/interfaces/msg/detail/ins__type_support.hpp
-- Symlinking: /home/frfusera/ros2_ws/nortek_ws/install/interfaces/include/interfaces/interfaces/msg/detail/magnetometer__builder.hpp
-- Symlinking: /home/frfusera/ros2_ws/nortek_ws/install/interfaces/include/interfaces/interfaces/msg/detail/magnetometer__struct.hpp
-- Symlinking: /home/frfusera/ros2_ws/nortek_ws/install/interfaces/include/interfaces/interfaces/msg/detail/magnetometer__traits.hpp
-- Symlinking: /home/frfusera/ros2_ws/nortek_ws/install/interfaces/include/interfaces/interfaces/msg/detail/magnetometer__type_support.hpp
-- Symlinking: /home/frfusera/ros2_ws/nortek_ws/install/interfaces/include/interfaces/interfaces/msg/detail/water_track__builder.hpp
-- Symlinking: /home/frfusera/ros2_ws/nortek_ws/install/interfaces/include/interfaces/interfaces/msg/detail/water_track__struct.hpp
-- Symlinking: /home/frfusera/ros2_ws/nortek_ws/install/interfaces/include/interfaces/interfaces/msg/detail/water_track__traits.hpp
-- Symlinking: /home/frfusera/ros2_ws/nortek_ws/install/interfaces/include/interfaces/interfaces/msg/detail/water_track__type_support.hpp
-- Symlinking: /home/frfusera/ros2_ws/nortek_ws/install/interfaces/include/interfaces/interfaces/msg/field_calibration.hpp
-- Symlinking: /home/frfusera/ros2_ws/nortek_ws/install/interfaces/include/interfaces/interfaces/msg/imu.hpp
-- Symlinking: /home/frfusera/ros2_ws/nortek_ws/install/interfaces/include/interfaces/interfaces/msg/ins.hpp
-- Symlinking: /home/frfusera/ros2_ws/nortek_ws/install/interfaces/include/interfaces/interfaces/msg/magnetometer.hpp
-- Symlinking: /home/frfusera/ros2_ws/nortek_ws/install/interfaces/include/interfaces/interfaces/msg/rosidl_generator_cpp__visibility_control.hpp
-- Symlinking: /home/frfusera/ros2_ws/nortek_ws/install/interfaces/include/interfaces/interfaces/msg/water_track.hpp
-- Symlinking: /home/frfusera/ros2_ws/nortek_ws/install/interfaces/include/interfaces/interfaces/srv/command.hpp
-- Symlinking: /home/frfusera/ros2_ws/nortek_ws/install/interfaces/include/interfaces/interfaces/srv/connect_serial.hpp
-- Symlinking: /home/frfusera/ros2_ws/nortek_ws/install/interfaces/include/interfaces/interfaces/srv/connect_tcp.hpp
-- Symlinking: /home/frfusera/ros2_ws/nortek_ws/install/interfaces/include/interfaces/interfaces/srv/detail/command__builder.hpp
-- Symlinking: /home/frfusera/ros2_ws/nortek_ws/install/interfaces/include/interfaces/interfaces/srv/detail/command__struct.hpp
-- Symlinking: /home/frfusera/ros2_ws/nortek_ws/install/interfaces/include/interfaces/interfaces/srv/detail/command__traits.hpp
-- Symlinking: /home/frfusera/ros2_ws/nortek_ws/install/interfaces/include/interfaces/interfaces/srv/detail/command__type_support.hpp
-- Symlinking: /home/frfusera/ros2_ws/nortek_ws/install/interfaces/include/interfaces/interfaces/srv/detail/connect_serial__builder.hpp
-- Symlinking: /home/frfusera/ros2_ws/nortek_ws/install/interfaces/include/interfaces/interfaces/srv/detail/connect_serial__struct.hpp
-- Symlinking: /home/frfusera/ros2_ws/nortek_ws/install/interfaces/include/interfaces/interfaces/srv/detail/connect_serial__traits.hpp
-- Symlinking: /home/frfusera/ros2_ws/nortek_ws/install/interfaces/include/interfaces/interfaces/srv/detail/connect_serial__type_support.hpp
-- Symlinking: /home/frfusera/ros2_ws/nortek_ws/install/interfaces/include/interfaces/interfaces/srv/detail/connect_tcp__builder.hpp
-- Symlinking: /home/frfusera/ros2_ws/nortek_ws/install/interfaces/include/interfaces/interfaces/srv/detail/connect_tcp__struct.hpp
-- Symlinking: /home/frfusera/ros2_ws/nortek_ws/install/interfaces/include/interfaces/interfaces/srv/detail/connect_tcp__traits.hpp
-- Symlinking: /home/frfusera/ros2_ws/nortek_ws/install/interfaces/include/interfaces/interfaces/srv/detail/connect_tcp__type_support.hpp
-- Symlinking: /home/frfusera/ros2_ws/nortek_ws/install/interfaces/include/interfaces/interfaces/srv/detail/disconnect__builder.hpp
-- Symlinking: /home/frfusera/ros2_ws/nortek_ws/install/interfaces/include/interfaces/interfaces/srv/detail/disconnect__struct.hpp
-- Symlinking: /home/frfusera/ros2_ws/nortek_ws/install/interfaces/include/interfaces/interfaces/srv/detail/disconnect__traits.hpp
-- Symlinking: /home/frfusera/ros2_ws/nortek_ws/install/interfaces/include/interfaces/interfaces/srv/detail/disconnect__type_support.hpp
-- Symlinking: /home/frfusera/ros2_ws/nortek_ws/install/interfaces/include/interfaces/interfaces/srv/detail/start__builder.hpp
-- Symlinking: /home/frfusera/ros2_ws/nortek_ws/install/interfaces/include/interfaces/interfaces/srv/detail/start__struct.hpp
-- Symlinking: /home/frfusera/ros2_ws/nortek_ws/install/interfaces/include/interfaces/interfaces/srv/detail/start__traits.hpp
-- Symlinking: /home/frfusera/ros2_ws/nortek_ws/install/interfaces/include/interfaces/interfaces/srv/detail/start__type_support.hpp
-- Symlinking: /home/frfusera/ros2_ws/nortek_ws/install/interfaces/include/interfaces/interfaces/srv/detail/start_field_calibration__builder.hpp
-- Symlinking: /home/frfusera/ros2_ws/nortek_ws/install/interfaces/include/interfaces/interfaces/srv/detail/start_field_calibration__struct.hpp
-- Symlinking: /home/frfusera/ros2_ws/nortek_ws/install/interfaces/include/interfaces/interfaces/srv/detail/start_field_calibration__traits.hpp
-- Symlinking: /home/frfusera/ros2_ws/nortek_ws/install/interfaces/include/interfaces/interfaces/srv/detail/start_field_calibration__type_support.hpp
-- Symlinking: /home/frfusera/ros2_ws/nortek_ws/install/interfaces/include/interfaces/interfaces/srv/detail/stop__builder.hpp
-- Symlinking: /home/frfusera/ros2_ws/nortek_ws/install/interfaces/include/interfaces/interfaces/srv/detail/stop__struct.hpp
-- Symlinking: /home/frfusera/ros2_ws/nortek_ws/install/interfaces/include/interfaces/interfaces/srv/detail/stop__traits.hpp
-- Symlinking: /home/frfusera/ros2_ws/nortek_ws/install/interfaces/include/interfaces/interfaces/srv/detail/stop__type_support.hpp
-- Symlinking: /home/frfusera/ros2_ws/nortek_ws/install/interfaces/include/interfaces/interfaces/srv/disconnect.hpp
-- Symlinking: /home/frfusera/ros2_ws/nortek_ws/install/interfaces/include/interfaces/interfaces/srv/start.hpp
-- Symlinking: /home/frfusera/ros2_ws/nortek_ws/install/interfaces/include/interfaces/interfaces/srv/start_field_calibration.hpp
-- Symlinking: /home/frfusera/ros2_ws/nortek_ws/install/interfaces/include/interfaces/interfaces/srv/stop.hpp
-- Symlinking: /home/frfusera/ros2_ws/nortek_ws/install/interfaces/include/interfaces/interfaces/msg/detail/ahrs__rosidl_typesupport_fastrtps_cpp.hpp
-- Symlinking: /home/frfusera/ros2_ws/nortek_ws/install/interfaces/include/interfaces/interfaces/msg/detail/altimeter__rosidl_typesupport_fastrtps_cpp.hpp
-- Symlinking: /home/frfusera/ros2_ws/nortek_ws/install/interfaces/include/interfaces/interfaces/msg/detail/bottom_track__rosidl_typesupport_fastrtps_cpp.hpp
-- Symlinking: /home/frfusera/ros2_ws/nortek_ws/install/interfaces/include/interfaces/interfaces/msg/detail/current_profile__rosidl_typesupport_fastrtps_cpp.hpp
-- Symlinking: /home/frfusera/ros2_ws/nortek_ws/install/interfaces/include/interfaces/interfaces/msg/detail/field_calibration__rosidl_typesupport_fastrtps_cpp.hpp
-- Symlinking: /home/frfusera/ros2_ws/nortek_ws/install/interfaces/include/interfaces/interfaces/msg/detail/imu__rosidl_typesupport_fastrtps_cpp.hpp
-- Symlinking: /home/frfusera/ros2_ws/nortek_ws/install/interfaces/include/interfaces/interfaces/msg/detail/ins__rosidl_typesupport_fastrtps_cpp.hpp
-- Symlinking: /home/frfusera/ros2_ws/nortek_ws/install/interfaces/include/interfaces/interfaces/msg/detail/magnetometer__rosidl_typesupport_fastrtps_cpp.hpp
-- Symlinking: /home/frfusera/ros2_ws/nortek_ws/install/interfaces/include/interfaces/interfaces/msg/detail/water_track__rosidl_typesupport_fastrtps_cpp.hpp
-- Symlinking: /home/frfusera/ros2_ws/nortek_ws/install/interfaces/include/interfaces/interfaces/msg/rosidl_typesupport_fastrtps_cpp__visibility_control.h
-- Symlinking: /home/frfusera/ros2_ws/nortek_ws/install/interfaces/include/interfaces/interfaces/srv/detail/command__rosidl_typesupport_fastrtps_cpp.hpp
-- Symlinking: /home/frfusera/ros2_ws/nortek_ws/install/interfaces/include/interfaces/interfaces/srv/detail/connect_serial__rosidl_typesupport_fastrtps_cpp.hpp
-- Symlinking: /home/frfusera/ros2_ws/nortek_ws/install/interfaces/include/interfaces/interfaces/srv/detail/connect_tcp__rosidl_typesupport_fastrtps_cpp.hpp
-- Symlinking: /home/frfusera/ros2_ws/nortek_ws/install/interfaces/include/interfaces/interfaces/srv/detail/disconnect__rosidl_typesupport_fastrtps_cpp.hpp
-- Symlinking: /home/frfusera/ros2_ws/nortek_ws/install/interfaces/include/interfaces/interfaces/srv/detail/start__rosidl_typesupport_fastrtps_cpp.hpp
-- Symlinking: /home/frfusera/ros2_ws/nortek_ws/install/interfaces/include/interfaces/interfaces/srv/detail/start_field_calibration__rosidl_typesupport_fastrtps_cpp.hpp
-- Symlinking: /home/frfusera/ros2_ws/nortek_ws/install/interfaces/include/interfaces/interfaces/srv/detail/stop__rosidl_typesupport_fastrtps_cpp.hpp
-- Symlinking: /home/frfusera/ros2_ws/nortek_ws/install/interfaces/include/interfaces/interfaces/msg/detail/ahrs__rosidl_typesupport_introspection_cpp.hpp
-- Symlinking: /home/frfusera/ros2_ws/nortek_ws/install/interfaces/include/interfaces/interfaces/msg/detail/altimeter__rosidl_typesupport_introspection_cpp.hpp
-- Symlinking: /home/frfusera/ros2_ws/nortek_ws/install/interfaces/include/interfaces/interfaces/msg/detail/bottom_track__rosidl_typesupport_introspection_cpp.hpp
-- Symlinking: /home/frfusera/ros2_ws/nortek_ws/install/interfaces/include/interfaces/interfaces/msg/detail/current_profile__rosidl_typesupport_introspection_cpp.hpp
-- Symlinking: /home/frfusera/ros2_ws/nortek_ws/install/interfaces/include/interfaces/interfaces/msg/detail/field_calibration__rosidl_typesupport_introspection_cpp.hpp
-- Symlinking: /home/frfusera/ros2_ws/nortek_ws/install/interfaces/include/interfaces/interfaces/msg/detail/imu__rosidl_typesupport_introspection_cpp.hpp
-- Symlinking: /home/frfusera/ros2_ws/nortek_ws/install/interfaces/include/interfaces/interfaces/msg/detail/ins__rosidl_typesupport_introspection_cpp.hpp
-- Symlinking: /home/frfusera/ros2_ws/nortek_ws/install/interfaces/include/interfaces/interfaces/msg/detail/magnetometer__rosidl_typesupport_introspection_cpp.hpp
-- Symlinking: /home/frfusera/ros2_ws/nortek_ws/install/interfaces/include/interfaces/interfaces/msg/detail/water_track__rosidl_typesupport_introspection_cpp.hpp
-- Symlinking: /home/frfusera/ros2_ws/nortek_ws/install/interfaces/include/interfaces/interfaces/srv/detail/command__rosidl_typesupport_introspection_cpp.hpp
-- Symlinking: /home/frfusera/ros2_ws/nortek_ws/install/interfaces/include/interfaces/interfaces/srv/detail/connect_serial__rosidl_typesupport_introspection_cpp.hpp
-- Symlinking: /home/frfusera/ros2_ws/nortek_ws/install/interfaces/include/interfaces/interfaces/srv/detail/connect_tcp__rosidl_typesupport_introspection_cpp.hpp
-- Symlinking: /home/frfusera/ros2_ws/nortek_ws/install/interfaces/include/interfaces/interfaces/srv/detail/disconnect__rosidl_typesupport_introspection_cpp.hpp
-- Symlinking: /home/frfusera/ros2_ws/nortek_ws/install/interfaces/include/interfaces/interfaces/srv/detail/start__rosidl_typesupport_introspection_cpp.hpp
-- Symlinking: /home/frfusera/ros2_ws/nortek_ws/install/interfaces/include/interfaces/interfaces/srv/detail/start_field_calibration__rosidl_typesupport_introspection_cpp.hpp
-- Symlinking: /home/frfusera/ros2_ws/nortek_ws/install/interfaces/include/interfaces/interfaces/srv/detail/stop__rosidl_typesupport_introspection_cpp.hpp
-- Symlinking: /home/frfusera/ros2_ws/nortek_ws/install/interfaces/share/interfaces/environment/pythonpath.sh
-- Symlinking: /home/frfusera/ros2_ws/nortek_ws/install/interfaces/share/interfaces/environment/pythonpath.dsv
-- Symlinking: /home/frfusera/ros2_ws/nortek_ws/install/interfaces/local/lib/python3.10/dist-packages/interfaces-0.1.0-py3.10.egg-info/PKG-INFO
-- Symlinking: /home/frfusera/ros2_ws/nortek_ws/install/interfaces/local/lib/python3.10/dist-packages/interfaces-0.1.0-py3.10.egg-info/SOURCES.txt
-- Symlinking: /home/frfusera/ros2_ws/nortek_ws/install/interfaces/local/lib/python3.10/dist-packages/interfaces-0.1.0-py3.10.egg-info/dependency_links.txt
-- Symlinking: /home/frfusera/ros2_ws/nortek_ws/install/interfaces/local/lib/python3.10/dist-packages/interfaces-0.1.0-py3.10.egg-info/top_level.txt
-- Symlinking: /home/frfusera/ros2_ws/nortek_ws/install/interfaces/local/lib/python3.10/dist-packages/interfaces/__init__.py
-- Symlinking: /home/frfusera/ros2_ws/nortek_ws/install/interfaces/local/lib/python3.10/dist-packages/interfaces/_interfaces_s.ep.rosidl_typesupport_c.c
-- Symlinking: /home/frfusera/ros2_ws/nortek_ws/install/interfaces/local/lib/python3.10/dist-packages/interfaces/_interfaces_s.ep.rosidl_typesupport_fastrtps_c.c
-- Symlinking: /home/frfusera/ros2_ws/nortek_ws/install/interfaces/local/lib/python3.10/dist-packages/interfaces/_interfaces_s.ep.rosidl_typesupport_introspection_c.c
-- Symlinking: /home/frfusera/ros2_ws/nortek_ws/install/interfaces/local/lib/python3.10/dist-packages/interfaces/interfaces_s__rosidl_typesupport_c.cpython-310-x86_64-linux-gnu.so
-- Symlinking: /home/frfusera/ros2_ws/nortek_ws/install/interfaces/local/lib/python3.10/dist-packages/interfaces/interfaces_s__rosidl_typesupport_fastrtps_c.cpython-310-x86_64-linux-gnu.so
-- Symlinking: /home/frfusera/ros2_ws/nortek_ws/install/interfaces/local/lib/python3.10/dist-packages/interfaces/interfaces_s__rosidl_typesupport_introspection_c.cpython-310-x86_64-linux-gnu.so
-- Symlinking: /home/frfusera/ros2_ws/nortek_ws/install/interfaces/local/lib/python3.10/dist-packages/interfaces/libinterfaces__rosidl_generator_py.so
-- Symlinking: /home/frfusera/ros2_ws/nortek_ws/install/interfaces/local/lib/python3.10/dist-packages/interfaces/msg/__init__.py
-- Symlinking: /home/frfusera/ros2_ws/nortek_ws/install/interfaces/local/lib/python3.10/dist-packages/interfaces/msg/_ahrs.py
-- Symlinking: /home/frfusera/ros2_ws/nortek_ws/install/interfaces/local/lib/python3.10/dist-packages/interfaces/msg/_ahrs_s.c
-- Symlinking: /home/frfusera/ros2_ws/nortek_ws/install/interfaces/local/lib/python3.10/dist-packages/interfaces/msg/_altimeter.py
-- Symlinking: /home/frfusera/ros2_ws/nortek_ws/install/interfaces/local/lib/python3.10/dist-packages/interfaces/msg/_altimeter_s.c
-- Symlinking: /home/frfusera/ros2_ws/nortek_ws/install/interfaces/local/lib/python3.10/dist-packages/interfaces/msg/_bottom_track.py
-- Symlinking: /home/frfusera/ros2_ws/nortek_ws/install/interfaces/local/lib/python3.10/dist-packages/interfaces/msg/_bottom_track_s.c
-- Symlinking: /home/frfusera/ros2_ws/nortek_ws/install/interfaces/local/lib/python3.10/dist-packages/interfaces/msg/_current_profile.py
-- Symlinking: /home/frfusera/ros2_ws/nortek_ws/install/interfaces/local/lib/python3.10/dist-packages/interfaces/msg/_current_profile_s.c
-- Symlinking: /home/frfusera/ros2_ws/nortek_ws/install/interfaces/local/lib/python3.10/dist-packages/interfaces/msg/_field_calibration.py
-- Symlinking: /home/frfusera/ros2_ws/nortek_ws/install/interfaces/local/lib/python3.10/dist-packages/interfaces/msg/_field_calibration_s.c
-- Symlinking: /home/frfusera/ros2_ws/nortek_ws/install/interfaces/local/lib/python3.10/dist-packages/interfaces/msg/_imu.py
-- Symlinking: /home/frfusera/ros2_ws/nortek_ws/install/interfaces/local/lib/python3.10/dist-packages/interfaces/msg/_imu_s.c
-- Symlinking: /home/frfusera/ros2_ws/nortek_ws/install/interfaces/local/lib/python3.10/dist-packages/interfaces/msg/_ins.py
-- Symlinking: /home/frfusera/ros2_ws/nortek_ws/install/interfaces/local/lib/python3.10/dist-packages/interfaces/msg/_ins_s.c
-- Symlinking: /home/frfusera/ros2_ws/nortek_ws/install/interfaces/local/lib/python3.10/dist-packages/interfaces/msg/_magnetometer.py
-- Symlinking: /home/frfusera/ros2_ws/nortek_ws/install/interfaces/local/lib/python3.10/dist-packages/interfaces/msg/_magnetometer_s.c
-- Symlinking: /home/frfusera/ros2_ws/nortek_ws/install/interfaces/local/lib/python3.10/dist-packages/interfaces/msg/_water_track.py
-- Symlinking: /home/frfusera/ros2_ws/nortek_ws/install/interfaces/local/lib/python3.10/dist-packages/interfaces/msg/_water_track_s.c
-- Symlinking: /home/frfusera/ros2_ws/nortek_ws/install/interfaces/local/lib/python3.10/dist-packages/interfaces/srv/__init__.py
-- Symlinking: /home/frfusera/ros2_ws/nortek_ws/install/interfaces/local/lib/python3.10/dist-packages/interfaces/srv/_command.py
-- Symlinking: /home/frfusera/ros2_ws/nortek_ws/install/interfaces/local/lib/python3.10/dist-packages/interfaces/srv/_command_s.c
-- Symlinking: /home/frfusera/ros2_ws/nortek_ws/install/interfaces/local/lib/python3.10/dist-packages/interfaces/srv/_connect_serial.py
-- Symlinking: /home/frfusera/ros2_ws/nortek_ws/install/interfaces/local/lib/python3.10/dist-packages/interfaces/srv/_connect_serial_s.c
-- Symlinking: /home/frfusera/ros2_ws/nortek_ws/install/interfaces/local/lib/python3.10/dist-packages/interfaces/srv/_connect_tcp.py
-- Symlinking: /home/frfusera/ros2_ws/nortek_ws/install/interfaces/local/lib/python3.10/dist-packages/interfaces/srv/_connect_tcp_s.c
-- Symlinking: /home/frfusera/ros2_ws/nortek_ws/install/interfaces/local/lib/python3.10/dist-packages/interfaces/srv/_disconnect.py
-- Symlinking: /home/frfusera/ros2_ws/nortek_ws/install/interfaces/local/lib/python3.10/dist-packages/interfaces/srv/_disconnect_s.c
-- Symlinking: /home/frfusera/ros2_ws/nortek_ws/install/interfaces/local/lib/python3.10/dist-packages/interfaces/srv/_start.py
-- Symlinking: /home/frfusera/ros2_ws/nortek_ws/install/interfaces/local/lib/python3.10/dist-packages/interfaces/srv/_start_field_calibration.py
-- Symlinking: /home/frfusera/ros2_ws/nortek_ws/install/interfaces/local/lib/python3.10/dist-packages/interfaces/srv/_start_field_calibration_s.c
-- Symlinking: /home/frfusera/ros2_ws/nortek_ws/install/interfaces/local/lib/python3.10/dist-packages/interfaces/srv/_start_s.c
-- Symlinking: /home/frfusera/ros2_ws/nortek_ws/install/interfaces/local/lib/python3.10/dist-packages/interfaces/srv/_stop.py
-- Symlinking: /home/frfusera/ros2_ws/nortek_ws/install/interfaces/local/lib/python3.10/dist-packages/interfaces/srv/_stop_s.c
-- Up-to-date symlink: /home/frfusera/ros2_ws/nortek_ws/install/interfaces/local/lib/python3.10/dist-packages/interfaces/interfaces_s__rosidl_typesupport_fastrtps_c.cpython-310-x86_64-linux-gnu.so
-- Up-to-date symlink: /home/frfusera/ros2_ws/nortek_ws/install/interfaces/local/lib/python3.10/dist-packages/interfaces/interfaces_s__rosidl_typesupport_introspection_c.cpython-310-x86_64-linux-gnu.so
-- Up-to-date symlink: /home/frfusera/ros2_ws/nortek_ws/install/interfaces/local/lib/python3.10/dist-packages/interfaces/interfaces_s__rosidl_typesupport_c.cpython-310-x86_64-linux-gnu.so
-- Symlinking: /home/frfusera/ros2_ws/nortek_ws/install/interfaces/share/interfaces/srv/ConnectSerial.idl
-- Symlinking: /home/frfusera/ros2_ws/nortek_ws/install/interfaces/share/interfaces/srv/ConnectTcp.idl
-- Symlinking: /home/frfusera/ros2_ws/nortek_ws/install/interfaces/share/interfaces/srv/Disconnect.idl
-- Symlinking: /home/frfusera/ros2_ws/nortek_ws/install/interfaces/share/interfaces/srv/Start.idl
-- Symlinking: /home/frfusera/ros2_ws/nortek_ws/install/interfaces/share/interfaces/srv/StartFieldCalibration.idl
-- Symlinking: /home/frfusera/ros2_ws/nortek_ws/install/interfaces/share/interfaces/srv/Stop.idl
-- Symlinking: /home/frfusera/ros2_ws/nortek_ws/install/interfaces/share/interfaces/srv/Command.idl
-- Symlinking: /home/frfusera/ros2_ws/nortek_ws/install/interfaces/share/interfaces/msg/AHRS.idl
-- Symlinking: /home/frfusera/ros2_ws/nortek_ws/install/interfaces/share/interfaces/msg/Altimeter.idl
-- Symlinking: /home/frfusera/ros2_ws/nortek_ws/install/interfaces/share/interfaces/msg/BottomTrack.idl
-- Symlinking: /home/frfusera/ros2_ws/nortek_ws/install/interfaces/share/interfaces/msg/WaterTrack.idl
-- Symlinking: /home/frfusera/ros2_ws/nortek_ws/install/interfaces/share/interfaces/msg/CurrentProfile.idl
-- Symlinking: /home/frfusera/ros2_ws/nortek_ws/install/interfaces/share/interfaces/msg/FieldCalibration.idl
-- Symlinking: /home/frfusera/ros2_ws/nortek_ws/install/interfaces/share/interfaces/msg/IMU.idl
-- Symlinking: /home/frfusera/ros2_ws/nortek_ws/install/interfaces/share/interfaces/msg/INS.idl
-- Symlinking: /home/frfusera/ros2_ws/nortek_ws/install/interfaces/share/interfaces/msg/Magnetometer.idl
-- Symlinking: /home/frfusera/ros2_ws/nortek_ws/install/interfaces/share/interfaces/srv/ConnectSerial.srv
-- Symlinking: /home/frfusera/ros2_ws/nortek_ws/install/interfaces/share/interfaces/srv/ConnectSerial_Request.msg
-- Symlinking: /home/frfusera/ros2_ws/nortek_ws/install/interfaces/share/interfaces/srv/ConnectSerial_Response.msg
-- Symlinking: /home/frfusera/ros2_ws/nortek_ws/install/interfaces/share/interfaces/srv/ConnectTcp.srv
-- Symlinking: /home/frfusera/ros2_ws/nortek_ws/install/interfaces/share/interfaces/srv/ConnectTcp_Request.msg
-- Symlinking: /home/frfusera/ros2_ws/nortek_ws/install/interfaces/share/interfaces/srv/ConnectTcp_Response.msg
-- Symlinking: /home/frfusera/ros2_ws/nortek_ws/install/interfaces/share/interfaces/srv/Disconnect.srv
-- Symlinking: /home/frfusera/ros2_ws/nortek_ws/install/interfaces/share/interfaces/srv/Disconnect_Request.msg
-- Symlinking: /home/frfusera/ros2_ws/nortek_ws/install/interfaces/share/interfaces/srv/Disconnect_Response.msg
-- Symlinking: /home/frfusera/ros2_ws/nortek_ws/install/interfaces/share/interfaces/srv/Start.srv
-- Symlinking: /home/frfusera/ros2_ws/nortek_ws/install/interfaces/share/interfaces/srv/Start_Request.msg
-- Symlinking: /home/frfusera/ros2_ws/nortek_ws/install/interfaces/share/interfaces/srv/Start_Response.msg
-- Symlinking: /home/frfusera/ros2_ws/nortek_ws/install/interfaces/share/interfaces/srv/StartFieldCalibration.srv
-- Symlinking: /home/frfusera/ros2_ws/nortek_ws/install/interfaces/share/interfaces/srv/StartFieldCalibration_Request.msg
-- Symlinking: /home/frfusera/ros2_ws/nortek_ws/install/interfaces/share/interfaces/srv/StartFieldCalibration_Response.msg
-- Symlinking: /home/frfusera/ros2_ws/nortek_ws/install/interfaces/share/interfaces/srv/Stop.srv
-- Symlinking: /home/frfusera/ros2_ws/nortek_ws/install/interfaces/share/interfaces/srv/Stop_Request.msg
-- Symlinking: /home/frfusera/ros2_ws/nortek_ws/install/interfaces/share/interfaces/srv/Stop_Response.msg
-- Symlinking: /home/frfusera/ros2_ws/nortek_ws/install/interfaces/share/interfaces/srv/Command.srv
-- Symlinking: /home/frfusera/ros2_ws/nortek_ws/install/interfaces/share/interfaces/srv/Command_Request.msg
-- Symlinking: /home/frfusera/ros2_ws/nortek_ws/install/interfaces/share/interfaces/srv/Command_Response.msg
-- Symlinking: /home/frfusera/ros2_ws/nortek_ws/install/interfaces/share/interfaces/msg/AHRS.msg
-- Symlinking: /home/frfusera/ros2_ws/nortek_ws/install/interfaces/share/interfaces/msg/Altimeter.msg
-- Symlinking: /home/frfusera/ros2_ws/nortek_ws/install/interfaces/share/interfaces/msg/BottomTrack.msg
-- Symlinking: /home/frfusera/ros2_ws/nortek_ws/install/interfaces/share/interfaces/msg/WaterTrack.msg
-- Symlinking: /home/frfusera/ros2_ws/nortek_ws/install/interfaces/share/interfaces/msg/CurrentProfile.msg
-- Symlinking: /home/frfusera/ros2_ws/nortek_ws/install/interfaces/share/interfaces/msg/FieldCalibration.msg
-- Symlinking: /home/frfusera/ros2_ws/nortek_ws/install/interfaces/share/interfaces/msg/IMU.msg
-- Symlinking: /home/frfusera/ros2_ws/nortek_ws/install/interfaces/share/interfaces/msg/INS.msg
-- Symlinking: /home/frfusera/ros2_ws/nortek_ws/install/interfaces/share/interfaces/msg/Magnetometer.msg
-- Symlinking: /home/frfusera/ros2_ws/nortek_ws/install/interfaces/share/ament_index/resource_index/package_run_dependencies/interfaces
-- Symlinking: /home/frfusera/ros2_ws/nortek_ws/install/interfaces/share/ament_index/resource_index/parent_prefix_path/interfaces
-- Symlinking: /home/frfusera/ros2_ws/nortek_ws/install/interfaces/share/interfaces/environment/ament_prefix_path.sh
-- Symlinking: /home/frfusera/ros2_ws/nortek_ws/install/interfaces/share/interfaces/environment/ament_prefix_path.dsv
-- Symlinking: /home/frfusera/ros2_ws/nortek_ws/install/interfaces/share/interfaces/environment/path.sh
-- Symlinking: /home/frfusera/ros2_ws/nortek_ws/install/interfaces/share/interfaces/environment/path.dsv
-- Symlinking: /home/frfusera/ros2_ws/nortek_ws/install/interfaces/share/interfaces/local_setup.bash
-- Symlinking: /home/frfusera/ros2_ws/nortek_ws/install/interfaces/share/interfaces/local_setup.sh
-- Symlinking: /home/frfusera/ros2_ws/nortek_ws/install/interfaces/share/interfaces/local_setup.zsh
-- Symlinking: /home/frfusera/ros2_ws/nortek_ws/install/interfaces/share/interfaces/local_setup.dsv
-- Symlinking: /home/frfusera/ros2_ws/nortek_ws/install/interfaces/share/interfaces/package.dsv
-- Symlinking: /home/frfusera/ros2_ws/nortek_ws/install/interfaces/share/ament_index/resource_index/packages/interfaces
-- Symlinking: /home/frfusera/ros2_ws/nortek_ws/install/interfaces/share/interfaces/cmake/rosidl_cmake-extras.cmake
-- Symlinking: /home/frfusera/ros2_ws/nortek_ws/install/interfaces/share/interfaces/cmake/ament_cmake_export_dependencies-extras.cmake
-- Symlinking: /home/frfusera/ros2_ws/nortek_ws/install/interfaces/share/interfaces/cmake/ament_cmake_export_include_directories-extras.cmake
-- Symlinking: /home/frfusera/ros2_ws/nortek_ws/install/interfaces/share/interfaces/cmake/ament_cmake_export_libraries-extras.cmake
-- Symlinking: /home/frfusera/ros2_ws/nortek_ws/install/interfaces/share/interfaces/cmake/ament_cmake_export_targets-extras.cmake
-- Symlinking: /home/frfusera/ros2_ws/nortek_ws/install/interfaces/share/interfaces/cmake/rosidl_cmake_export_typesupport_targets-extras.cmake
-- Symlinking: /home/frfusera/ros2_ws/nortek_ws/install/interfaces/share/interfaces/cmake/rosidl_cmake_export_typesupport_libraries-extras.cmake
-- Symlinking: /home/frfusera/ros2_ws/nortek_ws/install/interfaces/share/interfaces/cmake/interfacesConfig.cmake
-- Symlinking: /home/frfusera/ros2_ws/nortek_ws/install/interfaces/share/interfaces/cmake/interfacesConfig-version.cmake
-- Symlinking: /home/frfusera/ros2_ws/nortek_ws/install/interfaces/share/interfaces/package.xml
-- Installing: /home/frfusera/ros2_ws/nortek_ws/install/interfaces/lib/libinterfaces__rosidl_generator_c.so
-- Set runtime path of "/home/frfusera/ros2_ws/nortek_ws/install/interfaces/lib/libinterfaces__rosidl_generator_c.so" to ""
-- Installing: /home/frfusera/ros2_ws/nortek_ws/install/interfaces/lib/libinterfaces__rosidl_typesupport_fastrtps_c.so
-- Set runtime path of "/home/frfusera/ros2_ws/nortek_ws/install/interfaces/lib/libinterfaces__rosidl_typesupport_fastrtps_c.so" to ""
-- Installing: /home/frfusera/ros2_ws/nortek_ws/install/interfaces/lib/libinterfaces__rosidl_typesupport_introspection_c.so
-- Set runtime path of "/home/frfusera/ros2_ws/nortek_ws/install/interfaces/lib/libinterfaces__rosidl_typesupport_introspection_c.so" to ""
-- Installing: /home/frfusera/ros2_ws/nortek_ws/install/interfaces/lib/libinterfaces__rosidl_typesupport_c.so
-- Set runtime path of "/home/frfusera/ros2_ws/nortek_ws/install/interfaces/lib/libinterfaces__rosidl_typesupport_c.so" to ""
-- Installing: /home/frfusera/ros2_ws/nortek_ws/install/interfaces/lib/libinterfaces__rosidl_typesupport_fastrtps_cpp.so
-- Set runtime path of "/home/frfusera/ros2_ws/nortek_ws/install/interfaces/lib/libinterfaces__rosidl_typesupport_fastrtps_cpp.so" to ""
-- Installing: /home/frfusera/ros2_ws/nortek_ws/install/interfaces/lib/libinterfaces__rosidl_typesupport_introspection_cpp.so
-- Set runtime path of "/home/frfusera/ros2_ws/nortek_ws/install/interfaces/lib/libinterfaces__rosidl_typesupport_introspection_cpp.so" to ""
-- Installing: /home/frfusera/ros2_ws/nortek_ws/install/interfaces/lib/libinterfaces__rosidl_typesupport_cpp.so
-- Set runtime path of "/home/frfusera/ros2_ws/nortek_ws/install/interfaces/lib/libinterfaces__rosidl_typesupport_cpp.so" to ""
Listing '/home/frfusera/ros2_ws/nortek_ws/install/interfaces/local/lib/python3.10/dist-packages/interfaces'...
Compiling '/home/frfusera/ros2_ws/nortek_ws/install/interfaces/local/lib/python3.10/dist-packages/interfaces/__init__.py'...
Listing '/home/frfusera/ros2_ws/nortek_ws/install/interfaces/local/lib/python3.10/dist-packages/interfaces/msg'...
Compiling '/home/frfusera/ros2_ws/nortek_ws/install/interfaces/local/lib/python3.10/dist-packages/interfaces/msg/__init__.py'...
Compiling '/home/frfusera/ros2_ws/nortek_ws/install/interfaces/local/lib/python3.10/dist-packages/interfaces/msg/_ahrs.py'...
Compiling '/home/frfusera/ros2_ws/nortek_ws/install/interfaces/local/lib/python3.10/dist-packages/interfaces/msg/_altimeter.py'...
Compiling '/home/frfusera/ros2_ws/nortek_ws/install/interfaces/local/lib/python3.10/dist-packages/interfaces/msg/_bottom_track.py'...
Compiling '/home/frfusera/ros2_ws/nortek_ws/install/interfaces/local/lib/python3.10/dist-packages/interfaces/msg/_current_profile.py'...
Compiling '/home/frfusera/ros2_ws/nortek_ws/install/interfaces/local/lib/python3.10/dist-packages/interfaces/msg/_field_calibration.py'...
Compiling '/home/frfusera/ros2_ws/nortek_ws/install/interfaces/local/lib/python3.10/dist-packages/interfaces/msg/_imu.py'...
Compiling '/home/frfusera/ros2_ws/nortek_ws/install/interfaces/local/lib/python3.10/dist-packages/interfaces/msg/_ins.py'...
Compiling '/home/frfusera/ros2_ws/nortek_ws/install/interfaces/local/lib/python3.10/dist-packages/interfaces/msg/_magnetometer.py'...
Compiling '/home/frfusera/ros2_ws/nortek_ws/install/interfaces/local/lib/python3.10/dist-packages/interfaces/msg/_water_track.py'...
Listing '/home/frfusera/ros2_ws/nortek_ws/install/interfaces/local/lib/python3.10/dist-packages/interfaces/srv'...
Compiling '/home/frfusera/ros2_ws/nortek_ws/install/interfaces/local/lib/python3.10/dist-packages/interfaces/srv/__init__.py'...
Compiling '/home/frfusera/ros2_ws/nortek_ws/install/interfaces/local/lib/python3.10/dist-packages/interfaces/srv/_command.py'...
Compiling '/home/frfusera/ros2_ws/nortek_ws/install/interfaces/local/lib/python3.10/dist-packages/interfaces/srv/_connect_serial.py'...
Compiling '/home/frfusera/ros2_ws/nortek_ws/install/interfaces/local/lib/python3.10/dist-packages/interfaces/srv/_connect_tcp.py'...
Compiling '/home/frfusera/ros2_ws/nortek_ws/install/interfaces/local/lib/python3.10/dist-packages/interfaces/srv/_disconnect.py'...
Compiling '/home/frfusera/ros2_ws/nortek_ws/install/interfaces/local/lib/python3.10/dist-packages/interfaces/srv/_start.py'...
Compiling '/home/frfusera/ros2_ws/nortek_ws/install/interfaces/local/lib/python3.10/dist-packages/interfaces/srv/_start_field_calibration.py'...
Compiling '/home/frfusera/ros2_ws/nortek_ws/install/interfaces/local/lib/python3.10/dist-packages/interfaces/srv/_stop.py'...
-- Installing: /home/frfusera/ros2_ws/nortek_ws/install/interfaces/lib/libinterfaces__rosidl_generator_py.so
-- Set runtime path of "/home/frfusera/ros2_ws/nortek_ws/install/interfaces/lib/libinterfaces__rosidl_generator_py.so" to ""
-- Installing: /home/frfusera/ros2_ws/nortek_ws/install/interfaces/share/interfaces/cmake/export_interfaces__rosidl_generator_cExport.cmake
-- Installing: /home/frfusera/ros2_ws/nortek_ws/install/interfaces/share/interfaces/cmake/export_interfaces__rosidl_generator_cExport-noconfig.cmake
-- Installing: /home/frfusera/ros2_ws/nortek_ws/install/interfaces/share/interfaces/cmake/export_interfaces__rosidl_typesupport_fastrtps_cExport.cmake
-- Installing: /home/frfusera/ros2_ws/nortek_ws/install/interfaces/share/interfaces/cmake/export_interfaces__rosidl_typesupport_fastrtps_cExport-noconfig.cmake
-- Installing: /home/frfusera/ros2_ws/nortek_ws/install/interfaces/share/interfaces/cmake/interfaces__rosidl_typesupport_introspection_cExport.cmake
-- Installing: /home/frfusera/ros2_ws/nortek_ws/install/interfaces/share/interfaces/cmake/interfaces__rosidl_typesupport_introspection_cExport-noconfig.cmake
-- Installing: /home/frfusera/ros2_ws/nortek_ws/install/interfaces/share/interfaces/cmake/interfaces__rosidl_typesupport_cExport.cmake
-- Installing: /home/frfusera/ros2_ws/nortek_ws/install/interfaces/share/interfaces/cmake/interfaces__rosidl_typesupport_cExport-noconfig.cmake
-- Installing: /home/frfusera/ros2_ws/nortek_ws/install/interfaces/share/interfaces/cmake/export_interfaces__rosidl_generator_cppExport.cmake
-- Installing: /home/frfusera/ros2_ws/nortek_ws/install/interfaces/share/interfaces/cmake/export_interfaces__rosidl_typesupport_fastrtps_cppExport.cmake
-- Installing: /home/frfusera/ros2_ws/nortek_ws/install/interfaces/share/interfaces/cmake/export_interfaces__rosidl_typesupport_fastrtps_cppExport-noconfig.cmake
-- Installing: /home/frfusera/ros2_ws/nortek_ws/install/interfaces/share/interfaces/cmake/interfaces__rosidl_typesupport_introspection_cppExport.cmake
-- Installing: /home/frfusera/ros2_ws/nortek_ws/install/interfaces/share/interfaces/cmake/interfaces__rosidl_typesupport_introspection_cppExport-noconfig.cmake
-- Installing: /home/frfusera/ros2_ws/nortek_ws/install/interfaces/share/interfaces/cmake/interfaces__rosidl_typesupport_cppExport.cmake
-- Installing: /home/frfusera/ros2_ws/nortek_ws/install/interfaces/share/interfaces/cmake/interfaces__rosidl_typesupport_cppExport-noconfig.cmake
-- Installing: /home/frfusera/ros2_ws/nortek_ws/install/interfaces/share/interfaces/cmake/export_interfaces__rosidl_generator_pyExport.cmake
-- Installing: /home/frfusera/ros2_ws/nortek_ws/install/interfaces/share/interfaces/cmake/export_interfaces__rosidl_generator_pyExport-noconfig.cmake
