[0.338s] Invoking command in '/home/frfusera/ros2_ws/nortek_ws/build/nucleus_driver_ros2': PYTHONPATH=/home/frfusera/ros2_ws/nortek_ws/build/nucleus_driver_ros2/prefix_override:/usr/lib/python3/dist-packages/colcon_core/task/python/colcon_distutils_commands:/home/frfusera/ros2_ws/nortek_ws/install/nucleus_driver_ros2/lib/python3.10/site-packages:${PYTHONPATH} /usr/bin/python3 -W ignore:setup.py install is deprecated -W ignore:easy_install command is deprecated setup.py develop --uninstall --editable --build-directory /home/frfusera/ros2_ws/nortek_ws/build/nucleus_driver_ros2/build
[0.472s] running develop
[0.560s] Removing /home/frfusera/ros2_ws/nortek_ws/install/nucleus_driver_ros2/lib/python3.10/site-packages/nucleus-driver-ros2.egg-link (link to .)
[0.574s] Invoked command in '/home/frfusera/ros2_ws/nortek_ws/build/nucleus_driver_ros2' returned '0': PYTHONPATH=/home/frfusera/ros2_ws/nortek_ws/build/nucleus_driver_ros2/prefix_override:/usr/lib/python3/dist-packages/colcon_core/task/python/colcon_distutils_commands:/home/frfusera/ros2_ws/nortek_ws/install/nucleus_driver_ros2/lib/python3.10/site-packages:${PYTHONPATH} /usr/bin/python3 -W ignore:setup.py install is deprecated -W ignore:easy_install command is deprecated setup.py develop --uninstall --editable --build-directory /home/frfusera/ros2_ws/nortek_ws/build/nucleus_driver_ros2/build
[0.576s] Invoking command in '/home/frfusera/ros2_ws/nortek_ws/nucleus_driver_ros2/ros2/src/nucleus_driver_ros2': PYTHONPATH=/home/frfusera/ros2_ws/nortek_ws/build/nucleus_driver_ros2/prefix_override:/usr/lib/python3/dist-packages/colcon_core/task/python/colcon_distutils_commands:/home/frfusera/ros2_ws/nortek_ws/install/nucleus_driver_ros2/lib/python3.10/site-packages:${PYTHONPATH} /usr/bin/python3 -W ignore:setup.py install is deprecated -W ignore:easy_install command is deprecated setup.py egg_info --egg-base ../../../../build/nucleus_driver_ros2 build --build-base /home/frfusera/ros2_ws/nortek_ws/build/nucleus_driver_ros2/build install --record /home/frfusera/ros2_ws/nortek_ws/build/nucleus_driver_ros2/install.log --single-version-externally-managed install_data --force
[0.716s] running egg_info
[0.716s] writing ../../../../build/nucleus_driver_ros2/nucleus_driver_ros2.egg-info/PKG-INFO
[0.716s] writing dependency_links to ../../../../build/nucleus_driver_ros2/nucleus_driver_ros2.egg-info/dependency_links.txt
[0.716s] writing entry points to ../../../../build/nucleus_driver_ros2/nucleus_driver_ros2.egg-info/entry_points.txt
[0.717s] writing requirements to ../../../../build/nucleus_driver_ros2/nucleus_driver_ros2.egg-info/requires.txt
[0.717s] writing top-level names to ../../../../build/nucleus_driver_ros2/nucleus_driver_ros2.egg-info/top_level.txt
[0.717s] reading manifest file '../../../../build/nucleus_driver_ros2/nucleus_driver_ros2.egg-info/SOURCES.txt'
[0.718s] writing manifest file '../../../../build/nucleus_driver_ros2/nucleus_driver_ros2.egg-info/SOURCES.txt'
[0.718s] running build
[0.718s] running build_py
[0.718s] creating /home/frfusera/ros2_ws/nortek_ws/build/nucleus_driver_ros2/build
[0.719s] creating /home/frfusera/ros2_ws/nortek_ws/build/nucleus_driver_ros2/build/lib
[0.719s] creating /home/frfusera/ros2_ws/nortek_ws/build/nucleus_driver_ros2/build/lib/nucleus_node
[0.719s] copying nucleus_node/nucleus_node.py -> /home/frfusera/ros2_ws/nortek_ws/build/nucleus_driver_ros2/build/lib/nucleus_node
[0.719s] copying nucleus_node/__init__.py -> /home/frfusera/ros2_ws/nortek_ws/build/nucleus_driver_ros2/build/lib/nucleus_node
[0.719s] creating /home/frfusera/ros2_ws/nortek_ws/build/nucleus_driver_ros2/build/lib/nucleus_clients
[0.719s] copying nucleus_clients/connect_tcp.py -> /home/frfusera/ros2_ws/nortek_ws/build/nucleus_driver_ros2/build/lib/nucleus_clients
[0.719s] copying nucleus_clients/start.py -> /home/frfusera/ros2_ws/nortek_ws/build/nucleus_driver_ros2/build/lib/nucleus_clients
[0.719s] copying nucleus_clients/stop.py -> /home/frfusera/ros2_ws/nortek_ws/build/nucleus_driver_ros2/build/lib/nucleus_clients
[0.719s] copying nucleus_clients/field_calibration.py -> /home/frfusera/ros2_ws/nortek_ws/build/nucleus_driver_ros2/build/lib/nucleus_clients
[0.719s] copying nucleus_clients/command.py -> /home/frfusera/ros2_ws/nortek_ws/build/nucleus_driver_ros2/build/lib/nucleus_clients
[0.719s] copying nucleus_clients/connect_serial.py -> /home/frfusera/ros2_ws/nortek_ws/build/nucleus_driver_ros2/build/lib/nucleus_clients
[0.719s] copying nucleus_clients/disconnect.py -> /home/frfusera/ros2_ws/nortek_ws/build/nucleus_driver_ros2/build/lib/nucleus_clients
[0.719s] copying nucleus_clients/__init__.py -> /home/frfusera/ros2_ws/nortek_ws/build/nucleus_driver_ros2/build/lib/nucleus_clients
[0.719s] creating /home/frfusera/ros2_ws/nortek_ws/build/nucleus_driver_ros2/build/lib/nucleus_subscribers
[0.719s] copying nucleus_subscribers/field_calibration_packets.py -> /home/frfusera/ros2_ws/nortek_ws/build/nucleus_driver_ros2/build/lib/nucleus_subscribers
[0.719s] copying nucleus_subscribers/ahrs_packets.py -> /home/frfusera/ros2_ws/nortek_ws/build/nucleus_driver_ros2/build/lib/nucleus_subscribers
[0.720s] copying nucleus_subscribers/altimeter_packets.py -> /home/frfusera/ros2_ws/nortek_ws/build/nucleus_driver_ros2/build/lib/nucleus_subscribers
[0.720s] copying nucleus_subscribers/current_profile_packets.py -> /home/frfusera/ros2_ws/nortek_ws/build/nucleus_driver_ros2/build/lib/nucleus_subscribers
[0.720s] copying nucleus_subscribers/imu_packets.py -> /home/frfusera/ros2_ws/nortek_ws/build/nucleus_driver_ros2/build/lib/nucleus_subscribers
[0.720s] copying nucleus_subscribers/ins_packets.py -> /home/frfusera/ros2_ws/nortek_ws/build/nucleus_driver_ros2/build/lib/nucleus_subscribers
[0.720s] copying nucleus_subscribers/water_track_packets.py -> /home/frfusera/ros2_ws/nortek_ws/build/nucleus_driver_ros2/build/lib/nucleus_subscribers
[0.720s] copying nucleus_subscribers/magnetometer_packets.py -> /home/frfusera/ros2_ws/nortek_ws/build/nucleus_driver_ros2/build/lib/nucleus_subscribers
[0.720s] copying nucleus_subscribers/bottom_track_packets.py -> /home/frfusera/ros2_ws/nortek_ws/build/nucleus_driver_ros2/build/lib/nucleus_subscribers
[0.720s] copying nucleus_subscribers/__init__.py -> /home/frfusera/ros2_ws/nortek_ws/build/nucleus_driver_ros2/build/lib/nucleus_subscribers
[0.720s] running install
[0.720s] running install_lib
[0.720s] creating /home/frfusera/ros2_ws/nortek_ws/install/nucleus_driver_ros2/lib/python3.10/site-packages/nucleus_node
[0.720s] copying /home/frfusera/ros2_ws/nortek_ws/build/nucleus_driver_ros2/build/lib/nucleus_node/nucleus_node.py -> /home/frfusera/ros2_ws/nortek_ws/install/nucleus_driver_ros2/lib/python3.10/site-packages/nucleus_node
[0.721s] copying /home/frfusera/ros2_ws/nortek_ws/build/nucleus_driver_ros2/build/lib/nucleus_node/__init__.py -> /home/frfusera/ros2_ws/nortek_ws/install/nucleus_driver_ros2/lib/python3.10/site-packages/nucleus_node
[0.721s] creating /home/frfusera/ros2_ws/nortek_ws/install/nucleus_driver_ros2/lib/python3.10/site-packages/nucleus_subscribers
[0.721s] copying /home/frfusera/ros2_ws/nortek_ws/build/nucleus_driver_ros2/build/lib/nucleus_subscribers/field_calibration_packets.py -> /home/frfusera/ros2_ws/nortek_ws/install/nucleus_driver_ros2/lib/python3.10/site-packages/nucleus_subscribers
[0.721s] copying /home/frfusera/ros2_ws/nortek_ws/build/nucleus_driver_ros2/build/lib/nucleus_subscribers/ahrs_packets.py -> /home/frfusera/ros2_ws/nortek_ws/install/nucleus_driver_ros2/lib/python3.10/site-packages/nucleus_subscribers
[0.721s] copying /home/frfusera/ros2_ws/nortek_ws/build/nucleus_driver_ros2/build/lib/nucleus_subscribers/altimeter_packets.py -> /home/frfusera/ros2_ws/nortek_ws/install/nucleus_driver_ros2/lib/python3.10/site-packages/nucleus_subscribers
[0.721s] copying /home/frfusera/ros2_ws/nortek_ws/build/nucleus_driver_ros2/build/lib/nucleus_subscribers/current_profile_packets.py -> /home/frfusera/ros2_ws/nortek_ws/install/nucleus_driver_ros2/lib/python3.10/site-packages/nucleus_subscribers
[0.721s] copying /home/frfusera/ros2_ws/nortek_ws/build/nucleus_driver_ros2/build/lib/nucleus_subscribers/imu_packets.py -> /home/frfusera/ros2_ws/nortek_ws/install/nucleus_driver_ros2/lib/python3.10/site-packages/nucleus_subscribers
[0.721s] copying /home/frfusera/ros2_ws/nortek_ws/build/nucleus_driver_ros2/build/lib/nucleus_subscribers/ins_packets.py -> /home/frfusera/ros2_ws/nortek_ws/install/nucleus_driver_ros2/lib/python3.10/site-packages/nucleus_subscribers
[0.721s] copying /home/frfusera/ros2_ws/nortek_ws/build/nucleus_driver_ros2/build/lib/nucleus_subscribers/water_track_packets.py -> /home/frfusera/ros2_ws/nortek_ws/install/nucleus_driver_ros2/lib/python3.10/site-packages/nucleus_subscribers
[0.721s] copying /home/frfusera/ros2_ws/nortek_ws/build/nucleus_driver_ros2/build/lib/nucleus_subscribers/magnetometer_packets.py -> /home/frfusera/ros2_ws/nortek_ws/install/nucleus_driver_ros2/lib/python3.10/site-packages/nucleus_subscribers
[0.721s] copying /home/frfusera/ros2_ws/nortek_ws/build/nucleus_driver_ros2/build/lib/nucleus_subscribers/bottom_track_packets.py -> /home/frfusera/ros2_ws/nortek_ws/install/nucleus_driver_ros2/lib/python3.10/site-packages/nucleus_subscribers
[0.721s] copying /home/frfusera/ros2_ws/nortek_ws/build/nucleus_driver_ros2/build/lib/nucleus_subscribers/__init__.py -> /home/frfusera/ros2_ws/nortek_ws/install/nucleus_driver_ros2/lib/python3.10/site-packages/nucleus_subscribers
[0.721s] creating /home/frfusera/ros2_ws/nortek_ws/install/nucleus_driver_ros2/lib/python3.10/site-packages/nucleus_clients
[0.721s] copying /home/frfusera/ros2_ws/nortek_ws/build/nucleus_driver_ros2/build/lib/nucleus_clients/connect_tcp.py -> /home/frfusera/ros2_ws/nortek_ws/install/nucleus_driver_ros2/lib/python3.10/site-packages/nucleus_clients
[0.721s] copying /home/frfusera/ros2_ws/nortek_ws/build/nucleus_driver_ros2/build/lib/nucleus_clients/start.py -> /home/frfusera/ros2_ws/nortek_ws/install/nucleus_driver_ros2/lib/python3.10/site-packages/nucleus_clients
[0.721s] copying /home/frfusera/ros2_ws/nortek_ws/build/nucleus_driver_ros2/build/lib/nucleus_clients/stop.py -> /home/frfusera/ros2_ws/nortek_ws/install/nucleus_driver_ros2/lib/python3.10/site-packages/nucleus_clients
[0.721s] copying /home/frfusera/ros2_ws/nortek_ws/build/nucleus_driver_ros2/build/lib/nucleus_clients/field_calibration.py -> /home/frfusera/ros2_ws/nortek_ws/install/nucleus_driver_ros2/lib/python3.10/site-packages/nucleus_clients
[0.722s] copying /home/frfusera/ros2_ws/nortek_ws/build/nucleus_driver_ros2/build/lib/nucleus_clients/command.py -> /home/frfusera/ros2_ws/nortek_ws/install/nucleus_driver_ros2/lib/python3.10/site-packages/nucleus_clients
[0.722s] copying /home/frfusera/ros2_ws/nortek_ws/build/nucleus_driver_ros2/build/lib/nucleus_clients/connect_serial.py -> /home/frfusera/ros2_ws/nortek_ws/install/nucleus_driver_ros2/lib/python3.10/site-packages/nucleus_clients
[0.722s] copying /home/frfusera/ros2_ws/nortek_ws/build/nucleus_driver_ros2/build/lib/nucleus_clients/disconnect.py -> /home/frfusera/ros2_ws/nortek_ws/install/nucleus_driver_ros2/lib/python3.10/site-packages/nucleus_clients
[0.722s] copying /home/frfusera/ros2_ws/nortek_ws/build/nucleus_driver_ros2/build/lib/nucleus_clients/__init__.py -> /home/frfusera/ros2_ws/nortek_ws/install/nucleus_driver_ros2/lib/python3.10/site-packages/nucleus_clients
[0.722s] byte-compiling /home/frfusera/ros2_ws/nortek_ws/install/nucleus_driver_ros2/lib/python3.10/site-packages/nucleus_node/nucleus_node.py to nucleus_node.cpython-310.pyc
[0.723s] byte-compiling /home/frfusera/ros2_ws/nortek_ws/install/nucleus_driver_ros2/lib/python3.10/site-packages/nucleus_node/__init__.py to __init__.cpython-310.pyc
[0.723s] byte-compiling /home/frfusera/ros2_ws/nortek_ws/install/nucleus_driver_ros2/lib/python3.10/site-packages/nucleus_subscribers/field_calibration_packets.py to field_calibration_packets.cpython-310.pyc
[0.723s] byte-compiling /home/frfusera/ros2_ws/nortek_ws/install/nucleus_driver_ros2/lib/python3.10/site-packages/nucleus_subscribers/ahrs_packets.py to ahrs_packets.cpython-310.pyc
[0.724s] byte-compiling /home/frfusera/ros2_ws/nortek_ws/install/nucleus_driver_ros2/lib/python3.10/site-packages/nucleus_subscribers/altimeter_packets.py to altimeter_packets.cpython-310.pyc
[0.724s] byte-compiling /home/frfusera/ros2_ws/nortek_ws/install/nucleus_driver_ros2/lib/python3.10/site-packages/nucleus_subscribers/current_profile_packets.py to current_profile_packets.cpython-310.pyc
[0.724s] byte-compiling /home/frfusera/ros2_ws/nortek_ws/install/nucleus_driver_ros2/lib/python3.10/site-packages/nucleus_subscribers/imu_packets.py to imu_packets.cpython-310.pyc
[0.725s] byte-compiling /home/frfusera/ros2_ws/nortek_ws/install/nucleus_driver_ros2/lib/python3.10/site-packages/nucleus_subscribers/ins_packets.py to ins_packets.cpython-310.pyc
[0.725s] byte-compiling /home/frfusera/ros2_ws/nortek_ws/install/nucleus_driver_ros2/lib/python3.10/site-packages/nucleus_subscribers/water_track_packets.py to water_track_packets.cpython-310.pyc
[0.725s] byte-compiling /home/frfusera/ros2_ws/nortek_ws/install/nucleus_driver_ros2/lib/python3.10/site-packages/nucleus_subscribers/magnetometer_packets.py to magnetometer_packets.cpython-310.pyc
[0.725s] byte-compiling /home/frfusera/ros2_ws/nortek_ws/install/nucleus_driver_ros2/lib/python3.10/site-packages/nucleus_subscribers/bottom_track_packets.py to bottom_track_packets.cpython-310.pyc
[0.726s] byte-compiling /home/frfusera/ros2_ws/nortek_ws/install/nucleus_driver_ros2/lib/python3.10/site-packages/nucleus_subscribers/__init__.py to __init__.cpython-310.pyc
[0.726s] byte-compiling /home/frfusera/ros2_ws/nortek_ws/install/nucleus_driver_ros2/lib/python3.10/site-packages/nucleus_clients/connect_tcp.py to connect_tcp.cpython-310.pyc
[0.726s] byte-compiling /home/frfusera/ros2_ws/nortek_ws/install/nucleus_driver_ros2/lib/python3.10/site-packages/nucleus_clients/start.py to start.cpython-310.pyc
[0.726s] byte-compiling /home/frfusera/ros2_ws/nortek_ws/install/nucleus_driver_ros2/lib/python3.10/site-packages/nucleus_clients/stop.py to stop.cpython-310.pyc
[0.727s] byte-compiling /home/frfusera/ros2_ws/nortek_ws/install/nucleus_driver_ros2/lib/python3.10/site-packages/nucleus_clients/field_calibration.py to field_calibration.cpython-310.pyc
[0.727s] byte-compiling /home/frfusera/ros2_ws/nortek_ws/install/nucleus_driver_ros2/lib/python3.10/site-packages/nucleus_clients/command.py to command.cpython-310.pyc
[0.727s] byte-compiling /home/frfusera/ros2_ws/nortek_ws/install/nucleus_driver_ros2/lib/python3.10/site-packages/nucleus_clients/connect_serial.py to connect_serial.cpython-310.pyc
[0.727s] byte-compiling /home/frfusera/ros2_ws/nortek_ws/install/nucleus_driver_ros2/lib/python3.10/site-packages/nucleus_clients/disconnect.py to disconnect.cpython-310.pyc
[0.728s] byte-compiling /home/frfusera/ros2_ws/nortek_ws/install/nucleus_driver_ros2/lib/python3.10/site-packages/nucleus_clients/__init__.py to __init__.cpython-310.pyc
[0.728s] running install_data
[0.728s] copying resource/nucleus_driver_ros2 -> /home/frfusera/ros2_ws/nortek_ws/install/nucleus_driver_ros2/share/ament_index/resource_index/packages
[0.728s] copying package.xml -> /home/frfusera/ros2_ws/nortek_ws/install/nucleus_driver_ros2/share/nucleus_driver_ros2
[0.728s] running install_egg_info
[0.729s] Copying ../../../../build/nucleus_driver_ros2/nucleus_driver_ros2.egg-info to /home/frfusera/ros2_ws/nortek_ws/install/nucleus_driver_ros2/lib/python3.10/site-packages/nucleus_driver_ros2-0.2.1-py3.10.egg-info
[0.730s] running install_scripts
[0.743s] Installing ahrs_packets script to /home/frfusera/ros2_ws/nortek_ws/install/nucleus_driver_ros2/lib/nucleus_driver_ros2
[0.743s] Installing altimeter_packets script to /home/frfusera/ros2_ws/nortek_ws/install/nucleus_driver_ros2/lib/nucleus_driver_ros2
[0.743s] Installing bottom_track_packets script to /home/frfusera/ros2_ws/nortek_ws/install/nucleus_driver_ros2/lib/nucleus_driver_ros2
[0.743s] Installing command script to /home/frfusera/ros2_ws/nortek_ws/install/nucleus_driver_ros2/lib/nucleus_driver_ros2
[0.744s] Installing connect_serial script to /home/frfusera/ros2_ws/nortek_ws/install/nucleus_driver_ros2/lib/nucleus_driver_ros2
[0.744s] Installing connect_tcp script to /home/frfusera/ros2_ws/nortek_ws/install/nucleus_driver_ros2/lib/nucleus_driver_ros2
[0.744s] Installing current_profile_packets script to /home/frfusera/ros2_ws/nortek_ws/install/nucleus_driver_ros2/lib/nucleus_driver_ros2
[0.744s] Installing disconnect script to /home/frfusera/ros2_ws/nortek_ws/install/nucleus_driver_ros2/lib/nucleus_driver_ros2
[0.744s] Installing field_calibration script to /home/frfusera/ros2_ws/nortek_ws/install/nucleus_driver_ros2/lib/nucleus_driver_ros2
[0.744s] Installing field_calibration_packets script to /home/frfusera/ros2_ws/nortek_ws/install/nucleus_driver_ros2/lib/nucleus_driver_ros2
[0.744s] Installing imu_packets script to /home/frfusera/ros2_ws/nortek_ws/install/nucleus_driver_ros2/lib/nucleus_driver_ros2
[0.744s] Installing ins_packets script to /home/frfusera/ros2_ws/nortek_ws/install/nucleus_driver_ros2/lib/nucleus_driver_ros2
[0.744s] Installing magnetometer_packets script to /home/frfusera/ros2_ws/nortek_ws/install/nucleus_driver_ros2/lib/nucleus_driver_ros2
[0.744s] Installing nucleus_node script to /home/frfusera/ros2_ws/nortek_ws/install/nucleus_driver_ros2/lib/nucleus_driver_ros2
[0.744s] Installing start script to /home/frfusera/ros2_ws/nortek_ws/install/nucleus_driver_ros2/lib/nucleus_driver_ros2
[0.744s] Installing stop script to /home/frfusera/ros2_ws/nortek_ws/install/nucleus_driver_ros2/lib/nucleus_driver_ros2
[0.744s] Installing water_track_packets script to /home/frfusera/ros2_ws/nortek_ws/install/nucleus_driver_ros2/lib/nucleus_driver_ros2
[0.744s] writing list of installed files to '/home/frfusera/ros2_ws/nortek_ws/build/nucleus_driver_ros2/install.log'
[0.759s] Invoked command in '/home/frfusera/ros2_ws/nortek_ws/nucleus_driver_ros2/ros2/src/nucleus_driver_ros2' returned '0': PYTHONPATH=/home/frfusera/ros2_ws/nortek_ws/build/nucleus_driver_ros2/prefix_override:/usr/lib/python3/dist-packages/colcon_core/task/python/colcon_distutils_commands:/home/frfusera/ros2_ws/nortek_ws/install/nucleus_driver_ros2/lib/python3.10/site-packages:${PYTHONPATH} /usr/bin/python3 -W ignore:setup.py install is deprecated -W ignore:easy_install command is deprecated setup.py egg_info --egg-base ../../../../build/nucleus_driver_ros2 build --build-base /home/frfusera/ros2_ws/nortek_ws/build/nucleus_driver_ros2/build install --record /home/frfusera/ros2_ws/nortek_ws/build/nucleus_driver_ros2/install.log --single-version-externally-managed install_data --force
