running develop
running egg_info
creating nucleus_driver_ros2.egg-info
writing nucleus_driver_ros2.egg-info/PKG-INFO
writing dependency_links to nucleus_driver_ros2.egg-info/dependency_links.txt
writing entry points to nucleus_driver_ros2.egg-info/entry_points.txt
writing requirements to nucleus_driver_ros2.egg-info/requires.txt
writing top-level names to nucleus_driver_ros2.egg-info/top_level.txt
writing manifest file 'nucleus_driver_ros2.egg-info/SOURCES.txt'
reading manifest file 'nucleus_driver_ros2.egg-info/SOURCES.txt'
writing manifest file 'nucleus_driver_ros2.egg-info/SOURCES.txt'
running build_ext
Creating /home/frfusera/ros2_ws/nortek_ws/install/nucleus_driver_ros2/lib/python3.10/site-packages/nucleus-driver-ros2.egg-link (link to .)
Installing ahrs_packets script to /home/frfusera/ros2_ws/nortek_ws/install/nucleus_driver_ros2/lib/nucleus_driver_ros2
Installing altimeter_packets script to /home/frfusera/ros2_ws/nortek_ws/install/nucleus_driver_ros2/lib/nucleus_driver_ros2
Installing bottom_track_packets script to /home/frfusera/ros2_ws/nortek_ws/install/nucleus_driver_ros2/lib/nucleus_driver_ros2
Installing command script to /home/frfusera/ros2_ws/nortek_ws/install/nucleus_driver_ros2/lib/nucleus_driver_ros2
Installing connect_serial script to /home/frfusera/ros2_ws/nortek_ws/install/nucleus_driver_ros2/lib/nucleus_driver_ros2
Installing connect_tcp script to /home/frfusera/ros2_ws/nortek_ws/install/nucleus_driver_ros2/lib/nucleus_driver_ros2
Installing current_profile_packets script to /home/frfusera/ros2_ws/nortek_ws/install/nucleus_driver_ros2/lib/nucleus_driver_ros2
Installing disconnect script to /home/frfusera/ros2_ws/nortek_ws/install/nucleus_driver_ros2/lib/nucleus_driver_ros2
Installing field_calibration script to /home/frfusera/ros2_ws/nortek_ws/install/nucleus_driver_ros2/lib/nucleus_driver_ros2
Installing field_calibration_packets script to /home/frfusera/ros2_ws/nortek_ws/install/nucleus_driver_ros2/lib/nucleus_driver_ros2
Installing imu_packets script to /home/frfusera/ros2_ws/nortek_ws/install/nucleus_driver_ros2/lib/nucleus_driver_ros2
Installing ins_packets script to /home/frfusera/ros2_ws/nortek_ws/install/nucleus_driver_ros2/lib/nucleus_driver_ros2
Installing magnetometer_packets script to /home/frfusera/ros2_ws/nortek_ws/install/nucleus_driver_ros2/lib/nucleus_driver_ros2
Installing nucleus_node script to /home/frfusera/ros2_ws/nortek_ws/install/nucleus_driver_ros2/lib/nucleus_driver_ros2
Installing start script to /home/frfusera/ros2_ws/nortek_ws/install/nucleus_driver_ros2/lib/nucleus_driver_ros2
Installing stop script to /home/frfusera/ros2_ws/nortek_ws/install/nucleus_driver_ros2/lib/nucleus_driver_ros2
Installing water_track_packets script to /home/frfusera/ros2_ws/nortek_ws/install/nucleus_driver_ros2/lib/nucleus_driver_ros2

Installed /home/frfusera/ros2_ws/nortek_ws/build/nucleus_driver_ros2
running symlink_data
creating /home/frfusera/ros2_ws/nortek_ws/install/nucleus_driver_ros2/share/ament_index
creating /home/frfusera/ros2_ws/nortek_ws/install/nucleus_driver_ros2/share/ament_index/resource_index
creating /home/frfusera/ros2_ws/nortek_ws/install/nucleus_driver_ros2/share/ament_index/resource_index/packages
symbolically linking /home/frfusera/ros2_ws/nortek_ws/build/nucleus_driver_ros2/resource/nucleus_driver_ros2 -> /home/frfusera/ros2_ws/nortek_ws/install/nucleus_driver_ros2/share/ament_index/resource_index/packages
symbolically linking /home/frfusera/ros2_ws/nortek_ws/build/nucleus_driver_ros2/package.xml -> /home/frfusera/ros2_ws/nortek_ws/install/nucleus_driver_ros2/share/nucleus_driver_ros2
