running develop
running egg_info
creating sbg_imu_bridge.egg-info
writing sbg_imu_bridge.egg-info/PKG-INFO
writing dependency_links to sbg_imu_bridge.egg-info/dependency_links.txt
writing entry points to sbg_imu_bridge.egg-info/entry_points.txt
writing requirements to sbg_imu_bridge.egg-info/requires.txt
writing top-level names to sbg_imu_bridge.egg-info/top_level.txt
writing manifest file 'sbg_imu_bridge.egg-info/SOURCES.txt'
reading manifest file 'sbg_imu_bridge.egg-info/SOURCES.txt'
writing manifest file 'sbg_imu_bridge.egg-info/SOURCES.txt'
running build_ext
Creating /home/frfusera/ros2_ws/sbg_ws/install/sbg_imu_bridge/lib/python3.10/site-packages/sbg-imu-bridge.egg-link (link to .)
Installing sbg_imu_bridge script to /home/frfusera/ros2_ws/sbg_ws/install/sbg_imu_bridge/lib/sbg_imu_bridge

Installed /home/frfusera/ros2_ws/sbg_ws/build/sbg_imu_bridge
running symlink_data
creating /home/frfusera/ros2_ws/sbg_ws/install/sbg_imu_bridge/share/ament_index
creating /home/frfusera/ros2_ws/sbg_ws/install/sbg_imu_bridge/share/ament_index/resource_index
creating /home/frfusera/ros2_ws/sbg_ws/install/sbg_imu_bridge/share/ament_index/resource_index/packages
symbolically linking /home/frfusera/ros2_ws/sbg_ws/build/sbg_imu_bridge/resource/sbg_imu_bridge -> /home/frfusera/ros2_ws/sbg_ws/install/sbg_imu_bridge/share/ament_index/resource_index/packages
symbolically linking /home/frfusera/ros2_ws/sbg_ws/build/sbg_imu_bridge/package.xml -> /home/frfusera/ros2_ws/sbg_ws/install/sbg_imu_bridge/share/sbg_imu_bridge
