/home/frfusera/ros2_ws/nortek_ws/install/nucleus_driver_ros2/lib/python3.10/site-packages/nucleus_node/nucleus_node.py
/home/frfusera/ros2_ws/nortek_ws/install/nucleus_driver_ros2/lib/python3.10/site-packages/nucleus_node/__init__.py
/home/frfusera/ros2_ws/nortek_ws/install/nucleus_driver_ros2/lib/python3.10/site-packages/nucleus_clients/connect_tcp.py
/home/frfusera/ros2_ws/nortek_ws/install/nucleus_driver_ros2/lib/python3.10/site-packages/nucleus_clients/start.py
/home/frfusera/ros2_ws/nortek_ws/install/nucleus_driver_ros2/lib/python3.10/site-packages/nucleus_clients/stop.py
/home/frfusera/ros2_ws/nortek_ws/install/nucleus_driver_ros2/lib/python3.10/site-packages/nucleus_clients/field_calibration.py
/home/frfusera/ros2_ws/nortek_ws/install/nucleus_driver_ros2/lib/python3.10/site-packages/nucleus_clients/command.py
/home/frfusera/ros2_ws/nortek_ws/install/nucleus_driver_ros2/lib/python3.10/site-packages/nucleus_clients/connect_serial.py
/home/frfusera/ros2_ws/nortek_ws/install/nucleus_driver_ros2/lib/python3.10/site-packages/nucleus_clients/disconnect.py
/home/frfusera/ros2_ws/nortek_ws/install/nucleus_driver_ros2/lib/python3.10/site-packages/nucleus_clients/__init__.py
/home/frfusera/ros2_ws/nortek_ws/install/nucleus_driver_ros2/lib/python3.10/site-packages/nucleus_subscribers/field_calibration_packets.py
/home/frfusera/ros2_ws/nortek_ws/install/nucleus_driver_ros2/lib/python3.10/site-packages/nucleus_subscribers/ahrs_packets.py
/home/frfusera/ros2_ws/nortek_ws/install/nucleus_driver_ros2/lib/python3.10/site-packages/nucleus_subscribers/altimeter_packets.py
/home/frfusera/ros2_ws/nortek_ws/install/nucleus_driver_ros2/lib/python3.10/site-packages/nucleus_subscribers/current_profile_packets.py
/home/frfusera/ros2_ws/nortek_ws/install/nucleus_driver_ros2/lib/python3.10/site-packages/nucleus_subscribers/imu_packets.py
/home/frfusera/ros2_ws/nortek_ws/install/nucleus_driver_ros2/lib/python3.10/site-packages/nucleus_subscribers/ins_packets.py
/home/frfusera/ros2_ws/nortek_ws/install/nucleus_driver_ros2/lib/python3.10/site-packages/nucleus_subscribers/water_track_packets.py
/home/frfusera/ros2_ws/nortek_ws/install/nucleus_driver_ros2/lib/python3.10/site-packages/nucleus_subscribers/magnetometer_packets.py
/home/frfusera/ros2_ws/nortek_ws/install/nucleus_driver_ros2/lib/python3.10/site-packages/nucleus_subscribers/bottom_track_packets.py
/home/frfusera/ros2_ws/nortek_ws/install/nucleus_driver_ros2/lib/python3.10/site-packages/nucleus_subscribers/__init__.py
/home/frfusera/ros2_ws/nortek_ws/install/nucleus_driver_ros2/lib/python3.10/site-packages/nucleus_node/__pycache__/nucleus_node.cpython-310.pyc
/home/frfusera/ros2_ws/nortek_ws/install/nucleus_driver_ros2/lib/python3.10/site-packages/nucleus_node/__pycache__/__init__.cpython-310.pyc
/home/frfusera/ros2_ws/nortek_ws/install/nucleus_driver_ros2/lib/python3.10/site-packages/nucleus_clients/__pycache__/connect_tcp.cpython-310.pyc
/home/frfusera/ros2_ws/nortek_ws/install/nucleus_driver_ros2/lib/python3.10/site-packages/nucleus_clients/__pycache__/start.cpython-310.pyc
/home/frfusera/ros2_ws/nortek_ws/install/nucleus_driver_ros2/lib/python3.10/site-packages/nucleus_clients/__pycache__/stop.cpython-310.pyc
/home/frfusera/ros2_ws/nortek_ws/install/nucleus_driver_ros2/lib/python3.10/site-packages/nucleus_clients/__pycache__/field_calibration.cpython-310.pyc
/home/frfusera/ros2_ws/nortek_ws/install/nucleus_driver_ros2/lib/python3.10/site-packages/nucleus_clients/__pycache__/command.cpython-310.pyc
/home/frfusera/ros2_ws/nortek_ws/install/nucleus_driver_ros2/lib/python3.10/site-packages/nucleus_clients/__pycache__/connect_serial.cpython-310.pyc
/home/frfusera/ros2_ws/nortek_ws/install/nucleus_driver_ros2/lib/python3.10/site-packages/nucleus_clients/__pycache__/disconnect.cpython-310.pyc
/home/frfusera/ros2_ws/nortek_ws/install/nucleus_driver_ros2/lib/python3.10/site-packages/nucleus_clients/__pycache__/__init__.cpython-310.pyc
/home/frfusera/ros2_ws/nortek_ws/install/nucleus_driver_ros2/lib/python3.10/site-packages/nucleus_subscribers/__pycache__/field_calibration_packets.cpython-310.pyc
/home/frfusera/ros2_ws/nortek_ws/install/nucleus_driver_ros2/lib/python3.10/site-packages/nucleus_subscribers/__pycache__/ahrs_packets.cpython-310.pyc
/home/frfusera/ros2_ws/nortek_ws/install/nucleus_driver_ros2/lib/python3.10/site-packages/nucleus_subscribers/__pycache__/altimeter_packets.cpython-310.pyc
/home/frfusera/ros2_ws/nortek_ws/install/nucleus_driver_ros2/lib/python3.10/site-packages/nucleus_subscribers/__pycache__/current_profile_packets.cpython-310.pyc
/home/frfusera/ros2_ws/nortek_ws/install/nucleus_driver_ros2/lib/python3.10/site-packages/nucleus_subscribers/__pycache__/imu_packets.cpython-310.pyc
/home/frfusera/ros2_ws/nortek_ws/install/nucleus_driver_ros2/lib/python3.10/site-packages/nucleus_subscribers/__pycache__/ins_packets.cpython-310.pyc
/home/frfusera/ros2_ws/nortek_ws/install/nucleus_driver_ros2/lib/python3.10/site-packages/nucleus_subscribers/__pycache__/water_track_packets.cpython-310.pyc
/home/frfusera/ros2_ws/nortek_ws/install/nucleus_driver_ros2/lib/python3.10/site-packages/nucleus_subscribers/__pycache__/magnetometer_packets.cpython-310.pyc
/home/frfusera/ros2_ws/nortek_ws/install/nucleus_driver_ros2/lib/python3.10/site-packages/nucleus_subscribers/__pycache__/bottom_track_packets.cpython-310.pyc
/home/frfusera/ros2_ws/nortek_ws/install/nucleus_driver_ros2/lib/python3.10/site-packages/nucleus_subscribers/__pycache__/__init__.cpython-310.pyc
/home/frfusera/ros2_ws/nortek_ws/install/nucleus_driver_ros2/share/nucleus_driver_ros2/package.xml
/home/frfusera/ros2_ws/nortek_ws/install/nucleus_driver_ros2/share/nucleus_driver_ros2/launch/nucleus_with_bag.py
/home/frfusera/ros2_ws/nortek_ws/install/nucleus_driver_ros2/lib/python3.10/site-packages/nucleus_driver_ros2-0.2.1-py3.10.egg-info/top_level.txt
/home/frfusera/ros2_ws/nortek_ws/install/nucleus_driver_ros2/lib/python3.10/site-packages/nucleus_driver_ros2-0.2.1-py3.10.egg-info/entry_points.txt
/home/frfusera/ros2_ws/nortek_ws/install/nucleus_driver_ros2/lib/python3.10/site-packages/nucleus_driver_ros2-0.2.1-py3.10.egg-info/zip-safe
/home/frfusera/ros2_ws/nortek_ws/install/nucleus_driver_ros2/lib/python3.10/site-packages/nucleus_driver_ros2-0.2.1-py3.10.egg-info/requires.txt
/home/frfusera/ros2_ws/nortek_ws/install/nucleus_driver_ros2/lib/python3.10/site-packages/nucleus_driver_ros2-0.2.1-py3.10.egg-info/SOURCES.txt
/home/frfusera/ros2_ws/nortek_ws/install/nucleus_driver_ros2/lib/python3.10/site-packages/nucleus_driver_ros2-0.2.1-py3.10.egg-info/dependency_links.txt
/home/frfusera/ros2_ws/nortek_ws/install/nucleus_driver_ros2/lib/python3.10/site-packages/nucleus_driver_ros2-0.2.1-py3.10.egg-info/PKG-INFO
/home/frfusera/ros2_ws/nortek_ws/install/nucleus_driver_ros2/lib/nucleus_driver_ros2/ahrs_packets
/home/frfusera/ros2_ws/nortek_ws/install/nucleus_driver_ros2/lib/nucleus_driver_ros2/altimeter_packets
/home/frfusera/ros2_ws/nortek_ws/install/nucleus_driver_ros2/lib/nucleus_driver_ros2/bottom_track_packets
/home/frfusera/ros2_ws/nortek_ws/install/nucleus_driver_ros2/lib/nucleus_driver_ros2/command
/home/frfusera/ros2_ws/nortek_ws/install/nucleus_driver_ros2/lib/nucleus_driver_ros2/connect_serial
/home/frfusera/ros2_ws/nortek_ws/install/nucleus_driver_ros2/lib/nucleus_driver_ros2/connect_tcp
/home/frfusera/ros2_ws/nortek_ws/install/nucleus_driver_ros2/lib/nucleus_driver_ros2/current_profile_packets
/home/frfusera/ros2_ws/nortek_ws/install/nucleus_driver_ros2/lib/nucleus_driver_ros2/disconnect
/home/frfusera/ros2_ws/nortek_ws/install/nucleus_driver_ros2/lib/nucleus_driver_ros2/field_calibration
/home/frfusera/ros2_ws/nortek_ws/install/nucleus_driver_ros2/lib/nucleus_driver_ros2/field_calibration_packets
/home/frfusera/ros2_ws/nortek_ws/install/nucleus_driver_ros2/lib/nucleus_driver_ros2/imu_packets
/home/frfusera/ros2_ws/nortek_ws/install/nucleus_driver_ros2/lib/nucleus_driver_ros2/ins_packets
/home/frfusera/ros2_ws/nortek_ws/install/nucleus_driver_ros2/lib/nucleus_driver_ros2/magnetometer_packets
/home/frfusera/ros2_ws/nortek_ws/install/nucleus_driver_ros2/lib/nucleus_driver_ros2/nucleus_node
/home/frfusera/ros2_ws/nortek_ws/install/nucleus_driver_ros2/lib/nucleus_driver_ros2/start
/home/frfusera/ros2_ws/nortek_ws/install/nucleus_driver_ros2/lib/nucleus_driver_ros2/stop
/home/frfusera/ros2_ws/nortek_ws/install/nucleus_driver_ros2/lib/nucleus_driver_ros2/water_track_packets
