[0.058s] DEBUG:colcon:Command line arguments: ['/usr/bin/colcon', 'build', '--packages-select', 'nucleus_driver_ros2']
[0.058s] DEBUG:colcon:Parsed command line arguments: Namespace(log_base=None, log_level=None, verb_name='build', build_base='build', install_base='install', merge_install=False, symlink_install=False, test_result_base=None, continue_on_error=False, executor='parallel', parallel_workers=22, event_handlers=None, ignore_user_meta=False, metas=['./colcon.meta'], base_paths=['.'], packages_ignore=None, packages_ignore_regex=None, paths=None, packages_up_to=None, packages_up_to_regex=None, packages_above=None, packages_above_and_dependencies=None, packages_above_depth=None, packages_select_by_dep=None, packages_skip_by_dep=None, packages_skip_up_to=None, packages_select_build_failed=False, packages_skip_build_finished=False, packages_select_test_failures=False, packages_skip_test_passed=False, packages_select=['nucleus_driver_ros2'], packages_skip=None, packages_select_regex=None, packages_skip_regex=None, packages_start=None, packages_end=None, allow_overriding=[], cmake_args=None, cmake_target=None, cmake_target_skip_unavailable=False, cmake_clean_cache=False, cmake_clean_first=False, cmake_force_configure=False, ament_cmake_args=None, catkin_cmake_args=None, catkin_skip_building_tests=False, mixin_files=None, mixin=None, verb_parser=<colcon_mixin.mixin.mixin_argument.MixinArgumentDecorator object at 0x71797d084100>, verb_extension=<colcon_core.verb.build.BuildVerb object at 0x71797d047af0>, main=<bound method BuildVerb.main of <colcon_core.verb.build.BuildVerb object at 0x71797d047af0>>, mixin_verb=('build',))
[0.142s] Level 1:colcon.colcon_core.package_discovery:discover_packages(colcon_meta) check parameters
[0.142s] Level 1:colcon.colcon_core.package_discovery:discover_packages(recursive) check parameters
[0.142s] Level 1:colcon.colcon_core.package_discovery:discover_packages(ignore) check parameters
[0.142s] Level 1:colcon.colcon_core.package_discovery:discover_packages(path) check parameters
[0.142s] Level 1:colcon.colcon_core.package_discovery:discover_packages(colcon_meta) discover
[0.142s] Level 1:colcon.colcon_core.package_discovery:discover_packages(recursive) discover
[0.142s] INFO:colcon.colcon_core.package_discovery:Crawling recursively for packages in '/home/frfusera/ros2_ws/nortek_ws'
[0.142s] Level 1:colcon.colcon_core.package_identification:_identify(.) by extensions ['ignore', 'ignore_ament_install']
[0.142s] Level 1:colcon.colcon_core.package_identification:_identify(.) by extension 'ignore'
[0.142s] Level 1:colcon.colcon_core.package_identification:_identify(.) by extension 'ignore_ament_install'
[0.142s] Level 1:colcon.colcon_core.package_identification:_identify(.) by extensions ['colcon_pkg']
[0.142s] Level 1:colcon.colcon_core.package_identification:_identify(.) by extension 'colcon_pkg'
[0.142s] Level 1:colcon.colcon_core.package_identification:_identify(.) by extensions ['colcon_meta']
[0.142s] Level 1:colcon.colcon_core.package_identification:_identify(.) by extension 'colcon_meta'
[0.142s] Level 1:colcon.colcon_core.package_identification:_identify(.) by extensions ['ros']
[0.142s] Level 1:colcon.colcon_core.package_identification:_identify(.) by extension 'ros'
[0.160s] Level 1:colcon.colcon_core.package_identification:_identify(.) by extensions ['cmake', 'python']
[0.160s] Level 1:colcon.colcon_core.package_identification:_identify(.) by extension 'cmake'
[0.160s] Level 1:colcon.colcon_core.package_identification:_identify(.) by extension 'python'
[0.160s] Level 1:colcon.colcon_core.package_identification:_identify(.) by extensions ['python_setup_py']
[0.160s] Level 1:colcon.colcon_core.package_identification:_identify(.) by extension 'python_setup_py'
[0.160s] Level 1:colcon.colcon_core.package_identification:_identify(build) by extensions ['ignore', 'ignore_ament_install']
[0.160s] Level 1:colcon.colcon_core.package_identification:_identify(build) by extension 'ignore'
[0.160s] Level 1:colcon.colcon_core.package_identification:_identify(build) ignored
[0.160s] Level 1:colcon.colcon_core.package_identification:_identify(install) by extensions ['ignore', 'ignore_ament_install']
[0.160s] Level 1:colcon.colcon_core.package_identification:_identify(install) by extension 'ignore'
[0.160s] Level 1:colcon.colcon_core.package_identification:_identify(install) ignored
[0.161s] Level 1:colcon.colcon_core.package_identification:_identify(log) by extensions ['ignore', 'ignore_ament_install']
[0.161s] Level 1:colcon.colcon_core.package_identification:_identify(log) by extension 'ignore'
[0.161s] Level 1:colcon.colcon_core.package_identification:_identify(log) ignored
[0.161s] Level 1:colcon.colcon_core.package_identification:_identify(nucleus_driver_ros2) by extensions ['ignore', 'ignore_ament_install']
[0.161s] Level 1:colcon.colcon_core.package_identification:_identify(nucleus_driver_ros2) by extension 'ignore'
[0.161s] Level 1:colcon.colcon_core.package_identification:_identify(nucleus_driver_ros2) by extension 'ignore_ament_install'
[0.161s] Level 1:colcon.colcon_core.package_identification:_identify(nucleus_driver_ros2) by extensions ['colcon_pkg']
[0.161s] Level 1:colcon.colcon_core.package_identification:_identify(nucleus_driver_ros2) by extension 'colcon_pkg'
[0.161s] Level 1:colcon.colcon_core.package_identification:_identify(nucleus_driver_ros2) by extensions ['colcon_meta']
[0.161s] Level 1:colcon.colcon_core.package_identification:_identify(nucleus_driver_ros2) by extension 'colcon_meta'
[0.161s] Level 1:colcon.colcon_core.package_identification:_identify(nucleus_driver_ros2) by extensions ['ros']
[0.161s] Level 1:colcon.colcon_core.package_identification:_identify(nucleus_driver_ros2) by extension 'ros'
[0.161s] Level 1:colcon.colcon_core.package_identification:_identify(nucleus_driver_ros2) by extensions ['cmake', 'python']
[0.161s] Level 1:colcon.colcon_core.package_identification:_identify(nucleus_driver_ros2) by extension 'cmake'
[0.161s] Level 1:colcon.colcon_core.package_identification:_identify(nucleus_driver_ros2) by extension 'python'
[0.161s] Level 1:colcon.colcon_core.package_identification:_identify(nucleus_driver_ros2) by extensions ['python_setup_py']
[0.161s] Level 1:colcon.colcon_core.package_identification:_identify(nucleus_driver_ros2) by extension 'python_setup_py'
[0.161s] Level 1:colcon.colcon_core.package_identification:_identify(nucleus_driver_ros2/blueos_extension) by extensions ['ignore', 'ignore_ament_install']
[0.161s] Level 1:colcon.colcon_core.package_identification:_identify(nucleus_driver_ros2/blueos_extension) by extension 'ignore'
[0.161s] Level 1:colcon.colcon_core.package_identification:_identify(nucleus_driver_ros2/blueos_extension) by extension 'ignore_ament_install'
[0.161s] Level 1:colcon.colcon_core.package_identification:_identify(nucleus_driver_ros2/blueos_extension) by extensions ['colcon_pkg']
[0.161s] Level 1:colcon.colcon_core.package_identification:_identify(nucleus_driver_ros2/blueos_extension) by extension 'colcon_pkg'
[0.161s] Level 1:colcon.colcon_core.package_identification:_identify(nucleus_driver_ros2/blueos_extension) by extensions ['colcon_meta']
[0.161s] Level 1:colcon.colcon_core.package_identification:_identify(nucleus_driver_ros2/blueos_extension) by extension 'colcon_meta'
[0.161s] Level 1:colcon.colcon_core.package_identification:_identify(nucleus_driver_ros2/blueos_extension) by extensions ['ros']
[0.161s] Level 1:colcon.colcon_core.package_identification:_identify(nucleus_driver_ros2/blueos_extension) by extension 'ros'
[0.161s] Level 1:colcon.colcon_core.package_identification:_identify(nucleus_driver_ros2/blueos_extension) by extensions ['cmake', 'python']
[0.161s] Level 1:colcon.colcon_core.package_identification:_identify(nucleus_driver_ros2/blueos_extension) by extension 'cmake'
[0.161s] Level 1:colcon.colcon_core.package_identification:_identify(nucleus_driver_ros2/blueos_extension) by extension 'python'
[0.161s] Level 1:colcon.colcon_core.package_identification:_identify(nucleus_driver_ros2/blueos_extension) by extensions ['python_setup_py']
[0.161s] Level 1:colcon.colcon_core.package_identification:_identify(nucleus_driver_ros2/blueos_extension) by extension 'python_setup_py'
[0.161s] Level 1:colcon.colcon_core.package_identification:_identify(nucleus_driver_ros2/blueos_extension/docs) by extensions ['ignore', 'ignore_ament_install']
[0.161s] Level 1:colcon.colcon_core.package_identification:_identify(nucleus_driver_ros2/blueos_extension/docs) by extension 'ignore'
[0.161s] Level 1:colcon.colcon_core.package_identification:_identify(nucleus_driver_ros2/blueos_extension/docs) by extension 'ignore_ament_install'
[0.161s] Level 1:colcon.colcon_core.package_identification:_identify(nucleus_driver_ros2/blueos_extension/docs) by extensions ['colcon_pkg']
[0.161s] Level 1:colcon.colcon_core.package_identification:_identify(nucleus_driver_ros2/blueos_extension/docs) by extension 'colcon_pkg'
[0.161s] Level 1:colcon.colcon_core.package_identification:_identify(nucleus_driver_ros2/blueos_extension/docs) by extensions ['colcon_meta']
[0.161s] Level 1:colcon.colcon_core.package_identification:_identify(nucleus_driver_ros2/blueos_extension/docs) by extension 'colcon_meta'
[0.161s] Level 1:colcon.colcon_core.package_identification:_identify(nucleus_driver_ros2/blueos_extension/docs) by extensions ['ros']
[0.161s] Level 1:colcon.colcon_core.package_identification:_identify(nucleus_driver_ros2/blueos_extension/docs) by extension 'ros'
[0.161s] Level 1:colcon.colcon_core.package_identification:_identify(nucleus_driver_ros2/blueos_extension/docs) by extensions ['cmake', 'python']
[0.161s] Level 1:colcon.colcon_core.package_identification:_identify(nucleus_driver_ros2/blueos_extension/docs) by extension 'cmake'
[0.161s] Level 1:colcon.colcon_core.package_identification:_identify(nucleus_driver_ros2/blueos_extension/docs) by extension 'python'
[0.161s] Level 1:colcon.colcon_core.package_identification:_identify(nucleus_driver_ros2/blueos_extension/docs) by extensions ['python_setup_py']
[0.162s] Level 1:colcon.colcon_core.package_identification:_identify(nucleus_driver_ros2/blueos_extension/docs) by extension 'python_setup_py'
[0.162s] Level 1:colcon.colcon_core.package_identification:_identify(nucleus_driver_ros2/blueos_extension/src) by extensions ['ignore', 'ignore_ament_install']
[0.162s] Level 1:colcon.colcon_core.package_identification:_identify(nucleus_driver_ros2/blueos_extension/src) by extension 'ignore'
[0.162s] Level 1:colcon.colcon_core.package_identification:_identify(nucleus_driver_ros2/blueos_extension/src) by extension 'ignore_ament_install'
[0.162s] Level 1:colcon.colcon_core.package_identification:_identify(nucleus_driver_ros2/blueos_extension/src) by extensions ['colcon_pkg']
[0.162s] Level 1:colcon.colcon_core.package_identification:_identify(nucleus_driver_ros2/blueos_extension/src) by extension 'colcon_pkg'
[0.162s] Level 1:colcon.colcon_core.package_identification:_identify(nucleus_driver_ros2/blueos_extension/src) by extensions ['colcon_meta']
[0.162s] Level 1:colcon.colcon_core.package_identification:_identify(nucleus_driver_ros2/blueos_extension/src) by extension 'colcon_meta'
[0.162s] Level 1:colcon.colcon_core.package_identification:_identify(nucleus_driver_ros2/blueos_extension/src) by extensions ['ros']
[0.162s] Level 1:colcon.colcon_core.package_identification:_identify(nucleus_driver_ros2/blueos_extension/src) by extension 'ros'
[0.162s] Level 1:colcon.colcon_core.package_identification:_identify(nucleus_driver_ros2/blueos_extension/src) by extensions ['cmake', 'python']
[0.162s] Level 1:colcon.colcon_core.package_identification:_identify(nucleus_driver_ros2/blueos_extension/src) by extension 'cmake'
[0.162s] Level 1:colcon.colcon_core.package_identification:_identify(nucleus_driver_ros2/blueos_extension/src) by extension 'python'
[0.162s] Level 1:colcon.colcon_core.package_identification:_identify(nucleus_driver_ros2/blueos_extension/src) by extensions ['python_setup_py']
[0.162s] Level 1:colcon.colcon_core.package_identification:_identify(nucleus_driver_ros2/blueos_extension/src) by extension 'python_setup_py'
[0.162s] Level 1:colcon.colcon_core.package_identification:_identify(nucleus_driver_ros2/blueos_extension/src/nucleus_extension) by extensions ['ignore', 'ignore_ament_install']
[0.162s] Level 1:colcon.colcon_core.package_identification:_identify(nucleus_driver_ros2/blueos_extension/src/nucleus_extension) by extension 'ignore'
[0.162s] Level 1:colcon.colcon_core.package_identification:_identify(nucleus_driver_ros2/blueos_extension/src/nucleus_extension) by extension 'ignore_ament_install'
[0.162s] Level 1:colcon.colcon_core.package_identification:_identify(nucleus_driver_ros2/blueos_extension/src/nucleus_extension) by extensions ['colcon_pkg']
[0.162s] Level 1:colcon.colcon_core.package_identification:_identify(nucleus_driver_ros2/blueos_extension/src/nucleus_extension) by extension 'colcon_pkg'
[0.162s] Level 1:colcon.colcon_core.package_identification:_identify(nucleus_driver_ros2/blueos_extension/src/nucleus_extension) by extensions ['colcon_meta']
[0.162s] Level 1:colcon.colcon_core.package_identification:_identify(nucleus_driver_ros2/blueos_extension/src/nucleus_extension) by extension 'colcon_meta'
[0.162s] Level 1:colcon.colcon_core.package_identification:_identify(nucleus_driver_ros2/blueos_extension/src/nucleus_extension) by extensions ['ros']
[0.162s] Level 1:colcon.colcon_core.package_identification:_identify(nucleus_driver_ros2/blueos_extension/src/nucleus_extension) by extension 'ros'
[0.162s] Level 1:colcon.colcon_core.package_identification:_identify(nucleus_driver_ros2/blueos_extension/src/nucleus_extension) by extensions ['cmake', 'python']
[0.162s] Level 1:colcon.colcon_core.package_identification:_identify(nucleus_driver_ros2/blueos_extension/src/nucleus_extension) by extension 'cmake'
[0.162s] Level 1:colcon.colcon_core.package_identification:_identify(nucleus_driver_ros2/blueos_extension/src/nucleus_extension) by extension 'python'
[0.162s] Level 1:colcon.colcon_core.package_identification:_identify(nucleus_driver_ros2/blueos_extension/src/nucleus_extension) by extensions ['python_setup_py']
[0.162s] Level 1:colcon.colcon_core.package_identification:_identify(nucleus_driver_ros2/blueos_extension/src/nucleus_extension) by extension 'python_setup_py'
[0.162s] Level 1:colcon.colcon_core.package_identification:_identify(nucleus_driver_ros2/blueos_extension/src/nucleus_extension/static) by extensions ['ignore', 'ignore_ament_install']
[0.162s] Level 1:colcon.colcon_core.package_identification:_identify(nucleus_driver_ros2/blueos_extension/src/nucleus_extension/static) by extension 'ignore'
[0.162s] Level 1:colcon.colcon_core.package_identification:_identify(nucleus_driver_ros2/blueos_extension/src/nucleus_extension/static) by extension 'ignore_ament_install'
[0.162s] Level 1:colcon.colcon_core.package_identification:_identify(nucleus_driver_ros2/blueos_extension/src/nucleus_extension/static) by extensions ['colcon_pkg']
[0.162s] Level 1:colcon.colcon_core.package_identification:_identify(nucleus_driver_ros2/blueos_extension/src/nucleus_extension/static) by extension 'colcon_pkg'
[0.162s] Level 1:colcon.colcon_core.package_identification:_identify(nucleus_driver_ros2/blueos_extension/src/nucleus_extension/static) by extensions ['colcon_meta']
[0.162s] Level 1:colcon.colcon_core.package_identification:_identify(nucleus_driver_ros2/blueos_extension/src/nucleus_extension/static) by extension 'colcon_meta'
[0.162s] Level 1:colcon.colcon_core.package_identification:_identify(nucleus_driver_ros2/blueos_extension/src/nucleus_extension/static) by extensions ['ros']
[0.162s] Level 1:colcon.colcon_core.package_identification:_identify(nucleus_driver_ros2/blueos_extension/src/nucleus_extension/static) by extension 'ros'
[0.162s] Level 1:colcon.colcon_core.package_identification:_identify(nucleus_driver_ros2/blueos_extension/src/nucleus_extension/static) by extensions ['cmake', 'python']
[0.162s] Level 1:colcon.colcon_core.package_identification:_identify(nucleus_driver_ros2/blueos_extension/src/nucleus_extension/static) by extension 'cmake'
[0.162s] Level 1:colcon.colcon_core.package_identification:_identify(nucleus_driver_ros2/blueos_extension/src/nucleus_extension/static) by extension 'python'
[0.162s] Level 1:colcon.colcon_core.package_identification:_identify(nucleus_driver_ros2/blueos_extension/src/nucleus_extension/static) by extensions ['python_setup_py']
[0.162s] Level 1:colcon.colcon_core.package_identification:_identify(nucleus_driver_ros2/blueos_extension/src/nucleus_extension/static) by extension 'python_setup_py'
[0.162s] Level 1:colcon.colcon_core.package_identification:_identify(nucleus_driver_ros2/blueos_extension/src/nucleus_extension/static/css) by extensions ['ignore', 'ignore_ament_install']
[0.162s] Level 1:colcon.colcon_core.package_identification:_identify(nucleus_driver_ros2/blueos_extension/src/nucleus_extension/static/css) by extension 'ignore'
[0.162s] Level 1:colcon.colcon_core.package_identification:_identify(nucleus_driver_ros2/blueos_extension/src/nucleus_extension/static/css) by extension 'ignore_ament_install'
[0.163s] Level 1:colcon.colcon_core.package_identification:_identify(nucleus_driver_ros2/blueos_extension/src/nucleus_extension/static/css) by extensions ['colcon_pkg']
[0.163s] Level 1:colcon.colcon_core.package_identification:_identify(nucleus_driver_ros2/blueos_extension/src/nucleus_extension/static/css) by extension 'colcon_pkg'
[0.163s] Level 1:colcon.colcon_core.package_identification:_identify(nucleus_driver_ros2/blueos_extension/src/nucleus_extension/static/css) by extensions ['colcon_meta']
[0.163s] Level 1:colcon.colcon_core.package_identification:_identify(nucleus_driver_ros2/blueos_extension/src/nucleus_extension/static/css) by extension 'colcon_meta'
[0.163s] Level 1:colcon.colcon_core.package_identification:_identify(nucleus_driver_ros2/blueos_extension/src/nucleus_extension/static/css) by extensions ['ros']
[0.163s] Level 1:colcon.colcon_core.package_identification:_identify(nucleus_driver_ros2/blueos_extension/src/nucleus_extension/static/css) by extension 'ros'
[0.163s] Level 1:colcon.colcon_core.package_identification:_identify(nucleus_driver_ros2/blueos_extension/src/nucleus_extension/static/css) by extensions ['cmake', 'python']
[0.163s] Level 1:colcon.colcon_core.package_identification:_identify(nucleus_driver_ros2/blueos_extension/src/nucleus_extension/static/css) by extension 'cmake'
[0.163s] Level 1:colcon.colcon_core.package_identification:_identify(nucleus_driver_ros2/blueos_extension/src/nucleus_extension/static/css) by extension 'python'
[0.163s] Level 1:colcon.colcon_core.package_identification:_identify(nucleus_driver_ros2/blueos_extension/src/nucleus_extension/static/css) by extensions ['python_setup_py']
[0.163s] Level 1:colcon.colcon_core.package_identification:_identify(nucleus_driver_ros2/blueos_extension/src/nucleus_extension/static/css) by extension 'python_setup_py'
[0.163s] Level 1:colcon.colcon_core.package_identification:_identify(nucleus_driver_ros2/blueos_extension/src/nucleus_extension/static/images) by extensions ['ignore', 'ignore_ament_install']
[0.163s] Level 1:colcon.colcon_core.package_identification:_identify(nucleus_driver_ros2/blueos_extension/src/nucleus_extension/static/images) by extension 'ignore'
[0.163s] Level 1:colcon.colcon_core.package_identification:_identify(nucleus_driver_ros2/blueos_extension/src/nucleus_extension/static/images) by extension 'ignore_ament_install'
[0.163s] Level 1:colcon.colcon_core.package_identification:_identify(nucleus_driver_ros2/blueos_extension/src/nucleus_extension/static/images) by extensions ['colcon_pkg']
[0.163s] Level 1:colcon.colcon_core.package_identification:_identify(nucleus_driver_ros2/blueos_extension/src/nucleus_extension/static/images) by extension 'colcon_pkg'
[0.163s] Level 1:colcon.colcon_core.package_identification:_identify(nucleus_driver_ros2/blueos_extension/src/nucleus_extension/static/images) by extensions ['colcon_meta']
[0.163s] Level 1:colcon.colcon_core.package_identification:_identify(nucleus_driver_ros2/blueos_extension/src/nucleus_extension/static/images) by extension 'colcon_meta'
[0.163s] Level 1:colcon.colcon_core.package_identification:_identify(nucleus_driver_ros2/blueos_extension/src/nucleus_extension/static/images) by extensions ['ros']
[0.163s] Level 1:colcon.colcon_core.package_identification:_identify(nucleus_driver_ros2/blueos_extension/src/nucleus_extension/static/images) by extension 'ros'
[0.163s] Level 1:colcon.colcon_core.package_identification:_identify(nucleus_driver_ros2/blueos_extension/src/nucleus_extension/static/images) by extensions ['cmake', 'python']
[0.163s] Level 1:colcon.colcon_core.package_identification:_identify(nucleus_driver_ros2/blueos_extension/src/nucleus_extension/static/images) by extension 'cmake'
[0.163s] Level 1:colcon.colcon_core.package_identification:_identify(nucleus_driver_ros2/blueos_extension/src/nucleus_extension/static/images) by extension 'python'
[0.163s] Level 1:colcon.colcon_core.package_identification:_identify(nucleus_driver_ros2/blueos_extension/src/nucleus_extension/static/images) by extensions ['python_setup_py']
[0.163s] Level 1:colcon.colcon_core.package_identification:_identify(nucleus_driver_ros2/blueos_extension/src/nucleus_extension/static/images) by extension 'python_setup_py'
[0.163s] Level 1:colcon.colcon_core.package_identification:_identify(nucleus_driver_ros2/blueos_extension/src/nucleus_extension/static/js) by extensions ['ignore', 'ignore_ament_install']
[0.163s] Level 1:colcon.colcon_core.package_identification:_identify(nucleus_driver_ros2/blueos_extension/src/nucleus_extension/static/js) by extension 'ignore'
[0.163s] Level 1:colcon.colcon_core.package_identification:_identify(nucleus_driver_ros2/blueos_extension/src/nucleus_extension/static/js) by extension 'ignore_ament_install'
[0.163s] Level 1:colcon.colcon_core.package_identification:_identify(nucleus_driver_ros2/blueos_extension/src/nucleus_extension/static/js) by extensions ['colcon_pkg']
[0.163s] Level 1:colcon.colcon_core.package_identification:_identify(nucleus_driver_ros2/blueos_extension/src/nucleus_extension/static/js) by extension 'colcon_pkg'
[0.163s] Level 1:colcon.colcon_core.package_identification:_identify(nucleus_driver_ros2/blueos_extension/src/nucleus_extension/static/js) by extensions ['colcon_meta']
[0.163s] Level 1:colcon.colcon_core.package_identification:_identify(nucleus_driver_ros2/blueos_extension/src/nucleus_extension/static/js) by extension 'colcon_meta'
[0.163s] Level 1:colcon.colcon_core.package_identification:_identify(nucleus_driver_ros2/blueos_extension/src/nucleus_extension/static/js) by extensions ['ros']
[0.163s] Level 1:colcon.colcon_core.package_identification:_identify(nucleus_driver_ros2/blueos_extension/src/nucleus_extension/static/js) by extension 'ros'
[0.163s] Level 1:colcon.colcon_core.package_identification:_identify(nucleus_driver_ros2/blueos_extension/src/nucleus_extension/static/js) by extensions ['cmake', 'python']
[0.163s] Level 1:colcon.colcon_core.package_identification:_identify(nucleus_driver_ros2/blueos_extension/src/nucleus_extension/static/js) by extension 'cmake'
[0.163s] Level 1:colcon.colcon_core.package_identification:_identify(nucleus_driver_ros2/blueos_extension/src/nucleus_extension/static/js) by extension 'python'
[0.163s] Level 1:colcon.colcon_core.package_identification:_identify(nucleus_driver_ros2/blueos_extension/src/nucleus_extension/static/js) by extensions ['python_setup_py']
[0.163s] Level 1:colcon.colcon_core.package_identification:_identify(nucleus_driver_ros2/blueos_extension/src/nucleus_extension/static/js) by extension 'python_setup_py'
[0.163s] Level 1:colcon.colcon_core.package_identification:_identify(nucleus_driver_ros2/blueos_extension/src/nucleus_extension/templates) by extensions ['ignore', 'ignore_ament_install']
[0.163s] Level 1:colcon.colcon_core.package_identification:_identify(nucleus_driver_ros2/blueos_extension/src/nucleus_extension/templates) by extension 'ignore'
[0.163s] Level 1:colcon.colcon_core.package_identification:_identify(nucleus_driver_ros2/blueos_extension/src/nucleus_extension/templates) by extension 'ignore_ament_install'
[0.163s] Level 1:colcon.colcon_core.package_identification:_identify(nucleus_driver_ros2/blueos_extension/src/nucleus_extension/templates) by extensions ['colcon_pkg']
[0.163s] Level 1:colcon.colcon_core.package_identification:_identify(nucleus_driver_ros2/blueos_extension/src/nucleus_extension/templates) by extension 'colcon_pkg'
[0.163s] Level 1:colcon.colcon_core.package_identification:_identify(nucleus_driver_ros2/blueos_extension/src/nucleus_extension/templates) by extensions ['colcon_meta']
[0.163s] Level 1:colcon.colcon_core.package_identification:_identify(nucleus_driver_ros2/blueos_extension/src/nucleus_extension/templates) by extension 'colcon_meta'
[0.163s] Level 1:colcon.colcon_core.package_identification:_identify(nucleus_driver_ros2/blueos_extension/src/nucleus_extension/templates) by extensions ['ros']
[0.163s] Level 1:colcon.colcon_core.package_identification:_identify(nucleus_driver_ros2/blueos_extension/src/nucleus_extension/templates) by extension 'ros'
[0.164s] Level 1:colcon.colcon_core.package_identification:_identify(nucleus_driver_ros2/blueos_extension/src/nucleus_extension/templates) by extensions ['cmake', 'python']
[0.164s] Level 1:colcon.colcon_core.package_identification:_identify(nucleus_driver_ros2/blueos_extension/src/nucleus_extension/templates) by extension 'cmake'
[0.164s] Level 1:colcon.colcon_core.package_identification:_identify(nucleus_driver_ros2/blueos_extension/src/nucleus_extension/templates) by extension 'python'
[0.164s] Level 1:colcon.colcon_core.package_identification:_identify(nucleus_driver_ros2/blueos_extension/src/nucleus_extension/templates) by extensions ['python_setup_py']
[0.164s] Level 1:colcon.colcon_core.package_identification:_identify(nucleus_driver_ros2/blueos_extension/src/nucleus_extension/templates) by extension 'python_setup_py'
[0.164s] Level 1:colcon.colcon_core.package_identification:_identify(nucleus_driver_ros2/nucleus_driver) by extensions ['ignore', 'ignore_ament_install']
[0.164s] Level 1:colcon.colcon_core.package_identification:_identify(nucleus_driver_ros2/nucleus_driver) by extension 'ignore'
[0.164s] Level 1:colcon.colcon_core.package_identification:_identify(nucleus_driver_ros2/nucleus_driver) by extension 'ignore_ament_install'
[0.164s] Level 1:colcon.colcon_core.package_identification:_identify(nucleus_driver_ros2/nucleus_driver) by extensions ['colcon_pkg']
[0.164s] Level 1:colcon.colcon_core.package_identification:_identify(nucleus_driver_ros2/nucleus_driver) by extension 'colcon_pkg'
[0.164s] Level 1:colcon.colcon_core.package_identification:_identify(nucleus_driver_ros2/nucleus_driver) by extensions ['colcon_meta']
[0.164s] Level 1:colcon.colcon_core.package_identification:_identify(nucleus_driver_ros2/nucleus_driver) by extension 'colcon_meta'
[0.164s] Level 1:colcon.colcon_core.package_identification:_identify(nucleus_driver_ros2/nucleus_driver) by extensions ['ros']
[0.164s] Level 1:colcon.colcon_core.package_identification:_identify(nucleus_driver_ros2/nucleus_driver) by extension 'ros'
[0.164s] Level 1:colcon.colcon_core.package_identification:_identify(nucleus_driver_ros2/nucleus_driver) by extensions ['cmake', 'python']
[0.164s] Level 1:colcon.colcon_core.package_identification:_identify(nucleus_driver_ros2/nucleus_driver) by extension 'cmake'
[0.164s] Level 1:colcon.colcon_core.package_identification:_identify(nucleus_driver_ros2/nucleus_driver) by extension 'python'
[0.164s] Level 1:colcon.colcon_core.package_identification:_identify(nucleus_driver_ros2/nucleus_driver) by extensions ['python_setup_py']
[0.164s] Level 1:colcon.colcon_core.package_identification:_identify(nucleus_driver_ros2/nucleus_driver) by extension 'python_setup_py'
[0.164s] Level 1:colcon.colcon_core.package_identification:_identify(nucleus_driver_ros2/nucleus_driver/build) by extensions ['ignore', 'ignore_ament_install']
[0.164s] Level 1:colcon.colcon_core.package_identification:_identify(nucleus_driver_ros2/nucleus_driver/build) by extension 'ignore'
[0.164s] Level 1:colcon.colcon_core.package_identification:_identify(nucleus_driver_ros2/nucleus_driver/build) by extension 'ignore_ament_install'
[0.164s] Level 1:colcon.colcon_core.package_identification:_identify(nucleus_driver_ros2/nucleus_driver/build) by extensions ['colcon_pkg']
[0.164s] Level 1:colcon.colcon_core.package_identification:_identify(nucleus_driver_ros2/nucleus_driver/build) by extension 'colcon_pkg'
[0.164s] Level 1:colcon.colcon_core.package_identification:_identify(nucleus_driver_ros2/nucleus_driver/build) by extensions ['colcon_meta']
[0.164s] Level 1:colcon.colcon_core.package_identification:_identify(nucleus_driver_ros2/nucleus_driver/build) by extension 'colcon_meta'
[0.164s] Level 1:colcon.colcon_core.package_identification:_identify(nucleus_driver_ros2/nucleus_driver/build) by extensions ['ros']
[0.164s] Level 1:colcon.colcon_core.package_identification:_identify(nucleus_driver_ros2/nucleus_driver/build) by extension 'ros'
[0.164s] Level 1:colcon.colcon_core.package_identification:_identify(nucleus_driver_ros2/nucleus_driver/build) by extensions ['cmake', 'python']
[0.164s] Level 1:colcon.colcon_core.package_identification:_identify(nucleus_driver_ros2/nucleus_driver/build) by extension 'cmake'
[0.164s] Level 1:colcon.colcon_core.package_identification:_identify(nucleus_driver_ros2/nucleus_driver/build) by extension 'python'
[0.164s] Level 1:colcon.colcon_core.package_identification:_identify(nucleus_driver_ros2/nucleus_driver/build) by extensions ['python_setup_py']
[0.164s] Level 1:colcon.colcon_core.package_identification:_identify(nucleus_driver_ros2/nucleus_driver/build) by extension 'python_setup_py'
[0.164s] Level 1:colcon.colcon_core.package_identification:_identify(nucleus_driver_ros2/nucleus_driver/build/bdist.linux-x86_64) by extensions ['ignore', 'ignore_ament_install']
[0.164s] Level 1:colcon.colcon_core.package_identification:_identify(nucleus_driver_ros2/nucleus_driver/build/bdist.linux-x86_64) by extension 'ignore'
[0.164s] Level 1:colcon.colcon_core.package_identification:_identify(nucleus_driver_ros2/nucleus_driver/build/bdist.linux-x86_64) by extension 'ignore_ament_install'
[0.164s] Level 1:colcon.colcon_core.package_identification:_identify(nucleus_driver_ros2/nucleus_driver/build/bdist.linux-x86_64) by extensions ['colcon_pkg']
[0.164s] Level 1:colcon.colcon_core.package_identification:_identify(nucleus_driver_ros2/nucleus_driver/build/bdist.linux-x86_64) by extension 'colcon_pkg'
[0.164s] Level 1:colcon.colcon_core.package_identification:_identify(nucleus_driver_ros2/nucleus_driver/build/bdist.linux-x86_64) by extensions ['colcon_meta']
[0.164s] Level 1:colcon.colcon_core.package_identification:_identify(nucleus_driver_ros2/nucleus_driver/build/bdist.linux-x86_64) by extension 'colcon_meta'
[0.164s] Level 1:colcon.colcon_core.package_identification:_identify(nucleus_driver_ros2/nucleus_driver/build/bdist.linux-x86_64) by extensions ['ros']
[0.164s] Level 1:colcon.colcon_core.package_identification:_identify(nucleus_driver_ros2/nucleus_driver/build/bdist.linux-x86_64) by extension 'ros'
[0.164s] Level 1:colcon.colcon_core.package_identification:_identify(nucleus_driver_ros2/nucleus_driver/build/bdist.linux-x86_64) by extensions ['cmake', 'python']
[0.164s] Level 1:colcon.colcon_core.package_identification:_identify(nucleus_driver_ros2/nucleus_driver/build/bdist.linux-x86_64) by extension 'cmake'
[0.164s] Level 1:colcon.colcon_core.package_identification:_identify(nucleus_driver_ros2/nucleus_driver/build/bdist.linux-x86_64) by extension 'python'
[0.164s] Level 1:colcon.colcon_core.package_identification:_identify(nucleus_driver_ros2/nucleus_driver/build/bdist.linux-x86_64) by extensions ['python_setup_py']
[0.164s] Level 1:colcon.colcon_core.package_identification:_identify(nucleus_driver_ros2/nucleus_driver/build/bdist.linux-x86_64) by extension 'python_setup_py'
[0.164s] Level 1:colcon.colcon_core.package_identification:_identify(nucleus_driver_ros2/nucleus_driver/build/lib) by extensions ['ignore', 'ignore_ament_install']
[0.165s] Level 1:colcon.colcon_core.package_identification:_identify(nucleus_driver_ros2/nucleus_driver/build/lib) by extension 'ignore'
[0.165s] Level 1:colcon.colcon_core.package_identification:_identify(nucleus_driver_ros2/nucleus_driver/build/lib) by extension 'ignore_ament_install'
[0.165s] Level 1:colcon.colcon_core.package_identification:_identify(nucleus_driver_ros2/nucleus_driver/build/lib) by extensions ['colcon_pkg']
[0.165s] Level 1:colcon.colcon_core.package_identification:_identify(nucleus_driver_ros2/nucleus_driver/build/lib) by extension 'colcon_pkg'
[0.165s] Level 1:colcon.colcon_core.package_identification:_identify(nucleus_driver_ros2/nucleus_driver/build/lib) by extensions ['colcon_meta']
[0.165s] Level 1:colcon.colcon_core.package_identification:_identify(nucleus_driver_ros2/nucleus_driver/build/lib) by extension 'colcon_meta'
[0.165s] Level 1:colcon.colcon_core.package_identification:_identify(nucleus_driver_ros2/nucleus_driver/build/lib) by extensions ['ros']
[0.165s] Level 1:colcon.colcon_core.package_identification:_identify(nucleus_driver_ros2/nucleus_driver/build/lib) by extension 'ros'
[0.165s] Level 1:colcon.colcon_core.package_identification:_identify(nucleus_driver_ros2/nucleus_driver/build/lib) by extensions ['cmake', 'python']
[0.165s] Level 1:colcon.colcon_core.package_identification:_identify(nucleus_driver_ros2/nucleus_driver/build/lib) by extension 'cmake'
[0.165s] Level 1:colcon.colcon_core.package_identification:_identify(nucleus_driver_ros2/nucleus_driver/build/lib) by extension 'python'
[0.165s] Level 1:colcon.colcon_core.package_identification:_identify(nucleus_driver_ros2/nucleus_driver/build/lib) by extensions ['python_setup_py']
[0.165s] Level 1:colcon.colcon_core.package_identification:_identify(nucleus_driver_ros2/nucleus_driver/build/lib) by extension 'python_setup_py'
[0.165s] Level 1:colcon.colcon_core.package_identification:_identify(nucleus_driver_ros2/nucleus_driver/build/lib/nucleus_driver) by extensions ['ignore', 'ignore_ament_install']
[0.165s] Level 1:colcon.colcon_core.package_identification:_identify(nucleus_driver_ros2/nucleus_driver/build/lib/nucleus_driver) by extension 'ignore'
[0.165s] Level 1:colcon.colcon_core.package_identification:_identify(nucleus_driver_ros2/nucleus_driver/build/lib/nucleus_driver) by extension 'ignore_ament_install'
[0.165s] Level 1:colcon.colcon_core.package_identification:_identify(nucleus_driver_ros2/nucleus_driver/build/lib/nucleus_driver) by extensions ['colcon_pkg']
[0.165s] Level 1:colcon.colcon_core.package_identification:_identify(nucleus_driver_ros2/nucleus_driver/build/lib/nucleus_driver) by extension 'colcon_pkg'
[0.165s] Level 1:colcon.colcon_core.package_identification:_identify(nucleus_driver_ros2/nucleus_driver/build/lib/nucleus_driver) by extensions ['colcon_meta']
[0.165s] Level 1:colcon.colcon_core.package_identification:_identify(nucleus_driver_ros2/nucleus_driver/build/lib/nucleus_driver) by extension 'colcon_meta'
[0.165s] Level 1:colcon.colcon_core.package_identification:_identify(nucleus_driver_ros2/nucleus_driver/build/lib/nucleus_driver) by extensions ['ros']
[0.165s] Level 1:colcon.colcon_core.package_identification:_identify(nucleus_driver_ros2/nucleus_driver/build/lib/nucleus_driver) by extension 'ros'
[0.165s] Level 1:colcon.colcon_core.package_identification:_identify(nucleus_driver_ros2/nucleus_driver/build/lib/nucleus_driver) by extensions ['cmake', 'python']
[0.165s] Level 1:colcon.colcon_core.package_identification:_identify(nucleus_driver_ros2/nucleus_driver/build/lib/nucleus_driver) by extension 'cmake'
[0.165s] Level 1:colcon.colcon_core.package_identification:_identify(nucleus_driver_ros2/nucleus_driver/build/lib/nucleus_driver) by extension 'python'
[0.165s] Level 1:colcon.colcon_core.package_identification:_identify(nucleus_driver_ros2/nucleus_driver/build/lib/nucleus_driver) by extensions ['python_setup_py']
[0.165s] Level 1:colcon.colcon_core.package_identification:_identify(nucleus_driver_ros2/nucleus_driver/build/lib/nucleus_driver) by extension 'python_setup_py'
[0.165s] Level 1:colcon.colcon_core.package_identification:_identify(nucleus_driver_ros2/nucleus_driver/docs) by extensions ['ignore', 'ignore_ament_install']
[0.165s] Level 1:colcon.colcon_core.package_identification:_identify(nucleus_driver_ros2/nucleus_driver/docs) by extension 'ignore'
[0.165s] Level 1:colcon.colcon_core.package_identification:_identify(nucleus_driver_ros2/nucleus_driver/docs) by extension 'ignore_ament_install'
[0.165s] Level 1:colcon.colcon_core.package_identification:_identify(nucleus_driver_ros2/nucleus_driver/docs) by extensions ['colcon_pkg']
[0.165s] Level 1:colcon.colcon_core.package_identification:_identify(nucleus_driver_ros2/nucleus_driver/docs) by extension 'colcon_pkg'
[0.165s] Level 1:colcon.colcon_core.package_identification:_identify(nucleus_driver_ros2/nucleus_driver/docs) by extensions ['colcon_meta']
[0.165s] Level 1:colcon.colcon_core.package_identification:_identify(nucleus_driver_ros2/nucleus_driver/docs) by extension 'colcon_meta'
[0.165s] Level 1:colcon.colcon_core.package_identification:_identify(nucleus_driver_ros2/nucleus_driver/docs) by extensions ['ros']
[0.165s] Level 1:colcon.colcon_core.package_identification:_identify(nucleus_driver_ros2/nucleus_driver/docs) by extension 'ros'
[0.165s] Level 1:colcon.colcon_core.package_identification:_identify(nucleus_driver_ros2/nucleus_driver/docs) by extensions ['cmake', 'python']
[0.165s] Level 1:colcon.colcon_core.package_identification:_identify(nucleus_driver_ros2/nucleus_driver/docs) by extension 'cmake'
[0.165s] Level 1:colcon.colcon_core.package_identification:_identify(nucleus_driver_ros2/nucleus_driver/docs) by extension 'python'
[0.165s] Level 1:colcon.colcon_core.package_identification:_identify(nucleus_driver_ros2/nucleus_driver/docs) by extensions ['python_setup_py']
[0.165s] Level 1:colcon.colcon_core.package_identification:_identify(nucleus_driver_ros2/nucleus_driver/docs) by extension 'python_setup_py'
[0.165s] Level 1:colcon.colcon_core.package_identification:_identify(nucleus_driver_ros2/nucleus_driver/src) by extensions ['ignore', 'ignore_ament_install']
[0.165s] Level 1:colcon.colcon_core.package_identification:_identify(nucleus_driver_ros2/nucleus_driver/src) by extension 'ignore'
[0.165s] Level 1:colcon.colcon_core.package_identification:_identify(nucleus_driver_ros2/nucleus_driver/src) by extension 'ignore_ament_install'
[0.165s] Level 1:colcon.colcon_core.package_identification:_identify(nucleus_driver_ros2/nucleus_driver/src) by extensions ['colcon_pkg']
[0.165s] Level 1:colcon.colcon_core.package_identification:_identify(nucleus_driver_ros2/nucleus_driver/src) by extension 'colcon_pkg'
[0.165s] Level 1:colcon.colcon_core.package_identification:_identify(nucleus_driver_ros2/nucleus_driver/src) by extensions ['colcon_meta']
[0.166s] Level 1:colcon.colcon_core.package_identification:_identify(nucleus_driver_ros2/nucleus_driver/src) by extension 'colcon_meta'
[0.166s] Level 1:colcon.colcon_core.package_identification:_identify(nucleus_driver_ros2/nucleus_driver/src) by extensions ['ros']
[0.166s] Level 1:colcon.colcon_core.package_identification:_identify(nucleus_driver_ros2/nucleus_driver/src) by extension 'ros'
[0.166s] Level 1:colcon.colcon_core.package_identification:_identify(nucleus_driver_ros2/nucleus_driver/src) by extensions ['cmake', 'python']
[0.166s] Level 1:colcon.colcon_core.package_identification:_identify(nucleus_driver_ros2/nucleus_driver/src) by extension 'cmake'
[0.166s] Level 1:colcon.colcon_core.package_identification:_identify(nucleus_driver_ros2/nucleus_driver/src) by extension 'python'
[0.166s] Level 1:colcon.colcon_core.package_identification:_identify(nucleus_driver_ros2/nucleus_driver/src) by extensions ['python_setup_py']
[0.166s] Level 1:colcon.colcon_core.package_identification:_identify(nucleus_driver_ros2/nucleus_driver/src) by extension 'python_setup_py'
[0.166s] Level 1:colcon.colcon_core.package_identification:_identify(nucleus_driver_ros2/nucleus_driver/src/nucleus_driver) by extensions ['ignore', 'ignore_ament_install']
[0.166s] Level 1:colcon.colcon_core.package_identification:_identify(nucleus_driver_ros2/nucleus_driver/src/nucleus_driver) by extension 'ignore'
[0.166s] Level 1:colcon.colcon_core.package_identification:_identify(nucleus_driver_ros2/nucleus_driver/src/nucleus_driver) by extension 'ignore_ament_install'
[0.166s] Level 1:colcon.colcon_core.package_identification:_identify(nucleus_driver_ros2/nucleus_driver/src/nucleus_driver) by extensions ['colcon_pkg']
[0.166s] Level 1:colcon.colcon_core.package_identification:_identify(nucleus_driver_ros2/nucleus_driver/src/nucleus_driver) by extension 'colcon_pkg'
[0.166s] Level 1:colcon.colcon_core.package_identification:_identify(nucleus_driver_ros2/nucleus_driver/src/nucleus_driver) by extensions ['colcon_meta']
[0.166s] Level 1:colcon.colcon_core.package_identification:_identify(nucleus_driver_ros2/nucleus_driver/src/nucleus_driver) by extension 'colcon_meta'
[0.166s] Level 1:colcon.colcon_core.package_identification:_identify(nucleus_driver_ros2/nucleus_driver/src/nucleus_driver) by extensions ['ros']
[0.166s] Level 1:colcon.colcon_core.package_identification:_identify(nucleus_driver_ros2/nucleus_driver/src/nucleus_driver) by extension 'ros'
[0.166s] Level 1:colcon.colcon_core.package_identification:_identify(nucleus_driver_ros2/nucleus_driver/src/nucleus_driver) by extensions ['cmake', 'python']
[0.166s] Level 1:colcon.colcon_core.package_identification:_identify(nucleus_driver_ros2/nucleus_driver/src/nucleus_driver) by extension 'cmake'
[0.166s] Level 1:colcon.colcon_core.package_identification:_identify(nucleus_driver_ros2/nucleus_driver/src/nucleus_driver) by extension 'python'
[0.166s] Level 1:colcon.colcon_core.package_identification:_identify(nucleus_driver_ros2/nucleus_driver/src/nucleus_driver) by extensions ['python_setup_py']
[0.166s] Level 1:colcon.colcon_core.package_identification:_identify(nucleus_driver_ros2/nucleus_driver/src/nucleus_driver) by extension 'python_setup_py'
[0.166s] Level 1:colcon.colcon_core.package_identification:_identify(nucleus_driver_ros2/nucleus_driver/src/nucleus_driver/__pycache__) by extensions ['ignore', 'ignore_ament_install']
[0.166s] Level 1:colcon.colcon_core.package_identification:_identify(nucleus_driver_ros2/nucleus_driver/src/nucleus_driver/__pycache__) by extension 'ignore'
[0.166s] Level 1:colcon.colcon_core.package_identification:_identify(nucleus_driver_ros2/nucleus_driver/src/nucleus_driver/__pycache__) by extension 'ignore_ament_install'
[0.166s] Level 1:colcon.colcon_core.package_identification:_identify(nucleus_driver_ros2/nucleus_driver/src/nucleus_driver/__pycache__) by extensions ['colcon_pkg']
[0.166s] Level 1:colcon.colcon_core.package_identification:_identify(nucleus_driver_ros2/nucleus_driver/src/nucleus_driver/__pycache__) by extension 'colcon_pkg'
[0.166s] Level 1:colcon.colcon_core.package_identification:_identify(nucleus_driver_ros2/nucleus_driver/src/nucleus_driver/__pycache__) by extensions ['colcon_meta']
[0.166s] Level 1:colcon.colcon_core.package_identification:_identify(nucleus_driver_ros2/nucleus_driver/src/nucleus_driver/__pycache__) by extension 'colcon_meta'
[0.166s] Level 1:colcon.colcon_core.package_identification:_identify(nucleus_driver_ros2/nucleus_driver/src/nucleus_driver/__pycache__) by extensions ['ros']
[0.166s] Level 1:colcon.colcon_core.package_identification:_identify(nucleus_driver_ros2/nucleus_driver/src/nucleus_driver/__pycache__) by extension 'ros'
[0.166s] Level 1:colcon.colcon_core.package_identification:_identify(nucleus_driver_ros2/nucleus_driver/src/nucleus_driver/__pycache__) by extensions ['cmake', 'python']
[0.166s] Level 1:colcon.colcon_core.package_identification:_identify(nucleus_driver_ros2/nucleus_driver/src/nucleus_driver/__pycache__) by extension 'cmake'
[0.166s] Level 1:colcon.colcon_core.package_identification:_identify(nucleus_driver_ros2/nucleus_driver/src/nucleus_driver/__pycache__) by extension 'python'
[0.166s] Level 1:colcon.colcon_core.package_identification:_identify(nucleus_driver_ros2/nucleus_driver/src/nucleus_driver/__pycache__) by extensions ['python_setup_py']
[0.166s] Level 1:colcon.colcon_core.package_identification:_identify(nucleus_driver_ros2/nucleus_driver/src/nucleus_driver/__pycache__) by extension 'python_setup_py'
[0.166s] Level 1:colcon.colcon_core.package_identification:_identify(nucleus_driver_ros2/nucleus_driver/src/nucleus_driver/entrypoints) by extensions ['ignore', 'ignore_ament_install']
[0.166s] Level 1:colcon.colcon_core.package_identification:_identify(nucleus_driver_ros2/nucleus_driver/src/nucleus_driver/entrypoints) by extension 'ignore'
[0.166s] Level 1:colcon.colcon_core.package_identification:_identify(nucleus_driver_ros2/nucleus_driver/src/nucleus_driver/entrypoints) by extension 'ignore_ament_install'
[0.166s] Level 1:colcon.colcon_core.package_identification:_identify(nucleus_driver_ros2/nucleus_driver/src/nucleus_driver/entrypoints) by extensions ['colcon_pkg']
[0.166s] Level 1:colcon.colcon_core.package_identification:_identify(nucleus_driver_ros2/nucleus_driver/src/nucleus_driver/entrypoints) by extension 'colcon_pkg'
[0.166s] Level 1:colcon.colcon_core.package_identification:_identify(nucleus_driver_ros2/nucleus_driver/src/nucleus_driver/entrypoints) by extensions ['colcon_meta']
[0.166s] Level 1:colcon.colcon_core.package_identification:_identify(nucleus_driver_ros2/nucleus_driver/src/nucleus_driver/entrypoints) by extension 'colcon_meta'
[0.166s] Level 1:colcon.colcon_core.package_identification:_identify(nucleus_driver_ros2/nucleus_driver/src/nucleus_driver/entrypoints) by extensions ['ros']
[0.166s] Level 1:colcon.colcon_core.package_identification:_identify(nucleus_driver_ros2/nucleus_driver/src/nucleus_driver/entrypoints) by extension 'ros'
[0.166s] Level 1:colcon.colcon_core.package_identification:_identify(nucleus_driver_ros2/nucleus_driver/src/nucleus_driver/entrypoints) by extensions ['cmake', 'python']
[0.166s] Level 1:colcon.colcon_core.package_identification:_identify(nucleus_driver_ros2/nucleus_driver/src/nucleus_driver/entrypoints) by extension 'cmake'
[0.166s] Level 1:colcon.colcon_core.package_identification:_identify(nucleus_driver_ros2/nucleus_driver/src/nucleus_driver/entrypoints) by extension 'python'
[0.166s] Level 1:colcon.colcon_core.package_identification:_identify(nucleus_driver_ros2/nucleus_driver/src/nucleus_driver/entrypoints) by extensions ['python_setup_py']
[0.167s] Level 1:colcon.colcon_core.package_identification:_identify(nucleus_driver_ros2/nucleus_driver/src/nucleus_driver/entrypoints) by extension 'python_setup_py'
[0.167s] Level 1:colcon.colcon_core.package_identification:_identify(nucleus_driver_ros2/nucleus_driver/src/nucleus_driver.egg-info) by extensions ['ignore', 'ignore_ament_install']
[0.167s] Level 1:colcon.colcon_core.package_identification:_identify(nucleus_driver_ros2/nucleus_driver/src/nucleus_driver.egg-info) by extension 'ignore'
[0.167s] Level 1:colcon.colcon_core.package_identification:_identify(nucleus_driver_ros2/nucleus_driver/src/nucleus_driver.egg-info) by extension 'ignore_ament_install'
[0.167s] Level 1:colcon.colcon_core.package_identification:_identify(nucleus_driver_ros2/nucleus_driver/src/nucleus_driver.egg-info) by extensions ['colcon_pkg']
[0.167s] Level 1:colcon.colcon_core.package_identification:_identify(nucleus_driver_ros2/nucleus_driver/src/nucleus_driver.egg-info) by extension 'colcon_pkg'
[0.167s] Level 1:colcon.colcon_core.package_identification:_identify(nucleus_driver_ros2/nucleus_driver/src/nucleus_driver.egg-info) by extensions ['colcon_meta']
[0.167s] Level 1:colcon.colcon_core.package_identification:_identify(nucleus_driver_ros2/nucleus_driver/src/nucleus_driver.egg-info) by extension 'colcon_meta'
[0.167s] Level 1:colcon.colcon_core.package_identification:_identify(nucleus_driver_ros2/nucleus_driver/src/nucleus_driver.egg-info) by extensions ['ros']
[0.167s] Level 1:colcon.colcon_core.package_identification:_identify(nucleus_driver_ros2/nucleus_driver/src/nucleus_driver.egg-info) by extension 'ros'
[0.167s] Level 1:colcon.colcon_core.package_identification:_identify(nucleus_driver_ros2/nucleus_driver/src/nucleus_driver.egg-info) by extensions ['cmake', 'python']
[0.167s] Level 1:colcon.colcon_core.package_identification:_identify(nucleus_driver_ros2/nucleus_driver/src/nucleus_driver.egg-info) by extension 'cmake'
[0.167s] Level 1:colcon.colcon_core.package_identification:_identify(nucleus_driver_ros2/nucleus_driver/src/nucleus_driver.egg-info) by extension 'python'
[0.167s] Level 1:colcon.colcon_core.package_identification:_identify(nucleus_driver_ros2/nucleus_driver/src/nucleus_driver.egg-info) by extensions ['python_setup_py']
[0.167s] Level 1:colcon.colcon_core.package_identification:_identify(nucleus_driver_ros2/nucleus_driver/src/nucleus_driver.egg-info) by extension 'python_setup_py'
[0.167s] Level 1:colcon.colcon_core.package_identification:_identify(nucleus_driver_ros2/ros2) by extensions ['ignore', 'ignore_ament_install']
[0.167s] Level 1:colcon.colcon_core.package_identification:_identify(nucleus_driver_ros2/ros2) by extension 'ignore'
[0.167s] Level 1:colcon.colcon_core.package_identification:_identify(nucleus_driver_ros2/ros2) by extension 'ignore_ament_install'
[0.167s] Level 1:colcon.colcon_core.package_identification:_identify(nucleus_driver_ros2/ros2) by extensions ['colcon_pkg']
[0.167s] Level 1:colcon.colcon_core.package_identification:_identify(nucleus_driver_ros2/ros2) by extension 'colcon_pkg'
[0.167s] Level 1:colcon.colcon_core.package_identification:_identify(nucleus_driver_ros2/ros2) by extensions ['colcon_meta']
[0.167s] Level 1:colcon.colcon_core.package_identification:_identify(nucleus_driver_ros2/ros2) by extension 'colcon_meta'
[0.167s] Level 1:colcon.colcon_core.package_identification:_identify(nucleus_driver_ros2/ros2) by extensions ['ros']
[0.167s] Level 1:colcon.colcon_core.package_identification:_identify(nucleus_driver_ros2/ros2) by extension 'ros'
[0.167s] Level 1:colcon.colcon_core.package_identification:_identify(nucleus_driver_ros2/ros2) by extensions ['cmake', 'python']
[0.167s] Level 1:colcon.colcon_core.package_identification:_identify(nucleus_driver_ros2/ros2) by extension 'cmake'
[0.167s] Level 1:colcon.colcon_core.package_identification:_identify(nucleus_driver_ros2/ros2) by extension 'python'
[0.167s] Level 1:colcon.colcon_core.package_identification:_identify(nucleus_driver_ros2/ros2) by extensions ['python_setup_py']
[0.167s] Level 1:colcon.colcon_core.package_identification:_identify(nucleus_driver_ros2/ros2) by extension 'python_setup_py'
[0.167s] Level 1:colcon.colcon_core.package_identification:_identify(nucleus_driver_ros2/ros2/config) by extensions ['ignore', 'ignore_ament_install']
[0.167s] Level 1:colcon.colcon_core.package_identification:_identify(nucleus_driver_ros2/ros2/config) by extension 'ignore'
[0.167s] Level 1:colcon.colcon_core.package_identification:_identify(nucleus_driver_ros2/ros2/config) by extension 'ignore_ament_install'
[0.167s] Level 1:colcon.colcon_core.package_identification:_identify(nucleus_driver_ros2/ros2/config) by extensions ['colcon_pkg']
[0.167s] Level 1:colcon.colcon_core.package_identification:_identify(nucleus_driver_ros2/ros2/config) by extension 'colcon_pkg'
[0.167s] Level 1:colcon.colcon_core.package_identification:_identify(nucleus_driver_ros2/ros2/config) by extensions ['colcon_meta']
[0.167s] Level 1:colcon.colcon_core.package_identification:_identify(nucleus_driver_ros2/ros2/config) by extension 'colcon_meta'
[0.167s] Level 1:colcon.colcon_core.package_identification:_identify(nucleus_driver_ros2/ros2/config) by extensions ['ros']
[0.167s] Level 1:colcon.colcon_core.package_identification:_identify(nucleus_driver_ros2/ros2/config) by extension 'ros'
[0.167s] Level 1:colcon.colcon_core.package_identification:_identify(nucleus_driver_ros2/ros2/config) by extensions ['cmake', 'python']
[0.167s] Level 1:colcon.colcon_core.package_identification:_identify(nucleus_driver_ros2/ros2/config) by extension 'cmake'
[0.167s] Level 1:colcon.colcon_core.package_identification:_identify(nucleus_driver_ros2/ros2/config) by extension 'python'
[0.167s] Level 1:colcon.colcon_core.package_identification:_identify(nucleus_driver_ros2/ros2/config) by extensions ['python_setup_py']
[0.167s] Level 1:colcon.colcon_core.package_identification:_identify(nucleus_driver_ros2/ros2/config) by extension 'python_setup_py'
[0.167s] Level 1:colcon.colcon_core.package_identification:_identify(nucleus_driver_ros2/ros2/entrypoints) by extensions ['ignore', 'ignore_ament_install']
[0.167s] Level 1:colcon.colcon_core.package_identification:_identify(nucleus_driver_ros2/ros2/entrypoints) by extension 'ignore'
[0.167s] Level 1:colcon.colcon_core.package_identification:_identify(nucleus_driver_ros2/ros2/entrypoints) by extension 'ignore_ament_install'
[0.167s] Level 1:colcon.colcon_core.package_identification:_identify(nucleus_driver_ros2/ros2/entrypoints) by extensions ['colcon_pkg']
[0.168s] Level 1:colcon.colcon_core.package_identification:_identify(nucleus_driver_ros2/ros2/entrypoints) by extension 'colcon_pkg'
[0.168s] Level 1:colcon.colcon_core.package_identification:_identify(nucleus_driver_ros2/ros2/entrypoints) by extensions ['colcon_meta']
[0.168s] Level 1:colcon.colcon_core.package_identification:_identify(nucleus_driver_ros2/ros2/entrypoints) by extension 'colcon_meta'
[0.168s] Level 1:colcon.colcon_core.package_identification:_identify(nucleus_driver_ros2/ros2/entrypoints) by extensions ['ros']
[0.168s] Level 1:colcon.colcon_core.package_identification:_identify(nucleus_driver_ros2/ros2/entrypoints) by extension 'ros'
[0.168s] Level 1:colcon.colcon_core.package_identification:_identify(nucleus_driver_ros2/ros2/entrypoints) by extensions ['cmake', 'python']
[0.168s] Level 1:colcon.colcon_core.package_identification:_identify(nucleus_driver_ros2/ros2/entrypoints) by extension 'cmake'
[0.168s] Level 1:colcon.colcon_core.package_identification:_identify(nucleus_driver_ros2/ros2/entrypoints) by extension 'python'
[0.168s] Level 1:colcon.colcon_core.package_identification:_identify(nucleus_driver_ros2/ros2/entrypoints) by extensions ['python_setup_py']
[0.168s] Level 1:colcon.colcon_core.package_identification:_identify(nucleus_driver_ros2/ros2/entrypoints) by extension 'python_setup_py'
[0.168s] Level 1:colcon.colcon_core.package_identification:_identify(nucleus_driver_ros2/ros2/examples) by extensions ['ignore', 'ignore_ament_install']
[0.168s] Level 1:colcon.colcon_core.package_identification:_identify(nucleus_driver_ros2/ros2/examples) by extension 'ignore'
[0.168s] Level 1:colcon.colcon_core.package_identification:_identify(nucleus_driver_ros2/ros2/examples) by extension 'ignore_ament_install'
[0.168s] Level 1:colcon.colcon_core.package_identification:_identify(nucleus_driver_ros2/ros2/examples) by extensions ['colcon_pkg']
[0.168s] Level 1:colcon.colcon_core.package_identification:_identify(nucleus_driver_ros2/ros2/examples) by extension 'colcon_pkg'
[0.168s] Level 1:colcon.colcon_core.package_identification:_identify(nucleus_driver_ros2/ros2/examples) by extensions ['colcon_meta']
[0.168s] Level 1:colcon.colcon_core.package_identification:_identify(nucleus_driver_ros2/ros2/examples) by extension 'colcon_meta'
[0.168s] Level 1:colcon.colcon_core.package_identification:_identify(nucleus_driver_ros2/ros2/examples) by extensions ['ros']
[0.168s] Level 1:colcon.colcon_core.package_identification:_identify(nucleus_driver_ros2/ros2/examples) by extension 'ros'
[0.168s] Level 1:colcon.colcon_core.package_identification:_identify(nucleus_driver_ros2/ros2/examples) by extensions ['cmake', 'python']
[0.168s] Level 1:colcon.colcon_core.package_identification:_identify(nucleus_driver_ros2/ros2/examples) by extension 'cmake'
[0.168s] Level 1:colcon.colcon_core.package_identification:_identify(nucleus_driver_ros2/ros2/examples) by extension 'python'
[0.168s] Level 1:colcon.colcon_core.package_identification:_identify(nucleus_driver_ros2/ros2/examples) by extensions ['python_setup_py']
[0.168s] Level 1:colcon.colcon_core.package_identification:_identify(nucleus_driver_ros2/ros2/examples) by extension 'python_setup_py'
[0.168s] Level 1:colcon.colcon_core.package_identification:_identify(nucleus_driver_ros2/ros2/src) by extensions ['ignore', 'ignore_ament_install']
[0.168s] Level 1:colcon.colcon_core.package_identification:_identify(nucleus_driver_ros2/ros2/src) by extension 'ignore'
[0.168s] Level 1:colcon.colcon_core.package_identification:_identify(nucleus_driver_ros2/ros2/src) by extension 'ignore_ament_install'
[0.168s] Level 1:colcon.colcon_core.package_identification:_identify(nucleus_driver_ros2/ros2/src) by extensions ['colcon_pkg']
[0.168s] Level 1:colcon.colcon_core.package_identification:_identify(nucleus_driver_ros2/ros2/src) by extension 'colcon_pkg'
[0.168s] Level 1:colcon.colcon_core.package_identification:_identify(nucleus_driver_ros2/ros2/src) by extensions ['colcon_meta']
[0.168s] Level 1:colcon.colcon_core.package_identification:_identify(nucleus_driver_ros2/ros2/src) by extension 'colcon_meta'
[0.168s] Level 1:colcon.colcon_core.package_identification:_identify(nucleus_driver_ros2/ros2/src) by extensions ['ros']
[0.168s] Level 1:colcon.colcon_core.package_identification:_identify(nucleus_driver_ros2/ros2/src) by extension 'ros'
[0.168s] Level 1:colcon.colcon_core.package_identification:_identify(nucleus_driver_ros2/ros2/src) by extensions ['cmake', 'python']
[0.168s] Level 1:colcon.colcon_core.package_identification:_identify(nucleus_driver_ros2/ros2/src) by extension 'cmake'
[0.168s] Level 1:colcon.colcon_core.package_identification:_identify(nucleus_driver_ros2/ros2/src) by extension 'python'
[0.168s] Level 1:colcon.colcon_core.package_identification:_identify(nucleus_driver_ros2/ros2/src) by extensions ['python_setup_py']
[0.168s] Level 1:colcon.colcon_core.package_identification:_identify(nucleus_driver_ros2/ros2/src) by extension 'python_setup_py'
[0.168s] Level 1:colcon.colcon_core.package_identification:_identify(nucleus_driver_ros2/ros2/src/interfaces) by extensions ['ignore', 'ignore_ament_install']
[0.168s] Level 1:colcon.colcon_core.package_identification:_identify(nucleus_driver_ros2/ros2/src/interfaces) by extension 'ignore'
[0.168s] Level 1:colcon.colcon_core.package_identification:_identify(nucleus_driver_ros2/ros2/src/interfaces) by extension 'ignore_ament_install'
[0.168s] Level 1:colcon.colcon_core.package_identification:_identify(nucleus_driver_ros2/ros2/src/interfaces) by extensions ['colcon_pkg']
[0.168s] Level 1:colcon.colcon_core.package_identification:_identify(nucleus_driver_ros2/ros2/src/interfaces) by extension 'colcon_pkg'
[0.168s] Level 1:colcon.colcon_core.package_identification:_identify(nucleus_driver_ros2/ros2/src/interfaces) by extensions ['colcon_meta']
[0.168s] Level 1:colcon.colcon_core.package_identification:_identify(nucleus_driver_ros2/ros2/src/interfaces) by extension 'colcon_meta'
[0.168s] Level 1:colcon.colcon_core.package_identification:_identify(nucleus_driver_ros2/ros2/src/interfaces) by extensions ['ros']
[0.168s] Level 1:colcon.colcon_core.package_identification:_identify(nucleus_driver_ros2/ros2/src/interfaces) by extension 'ros'
[0.170s] DEBUG:colcon.colcon_core.package_identification:Package 'nucleus_driver_ros2/ros2/src/interfaces' with type 'ros.ament_cmake' and name 'interfaces'
[0.170s] Level 1:colcon.colcon_core.package_identification:_identify(nucleus_driver_ros2/ros2/src/nucleus_driver_ros2) by extensions ['ignore', 'ignore_ament_install']
[0.170s] Level 1:colcon.colcon_core.package_identification:_identify(nucleus_driver_ros2/ros2/src/nucleus_driver_ros2) by extension 'ignore'
[0.170s] Level 1:colcon.colcon_core.package_identification:_identify(nucleus_driver_ros2/ros2/src/nucleus_driver_ros2) by extension 'ignore_ament_install'
[0.170s] Level 1:colcon.colcon_core.package_identification:_identify(nucleus_driver_ros2/ros2/src/nucleus_driver_ros2) by extensions ['colcon_pkg']
[0.170s] Level 1:colcon.colcon_core.package_identification:_identify(nucleus_driver_ros2/ros2/src/nucleus_driver_ros2) by extension 'colcon_pkg'
[0.170s] Level 1:colcon.colcon_core.package_identification:_identify(nucleus_driver_ros2/ros2/src/nucleus_driver_ros2) by extensions ['colcon_meta']
[0.170s] Level 1:colcon.colcon_core.package_identification:_identify(nucleus_driver_ros2/ros2/src/nucleus_driver_ros2) by extension 'colcon_meta'
[0.170s] Level 1:colcon.colcon_core.package_identification:_identify(nucleus_driver_ros2/ros2/src/nucleus_driver_ros2) by extensions ['ros']
[0.170s] Level 1:colcon.colcon_core.package_identification:_identify(nucleus_driver_ros2/ros2/src/nucleus_driver_ros2) by extension 'ros'
[0.170s] DEBUG:colcon.colcon_core.package_identification:Package 'nucleus_driver_ros2/ros2/src/nucleus_driver_ros2' with type 'ros.ament_python' and name 'nucleus_driver_ros2'
[0.170s] Level 1:colcon.colcon_core.package_discovery:discover_packages(recursive) using defaults
[0.170s] Level 1:colcon.colcon_core.package_discovery:discover_packages(ignore) discover
[0.170s] Level 1:colcon.colcon_core.package_discovery:discover_packages(ignore) using defaults
[0.170s] Level 1:colcon.colcon_core.package_discovery:discover_packages(path) discover
[0.170s] Level 1:colcon.colcon_core.package_discovery:discover_packages(path) using defaults
[0.181s] INFO:colcon.colcon_core.package_selection:Skipping not selected package 'interfaces' in 'nucleus_driver_ros2/ros2/src/interfaces'
[0.181s] Level 1:colcon.colcon_core.package_discovery:discover_packages(prefix_path) check parameters
[0.181s] Level 1:colcon.colcon_core.package_discovery:discover_packages(prefix_path) discover
[0.182s] DEBUG:colcon.colcon_installed_package_information.package_discovery:Found 2 installed packages in /home/frfusera/ros2_ws/nortek_ws/install
[0.182s] DEBUG:colcon.colcon_installed_package_information.package_discovery:Found 1 installed packages in /home/frfusera/ros2_ws/install
[0.183s] DEBUG:colcon.colcon_installed_package_information.package_discovery:Found 280 installed packages in /opt/ros/humble
[0.183s] Level 1:colcon.colcon_core.package_discovery:discover_packages(prefix_path) using defaults
[0.201s] Level 5:colcon.colcon_core.verb:set package 'nucleus_driver_ros2' build argument 'cmake_args' from command line to 'None'
[0.201s] Level 5:colcon.colcon_core.verb:set package 'nucleus_driver_ros2' build argument 'cmake_target' from command line to 'None'
[0.201s] Level 5:colcon.colcon_core.verb:set package 'nucleus_driver_ros2' build argument 'cmake_target_skip_unavailable' from command line to 'False'
[0.201s] Level 5:colcon.colcon_core.verb:set package 'nucleus_driver_ros2' build argument 'cmake_clean_cache' from command line to 'False'
[0.201s] Level 5:colcon.colcon_core.verb:set package 'nucleus_driver_ros2' build argument 'cmake_clean_first' from command line to 'False'
[0.201s] Level 5:colcon.colcon_core.verb:set package 'nucleus_driver_ros2' build argument 'cmake_force_configure' from command line to 'False'
[0.201s] Level 5:colcon.colcon_core.verb:set package 'nucleus_driver_ros2' build argument 'ament_cmake_args' from command line to 'None'
[0.201s] Level 5:colcon.colcon_core.verb:set package 'nucleus_driver_ros2' build argument 'catkin_cmake_args' from command line to 'None'
[0.201s] Level 5:colcon.colcon_core.verb:set package 'nucleus_driver_ros2' build argument 'catkin_skip_building_tests' from command line to 'False'
[0.201s] DEBUG:colcon.colcon_core.verb:Building package 'nucleus_driver_ros2' with the following arguments: {'ament_cmake_args': None, 'build_base': '/home/frfusera/ros2_ws/nortek_ws/build/nucleus_driver_ros2', 'catkin_cmake_args': None, 'catkin_skip_building_tests': False, 'cmake_args': None, 'cmake_clean_cache': False, 'cmake_clean_first': False, 'cmake_force_configure': False, 'cmake_target': None, 'cmake_target_skip_unavailable': False, 'install_base': '/home/frfusera/ros2_ws/nortek_ws/install/nucleus_driver_ros2', 'merge_install': False, 'path': '/home/frfusera/ros2_ws/nortek_ws/nucleus_driver_ros2/ros2/src/nucleus_driver_ros2', 'symlink_install': False, 'test_result_base': None}
[0.201s] INFO:colcon.colcon_core.executor:Executing jobs using 'parallel' executor
[0.202s] DEBUG:colcon.colcon_parallel_executor.executor.parallel:run_until_complete
[0.202s] INFO:colcon.colcon_ros.task.ament_python.build:Building ROS package in '/home/frfusera/ros2_ws/nortek_ws/nucleus_driver_ros2/ros2/src/nucleus_driver_ros2' with build type 'ament_python'
[0.202s] Level 1:colcon.colcon_core.shell:create_environment_hook('nucleus_driver_ros2', 'ament_prefix_path')
[0.203s] INFO:colcon.colcon_core.plugin_system:Skipping extension 'colcon_core.shell.bat': Not used on non-Windows systems
[0.203s] INFO:colcon.colcon_core.shell:Creating environment hook '/home/frfusera/ros2_ws/nortek_ws/install/nucleus_driver_ros2/share/nucleus_driver_ros2/hook/ament_prefix_path.ps1'
[0.204s] INFO:colcon.colcon_core.shell:Creating environment descriptor '/home/frfusera/ros2_ws/nortek_ws/install/nucleus_driver_ros2/share/nucleus_driver_ros2/hook/ament_prefix_path.dsv'
[0.204s] INFO:colcon.colcon_core.shell:Creating environment hook '/home/frfusera/ros2_ws/nortek_ws/install/nucleus_driver_ros2/share/nucleus_driver_ros2/hook/ament_prefix_path.sh'
[0.204s] INFO:colcon.colcon_core.shell:Skip shell extension 'powershell' for command environment: Not usable outside of PowerShell
[0.204s] DEBUG:colcon.colcon_core.shell:Skip shell extension 'dsv' for command environment
[0.351s] INFO:colcon.colcon_core.task.python.build:Building Python package in '/home/frfusera/ros2_ws/nortek_ws/nucleus_driver_ros2/ros2/src/nucleus_driver_ros2'
[0.351s] INFO:colcon.colcon_core.shell:Skip shell extension 'powershell' for command environment: Not usable outside of PowerShell
[0.351s] DEBUG:colcon.colcon_core.shell:Skip shell extension 'dsv' for command environment
[0.541s] DEBUG:colcon.colcon_core.event_handler.log_command:Invoking command in '/home/frfusera/ros2_ws/nortek_ws/build/nucleus_driver_ros2': PYTHONPATH=/home/frfusera/ros2_ws/nortek_ws/build/nucleus_driver_ros2/prefix_override:/usr/lib/python3/dist-packages/colcon_core/task/python/colcon_distutils_commands:/home/frfusera/ros2_ws/nortek_ws/install/nucleus_driver_ros2/lib/python3.10/site-packages:${PYTHONPATH} /usr/bin/python3 -W ignore:setup.py install is deprecated -W ignore:easy_install command is deprecated setup.py develop --uninstall --editable --build-directory /home/frfusera/ros2_ws/nortek_ws/build/nucleus_driver_ros2/build
[0.777s] DEBUG:colcon.colcon_core.event_handler.log_command:Invoked command in '/home/frfusera/ros2_ws/nortek_ws/build/nucleus_driver_ros2' returned '0': PYTHONPATH=/home/frfusera/ros2_ws/nortek_ws/build/nucleus_driver_ros2/prefix_override:/usr/lib/python3/dist-packages/colcon_core/task/python/colcon_distutils_commands:/home/frfusera/ros2_ws/nortek_ws/install/nucleus_driver_ros2/lib/python3.10/site-packages:${PYTHONPATH} /usr/bin/python3 -W ignore:setup.py install is deprecated -W ignore:easy_install command is deprecated setup.py develop --uninstall --editable --build-directory /home/frfusera/ros2_ws/nortek_ws/build/nucleus_driver_ros2/build
[0.779s] DEBUG:colcon.colcon_core.event_handler.log_command:Invoking command in '/home/frfusera/ros2_ws/nortek_ws/nucleus_driver_ros2/ros2/src/nucleus_driver_ros2': PYTHONPATH=/home/frfusera/ros2_ws/nortek_ws/build/nucleus_driver_ros2/prefix_override:/usr/lib/python3/dist-packages/colcon_core/task/python/colcon_distutils_commands:/home/frfusera/ros2_ws/nortek_ws/install/nucleus_driver_ros2/lib/python3.10/site-packages:${PYTHONPATH} /usr/bin/python3 -W ignore:setup.py install is deprecated -W ignore:easy_install command is deprecated setup.py egg_info --egg-base ../../../../build/nucleus_driver_ros2 build --build-base /home/frfusera/ros2_ws/nortek_ws/build/nucleus_driver_ros2/build install --record /home/frfusera/ros2_ws/nortek_ws/build/nucleus_driver_ros2/install.log --single-version-externally-managed install_data --force
[0.962s] DEBUG:colcon.colcon_core.event_handler.log_command:Invoked command in '/home/frfusera/ros2_ws/nortek_ws/nucleus_driver_ros2/ros2/src/nucleus_driver_ros2' returned '0': PYTHONPATH=/home/frfusera/ros2_ws/nortek_ws/build/nucleus_driver_ros2/prefix_override:/usr/lib/python3/dist-packages/colcon_core/task/python/colcon_distutils_commands:/home/frfusera/ros2_ws/nortek_ws/install/nucleus_driver_ros2/lib/python3.10/site-packages:${PYTHONPATH} /usr/bin/python3 -W ignore:setup.py install is deprecated -W ignore:easy_install command is deprecated setup.py egg_info --egg-base ../../../../build/nucleus_driver_ros2 build --build-base /home/frfusera/ros2_ws/nortek_ws/build/nucleus_driver_ros2/build install --record /home/frfusera/ros2_ws/nortek_ws/build/nucleus_driver_ros2/install.log --single-version-externally-managed install_data --force
[0.965s] Level 1:colcon.colcon_core.environment:checking '/home/frfusera/ros2_ws/nortek_ws/install/nucleus_driver_ros2' for CMake module files
[0.966s] Level 1:colcon.colcon_core.environment:checking '/home/frfusera/ros2_ws/nortek_ws/install/nucleus_driver_ros2' for CMake config files
[0.967s] Level 1:colcon.colcon_core.environment:checking '/home/frfusera/ros2_ws/nortek_ws/install/nucleus_driver_ros2/lib'
[0.967s] Level 1:colcon.colcon_core.environment:checking '/home/frfusera/ros2_ws/nortek_ws/install/nucleus_driver_ros2/bin'
[0.967s] Level 1:colcon.colcon_core.environment:checking '/home/frfusera/ros2_ws/nortek_ws/install/nucleus_driver_ros2/lib/pkgconfig/nucleus_driver_ros2.pc'
[0.967s] Level 1:colcon.colcon_core.environment:checking '/home/frfusera/ros2_ws/nortek_ws/install/nucleus_driver_ros2/lib/python3.10/site-packages'
[0.967s] Level 1:colcon.colcon_core.shell:create_environment_hook('nucleus_driver_ros2', 'pythonpath')
[0.967s] INFO:colcon.colcon_core.shell:Creating environment hook '/home/frfusera/ros2_ws/nortek_ws/install/nucleus_driver_ros2/share/nucleus_driver_ros2/hook/pythonpath.ps1'
[0.968s] INFO:colcon.colcon_core.shell:Creating environment descriptor '/home/frfusera/ros2_ws/nortek_ws/install/nucleus_driver_ros2/share/nucleus_driver_ros2/hook/pythonpath.dsv'
[0.968s] INFO:colcon.colcon_core.shell:Creating environment hook '/home/frfusera/ros2_ws/nortek_ws/install/nucleus_driver_ros2/share/nucleus_driver_ros2/hook/pythonpath.sh'
[0.968s] Level 1:colcon.colcon_core.environment:checking '/home/frfusera/ros2_ws/nortek_ws/install/nucleus_driver_ros2/bin'
[0.968s] Level 1:colcon.colcon_core.environment:create_environment_scripts_only(nucleus_driver_ros2)
[0.968s] INFO:colcon.colcon_core.shell:Creating package script '/home/frfusera/ros2_ws/nortek_ws/install/nucleus_driver_ros2/share/nucleus_driver_ros2/package.ps1'
[0.969s] INFO:colcon.colcon_core.shell:Creating package descriptor '/home/frfusera/ros2_ws/nortek_ws/install/nucleus_driver_ros2/share/nucleus_driver_ros2/package.dsv'
[0.969s] INFO:colcon.colcon_core.shell:Creating package script '/home/frfusera/ros2_ws/nortek_ws/install/nucleus_driver_ros2/share/nucleus_driver_ros2/package.sh'
[0.970s] INFO:colcon.colcon_core.shell:Creating package script '/home/frfusera/ros2_ws/nortek_ws/install/nucleus_driver_ros2/share/nucleus_driver_ros2/package.bash'
[0.970s] INFO:colcon.colcon_core.shell:Creating package script '/home/frfusera/ros2_ws/nortek_ws/install/nucleus_driver_ros2/share/nucleus_driver_ros2/package.zsh'
[0.970s] Level 1:colcon.colcon_core.environment:create_file_with_runtime_dependencies(/home/frfusera/ros2_ws/nortek_ws/install/nucleus_driver_ros2/share/colcon-core/packages/nucleus_driver_ros2)
[0.971s] DEBUG:colcon.colcon_parallel_executor.executor.parallel:closing loop
[0.971s] DEBUG:colcon.colcon_parallel_executor.executor.parallel:loop closed
[0.971s] DEBUG:colcon.colcon_parallel_executor.executor.parallel:run_until_complete finished with '0'
[0.971s] DEBUG:colcon.colcon_core.event_reactor:joining thread
[0.975s] INFO:colcon.colcon_core.plugin_system:Skipping extension 'colcon_notification.desktop_notification.terminal_notifier': Not used on non-Darwin systems
[0.975s] INFO:colcon.colcon_core.plugin_system:Skipping extension 'colcon_notification.desktop_notification.win32': Not used on non-Windows systems
[0.975s] INFO:colcon.colcon_notification.desktop_notification:Sending desktop notification using 'notify2'
[0.986s] DEBUG:colcon.colcon_core.event_reactor:joined thread
[0.986s] INFO:colcon.colcon_core.shell:Creating prefix script '/home/frfusera/ros2_ws/nortek_ws/install/local_setup.ps1'
[0.988s] INFO:colcon.colcon_core.shell:Creating prefix util module '/home/frfusera/ros2_ws/nortek_ws/install/_local_setup_util_ps1.py'
[0.989s] INFO:colcon.colcon_core.shell:Creating prefix chain script '/home/frfusera/ros2_ws/nortek_ws/install/setup.ps1'
[0.990s] INFO:colcon.colcon_core.shell:Creating prefix script '/home/frfusera/ros2_ws/nortek_ws/install/local_setup.sh'
[0.991s] INFO:colcon.colcon_core.shell:Creating prefix util module '/home/frfusera/ros2_ws/nortek_ws/install/_local_setup_util_sh.py'
[0.991s] INFO:colcon.colcon_core.shell:Creating prefix chain script '/home/frfusera/ros2_ws/nortek_ws/install/setup.sh'
[0.992s] INFO:colcon.colcon_core.shell:Creating prefix script '/home/frfusera/ros2_ws/nortek_ws/install/local_setup.bash'
[0.992s] INFO:colcon.colcon_core.shell:Creating prefix chain script '/home/frfusera/ros2_ws/nortek_ws/install/setup.bash'
[0.993s] INFO:colcon.colcon_core.shell:Creating prefix script '/home/frfusera/ros2_ws/nortek_ws/install/local_setup.zsh'
[0.993s] INFO:colcon.colcon_core.shell:Creating prefix chain script '/home/frfusera/ros2_ws/nortek_ws/install/setup.zsh'
