running develop
running egg_info
creating imu_tf_broadcaster.egg-info
writing imu_tf_broadcaster.egg-info/PKG-INFO
writing dependency_links to imu_tf_broadcaster.egg-info/dependency_links.txt
writing entry points to imu_tf_broadcaster.egg-info/entry_points.txt
writing requirements to imu_tf_broadcaster.egg-info/requires.txt
writing top-level names to imu_tf_broadcaster.egg-info/top_level.txt
writing manifest file 'imu_tf_broadcaster.egg-info/SOURCES.txt'
reading manifest file 'imu_tf_broadcaster.egg-info/SOURCES.txt'
writing manifest file 'imu_tf_broadcaster.egg-info/SOURCES.txt'
running build_ext
Creating /home/frfusera/ros2_ws/sbg_ws/install/imu_tf_broadcaster/lib/python3.10/site-packages/imu-tf-broadcaster.egg-link (link to .)
Installing imu_tf_broadcaster script to /home/frfusera/ros2_ws/sbg_ws/install/imu_tf_broadcaster/lib/imu_tf_broadcaster

Installed /home/frfusera/ros2_ws/sbg_ws/build/imu_tf_broadcaster
running symlink_data
creating /home/frfusera/ros2_ws/sbg_ws/install/imu_tf_broadcaster/share/ament_index
creating /home/frfusera/ros2_ws/sbg_ws/install/imu_tf_broadcaster/share/ament_index/resource_index
creating /home/frfusera/ros2_ws/sbg_ws/install/imu_tf_broadcaster/share/ament_index/resource_index/packages
symbolically linking /home/frfusera/ros2_ws/sbg_ws/build/imu_tf_broadcaster/resource/imu_tf_broadcaster -> /home/frfusera/ros2_ws/sbg_ws/install/imu_tf_broadcaster/share/ament_index/resource_index/packages
symbolically linking /home/frfusera/ros2_ws/sbg_ws/build/imu_tf_broadcaster/package.xml -> /home/frfusera/ros2_ws/sbg_ws/install/imu_tf_broadcaster/share/imu_tf_broadcaster
