[0.346s] Invoking command in '/home/frfusera/ros2_ws/build/nucleus_driver_ros2': PYTHONPATH=/home/frfusera/ros2_ws/build/nucleus_driver_ros2/prefix_override:/usr/lib/python3/dist-packages/colcon_core/task/python/colcon_distutils_commands:/home/frfusera/ros2_ws/install/nucleus_driver_ros2/lib/python3.10/site-packages:${PYTHONPATH} /usr/bin/python3 -W ignore:setup.py install is deprecated -W ignore:easy_install command is deprecated setup.py develop --editable --build-directory /home/frfusera/ros2_ws/build/nucleus_driver_ros2/build --no-deps symlink_data
[0.480s] running develop
[0.566s] running egg_info
[0.566s] creating nucleus_driver_ros2.egg-info
[0.566s] writing nucleus_driver_ros2.egg-info/PKG-INFO
[0.567s] writing dependency_links to nucleus_driver_ros2.egg-info/dependency_links.txt
[0.567s] writing entry points to nucleus_driver_ros2.egg-info/entry_points.txt
[0.567s] writing requirements to nucleus_driver_ros2.egg-info/requires.txt
[0.567s] writing top-level names to nucleus_driver_ros2.egg-info/top_level.txt
[0.567s] writing manifest file 'nucleus_driver_ros2.egg-info/SOURCES.txt'
[0.567s] reading manifest file 'nucleus_driver_ros2.egg-info/SOURCES.txt'
[0.567s] writing manifest file 'nucleus_driver_ros2.egg-info/SOURCES.txt'
[0.568s] running build_ext
[0.568s] Creating /home/frfusera/ros2_ws/install/nucleus_driver_ros2/lib/python3.10/site-packages/nucleus-driver-ros2.egg-link (link to .)
[0.569s] Installing nucleus_node script to /home/frfusera/ros2_ws/install/nucleus_driver_ros2/bin
[0.569s] 
[0.569s] Installed /home/frfusera/ros2_ws/build/nucleus_driver_ros2
[0.569s] running symlink_data
[0.569s] creating /home/frfusera/ros2_ws/install/nucleus_driver_ros2/share/nucleus_driver_ros2/launch
[0.569s] symbolically linking /home/frfusera/ros2_ws/build/nucleus_driver_ros2/launch/nucleus_launch.py -> /home/frfusera/ros2_ws/install/nucleus_driver_ros2/share/nucleus_driver_ros2/launch
[0.569s] symbolically linking /home/frfusera/ros2_ws/build/nucleus_driver_ros2/package.xml -> /home/frfusera/ros2_ws/install/nucleus_driver_ros2/share/nucleus_driver_ros2
[0.586s] Invoked command in '/home/frfusera/ros2_ws/build/nucleus_driver_ros2' returned '0': PYTHONPATH=/home/frfusera/ros2_ws/build/nucleus_driver_ros2/prefix_override:/usr/lib/python3/dist-packages/colcon_core/task/python/colcon_distutils_commands:/home/frfusera/ros2_ws/install/nucleus_driver_ros2/lib/python3.10/site-packages:${PYTHONPATH} /usr/bin/python3 -W ignore:setup.py install is deprecated -W ignore:easy_install command is deprecated setup.py develop --editable --build-directory /home/frfusera/ros2_ws/build/nucleus_driver_ros2/build --no-deps symlink_data
