running egg_info
writing ../../../../build/nucleus_driver_ros2/nucleus_driver_ros2.egg-info/PKG-INFO
writing dependency_links to ../../../../build/nucleus_driver_ros2/nucleus_driver_ros2.egg-info/dependency_links.txt
writing entry points to ../../../../build/nucleus_driver_ros2/nucleus_driver_ros2.egg-info/entry_points.txt
writing requirements to ../../../../build/nucleus_driver_ros2/nucleus_driver_ros2.egg-info/requires.txt
writing top-level names to ../../../../build/nucleus_driver_ros2/nucleus_driver_ros2.egg-info/top_level.txt
reading manifest file '../../../../build/nucleus_driver_ros2/nucleus_driver_ros2.egg-info/SOURCES.txt'
writing manifest file '../../../../build/nucleus_driver_ros2/nucleus_driver_ros2.egg-info/SOURCES.txt'
running build
running build_py
running install
running install_lib
running install_data
creating /home/frfusera/ros2_ws/nortek_ws/install/nucleus_driver_ros2/share/nucleus_driver_ros2/launch
copying launch/nucleus_with_bag.py -> /home/frfusera/ros2_ws/nortek_ws/install/nucleus_driver_ros2/share/nucleus_driver_ros2/launch
running install_egg_info
removing '/home/frfusera/ros2_ws/nortek_ws/install/nucleus_driver_ros2/lib/python3.10/site-packages/nucleus_driver_ros2-0.2.1-py3.10.egg-info' (and everything under it)
Copying ../../../../build/nucleus_driver_ros2/nucleus_driver_ros2.egg-info to /home/frfusera/ros2_ws/nortek_ws/install/nucleus_driver_ros2/lib/python3.10/site-packages/nucleus_driver_ros2-0.2.1-py3.10.egg-info
running install_scripts
Installing ahrs_packets script to /home/frfusera/ros2_ws/nortek_ws/install/nucleus_driver_ros2/lib/nucleus_driver_ros2
Installing altimeter_packets script to /home/frfusera/ros2_ws/nortek_ws/install/nucleus_driver_ros2/lib/nucleus_driver_ros2
Installing bottom_track_packets script to /home/frfusera/ros2_ws/nortek_ws/install/nucleus_driver_ros2/lib/nucleus_driver_ros2
Installing command script to /home/frfusera/ros2_ws/nortek_ws/install/nucleus_driver_ros2/lib/nucleus_driver_ros2
Installing connect_serial script to /home/frfusera/ros2_ws/nortek_ws/install/nucleus_driver_ros2/lib/nucleus_driver_ros2
Installing connect_tcp script to /home/frfusera/ros2_ws/nortek_ws/install/nucleus_driver_ros2/lib/nucleus_driver_ros2
Installing current_profile_packets script to /home/frfusera/ros2_ws/nortek_ws/install/nucleus_driver_ros2/lib/nucleus_driver_ros2
Installing disconnect script to /home/frfusera/ros2_ws/nortek_ws/install/nucleus_driver_ros2/lib/nucleus_driver_ros2
Installing field_calibration script to /home/frfusera/ros2_ws/nortek_ws/install/nucleus_driver_ros2/lib/nucleus_driver_ros2
Installing field_calibration_packets script to /home/frfusera/ros2_ws/nortek_ws/install/nucleus_driver_ros2/lib/nucleus_driver_ros2
Installing imu_packets script to /home/frfusera/ros2_ws/nortek_ws/install/nucleus_driver_ros2/lib/nucleus_driver_ros2
Installing ins_packets script to /home/frfusera/ros2_ws/nortek_ws/install/nucleus_driver_ros2/lib/nucleus_driver_ros2
Installing magnetometer_packets script to /home/frfusera/ros2_ws/nortek_ws/install/nucleus_driver_ros2/lib/nucleus_driver_ros2
Installing nucleus_node script to /home/frfusera/ros2_ws/nortek_ws/install/nucleus_driver_ros2/lib/nucleus_driver_ros2
Installing start script to /home/frfusera/ros2_ws/nortek_ws/install/nucleus_driver_ros2/lib/nucleus_driver_ros2
Installing stop script to /home/frfusera/ros2_ws/nortek_ws/install/nucleus_driver_ros2/lib/nucleus_driver_ros2
Installing water_track_packets script to /home/frfusera/ros2_ws/nortek_ws/install/nucleus_driver_ros2/lib/nucleus_driver_ros2
writing list of installed files to '/home/frfusera/ros2_ws/nortek_ws/build/nucleus_driver_ros2/install.log'
