[0.365s] Invoking command in '/home/frfusera/ros2_ws/nortek_ws/nucleus_driver_ros2/ros2/src/nucleus_driver_ros2': PYTHONPATH=/home/frfusera/ros2_ws/nortek_ws/build/nucleus_driver_ros2/prefix_override:/usr/lib/python3/dist-packages/colcon_core/task/python/colcon_distutils_commands:/home/frfusera/ros2_ws/nortek_ws/install/nucleus_driver_ros2/lib/python3.10/site-packages:${PYTHONPATH} /usr/bin/python3 -W ignore:setup.py install is deprecated -W ignore:easy_install command is deprecated setup.py egg_info --egg-base ../../../../build/nucleus_driver_ros2 build --build-base /home/frfusera/ros2_ws/nortek_ws/build/nucleus_driver_ros2/build install --record /home/frfusera/ros2_ws/nortek_ws/build/nucleus_driver_ros2/install.log --single-version-externally-managed install_data
[0.492s] running egg_info
[0.492s] writing ../../../../build/nucleus_driver_ros2/nucleus_driver_ros2.egg-info/PKG-INFO
[0.492s] writing dependency_links to ../../../../build/nucleus_driver_ros2/nucleus_driver_ros2.egg-info/dependency_links.txt
[0.492s] writing entry points to ../../../../build/nucleus_driver_ros2/nucleus_driver_ros2.egg-info/entry_points.txt
[0.492s] writing requirements to ../../../../build/nucleus_driver_ros2/nucleus_driver_ros2.egg-info/requires.txt
[0.492s] writing top-level names to ../../../../build/nucleus_driver_ros2/nucleus_driver_ros2.egg-info/top_level.txt
[0.493s] reading manifest file '../../../../build/nucleus_driver_ros2/nucleus_driver_ros2.egg-info/SOURCES.txt'
[0.494s] writing manifest file '../../../../build/nucleus_driver_ros2/nucleus_driver_ros2.egg-info/SOURCES.txt'
[0.494s] running build
[0.494s] running build_py
[0.494s] running install
[0.494s] running install_lib
[0.495s] running install_data
[0.496s] creating /home/frfusera/ros2_ws/nortek_ws/install/nucleus_driver_ros2/share/nucleus_driver_ros2/launch
[0.496s] copying launch/nucleus_with_bag.py -> /home/frfusera/ros2_ws/nortek_ws/install/nucleus_driver_ros2/share/nucleus_driver_ros2/launch
[0.496s] running install_egg_info
[0.496s] removing '/home/frfusera/ros2_ws/nortek_ws/install/nucleus_driver_ros2/lib/python3.10/site-packages/nucleus_driver_ros2-0.2.1-py3.10.egg-info' (and everything under it)
[0.497s] Copying ../../../../build/nucleus_driver_ros2/nucleus_driver_ros2.egg-info to /home/frfusera/ros2_ws/nortek_ws/install/nucleus_driver_ros2/lib/python3.10/site-packages/nucleus_driver_ros2-0.2.1-py3.10.egg-info
[0.497s] running install_scripts
[0.508s] Installing ahrs_packets script to /home/frfusera/ros2_ws/nortek_ws/install/nucleus_driver_ros2/lib/nucleus_driver_ros2
[0.508s] Installing altimeter_packets script to /home/frfusera/ros2_ws/nortek_ws/install/nucleus_driver_ros2/lib/nucleus_driver_ros2
[0.508s] Installing bottom_track_packets script to /home/frfusera/ros2_ws/nortek_ws/install/nucleus_driver_ros2/lib/nucleus_driver_ros2
[0.508s] Installing command script to /home/frfusera/ros2_ws/nortek_ws/install/nucleus_driver_ros2/lib/nucleus_driver_ros2
[0.509s] Installing connect_serial script to /home/frfusera/ros2_ws/nortek_ws/install/nucleus_driver_ros2/lib/nucleus_driver_ros2
[0.509s] Installing connect_tcp script to /home/frfusera/ros2_ws/nortek_ws/install/nucleus_driver_ros2/lib/nucleus_driver_ros2
[0.509s] Installing current_profile_packets script to /home/frfusera/ros2_ws/nortek_ws/install/nucleus_driver_ros2/lib/nucleus_driver_ros2
[0.509s] Installing disconnect script to /home/frfusera/ros2_ws/nortek_ws/install/nucleus_driver_ros2/lib/nucleus_driver_ros2
[0.509s] Installing field_calibration script to /home/frfusera/ros2_ws/nortek_ws/install/nucleus_driver_ros2/lib/nucleus_driver_ros2
[0.509s] Installing field_calibration_packets script to /home/frfusera/ros2_ws/nortek_ws/install/nucleus_driver_ros2/lib/nucleus_driver_ros2
[0.509s] Installing imu_packets script to /home/frfusera/ros2_ws/nortek_ws/install/nucleus_driver_ros2/lib/nucleus_driver_ros2
[0.509s] Installing ins_packets script to /home/frfusera/ros2_ws/nortek_ws/install/nucleus_driver_ros2/lib/nucleus_driver_ros2
[0.509s] Installing magnetometer_packets script to /home/frfusera/ros2_ws/nortek_ws/install/nucleus_driver_ros2/lib/nucleus_driver_ros2
[0.509s] Installing nucleus_node script to /home/frfusera/ros2_ws/nortek_ws/install/nucleus_driver_ros2/lib/nucleus_driver_ros2
[0.509s] Installing start script to /home/frfusera/ros2_ws/nortek_ws/install/nucleus_driver_ros2/lib/nucleus_driver_ros2
[0.509s] Installing stop script to /home/frfusera/ros2_ws/nortek_ws/install/nucleus_driver_ros2/lib/nucleus_driver_ros2
[0.509s] Installing water_track_packets script to /home/frfusera/ros2_ws/nortek_ws/install/nucleus_driver_ros2/lib/nucleus_driver_ros2
[0.509s] writing list of installed files to '/home/frfusera/ros2_ws/nortek_ws/build/nucleus_driver_ros2/install.log'
[0.523s] Invoked command in '/home/frfusera/ros2_ws/nortek_ws/nucleus_driver_ros2/ros2/src/nucleus_driver_ros2' returned '0': PYTHONPATH=/home/frfusera/ros2_ws/nortek_ws/build/nucleus_driver_ros2/prefix_override:/usr/lib/python3/dist-packages/colcon_core/task/python/colcon_distutils_commands:/home/frfusera/ros2_ws/nortek_ws/install/nucleus_driver_ros2/lib/python3.10/site-packages:${PYTHONPATH} /usr/bin/python3 -W ignore:setup.py install is deprecated -W ignore:easy_install command is deprecated setup.py egg_info --egg-base ../../../../build/nucleus_driver_ros2 build --build-base /home/frfusera/ros2_ws/nortek_ws/build/nucleus_driver_ros2/build install --record /home/frfusera/ros2_ws/nortek_ws/build/nucleus_driver_ros2/install.log --single-version-externally-managed install_data
