[0.056s] DEBUG:colcon:Command line arguments: ['/usr/bin/colcon', 'build', '--symlink-install']
[0.056s] DEBUG:colcon:Parsed command line arguments: Namespace(log_base=None, log_level=None, verb_name='build', build_base='build', install_base='install', merge_install=False, symlink_install=True, test_result_base=None, continue_on_error=False, executor='parallel', parallel_workers=22, event_handlers=None, ignore_user_meta=False, metas=['./colcon.meta'], base_paths=['.'], packages_ignore=None, packages_ignore_regex=None, paths=None, packages_up_to=None, packages_up_to_regex=None, packages_above=None, packages_above_and_dependencies=None, packages_above_depth=None, packages_select_by_dep=None, packages_skip_by_dep=None, packages_skip_up_to=None, packages_select_build_failed=False, packages_skip_build_finished=False, packages_select_test_failures=False, packages_skip_test_passed=False, packages_select=None, packages_skip=None, packages_select_regex=None, packages_skip_regex=None, packages_start=None, packages_end=None, allow_overriding=[], cmake_args=None, cmake_target=None, cmake_target_skip_unavailable=False, cmake_clean_cache=False, cmake_clean_first=False, cmake_force_configure=False, ament_cmake_args=None, catkin_cmake_args=None, catkin_skip_building_tests=False, mixin_files=None, mixin=None, verb_parser=<colcon_mixin.mixin.mixin_argument.MixinArgumentDecorator object at 0x7e48f2d658d0>, verb_extension=<colcon_core.verb.build.BuildVerb object at 0x7e48f2d65300>, main=<bound method BuildVerb.main of <colcon_core.verb.build.BuildVerb object at 0x7e48f2d65300>>, mixin_verb=('build',))
[0.138s] Level 1:colcon.colcon_core.package_discovery:discover_packages(colcon_meta) check parameters
[0.138s] Level 1:colcon.colcon_core.package_discovery:discover_packages(recursive) check parameters
[0.138s] Level 1:colcon.colcon_core.package_discovery:discover_packages(ignore) check parameters
[0.138s] Level 1:colcon.colcon_core.package_discovery:discover_packages(path) check parameters
[0.138s] Level 1:colcon.colcon_core.package_discovery:discover_packages(colcon_meta) discover
[0.138s] Level 1:colcon.colcon_core.package_discovery:discover_packages(recursive) discover
[0.138s] INFO:colcon.colcon_core.package_discovery:Crawling recursively for packages in '/home/frfusera/ros2_ws/sbg_ws'
[0.138s] Level 1:colcon.colcon_core.package_identification:_identify(.) by extensions ['ignore', 'ignore_ament_install']
[0.138s] Level 1:colcon.colcon_core.package_identification:_identify(.) by extension 'ignore'
[0.138s] Level 1:colcon.colcon_core.package_identification:_identify(.) by extension 'ignore_ament_install'
[0.138s] Level 1:colcon.colcon_core.package_identification:_identify(.) by extensions ['colcon_pkg']
[0.138s] Level 1:colcon.colcon_core.package_identification:_identify(.) by extension 'colcon_pkg'
[0.139s] Level 1:colcon.colcon_core.package_identification:_identify(.) by extensions ['colcon_meta']
[0.139s] Level 1:colcon.colcon_core.package_identification:_identify(.) by extension 'colcon_meta'
[0.139s] Level 1:colcon.colcon_core.package_identification:_identify(.) by extensions ['ros']
[0.139s] Level 1:colcon.colcon_core.package_identification:_identify(.) by extension 'ros'
[0.144s] Level 1:colcon.colcon_core.package_identification:_identify(.) by extensions ['cmake', 'python']
[0.144s] Level 1:colcon.colcon_core.package_identification:_identify(.) by extension 'cmake'
[0.144s] Level 1:colcon.colcon_core.package_identification:_identify(.) by extension 'python'
[0.144s] Level 1:colcon.colcon_core.package_identification:_identify(.) by extensions ['python_setup_py']
[0.144s] Level 1:colcon.colcon_core.package_identification:_identify(.) by extension 'python_setup_py'
[0.145s] Level 1:colcon.colcon_core.package_identification:_identify(build) by extensions ['ignore', 'ignore_ament_install']
[0.145s] Level 1:colcon.colcon_core.package_identification:_identify(build) by extension 'ignore'
[0.145s] Level 1:colcon.colcon_core.package_identification:_identify(build) ignored
[0.145s] Level 1:colcon.colcon_core.package_identification:_identify(install) by extensions ['ignore', 'ignore_ament_install']
[0.145s] Level 1:colcon.colcon_core.package_identification:_identify(install) by extension 'ignore'
[0.145s] Level 1:colcon.colcon_core.package_identification:_identify(install) ignored
[0.145s] Level 1:colcon.colcon_core.package_identification:_identify(log) by extensions ['ignore', 'ignore_ament_install']
[0.145s] Level 1:colcon.colcon_core.package_identification:_identify(log) by extension 'ignore'
[0.145s] Level 1:colcon.colcon_core.package_identification:_identify(log) ignored
[0.145s] Level 1:colcon.colcon_core.package_identification:_identify(scripts) by extensions ['ignore', 'ignore_ament_install']
[0.145s] Level 1:colcon.colcon_core.package_identification:_identify(scripts) by extension 'ignore'
[0.145s] Level 1:colcon.colcon_core.package_identification:_identify(scripts) by extension 'ignore_ament_install'
[0.145s] Level 1:colcon.colcon_core.package_identification:_identify(scripts) by extensions ['colcon_pkg']
[0.145s] Level 1:colcon.colcon_core.package_identification:_identify(scripts) by extension 'colcon_pkg'
[0.145s] Level 1:colcon.colcon_core.package_identification:_identify(scripts) by extensions ['colcon_meta']
[0.145s] Level 1:colcon.colcon_core.package_identification:_identify(scripts) by extension 'colcon_meta'
[0.145s] Level 1:colcon.colcon_core.package_identification:_identify(scripts) by extensions ['ros']
[0.145s] Level 1:colcon.colcon_core.package_identification:_identify(scripts) by extension 'ros'
[0.145s] Level 1:colcon.colcon_core.package_identification:_identify(scripts) by extensions ['cmake', 'python']
[0.145s] Level 1:colcon.colcon_core.package_identification:_identify(scripts) by extension 'cmake'
[0.145s] Level 1:colcon.colcon_core.package_identification:_identify(scripts) by extension 'python'
[0.145s] Level 1:colcon.colcon_core.package_identification:_identify(scripts) by extensions ['python_setup_py']
[0.145s] Level 1:colcon.colcon_core.package_identification:_identify(scripts) by extension 'python_setup_py'
[0.145s] Level 1:colcon.colcon_core.package_identification:_identify(src) by extensions ['ignore', 'ignore_ament_install']
[0.145s] Level 1:colcon.colcon_core.package_identification:_identify(src) by extension 'ignore'
[0.145s] Level 1:colcon.colcon_core.package_identification:_identify(src) by extension 'ignore_ament_install'
[0.145s] Level 1:colcon.colcon_core.package_identification:_identify(src) by extensions ['colcon_pkg']
[0.145s] Level 1:colcon.colcon_core.package_identification:_identify(src) by extension 'colcon_pkg'
[0.145s] Level 1:colcon.colcon_core.package_identification:_identify(src) by extensions ['colcon_meta']
[0.145s] Level 1:colcon.colcon_core.package_identification:_identify(src) by extension 'colcon_meta'
[0.145s] Level 1:colcon.colcon_core.package_identification:_identify(src) by extensions ['ros']
[0.145s] Level 1:colcon.colcon_core.package_identification:_identify(src) by extension 'ros'
[0.145s] Level 1:colcon.colcon_core.package_identification:_identify(src) by extensions ['cmake', 'python']
[0.145s] Level 1:colcon.colcon_core.package_identification:_identify(src) by extension 'cmake'
[0.145s] Level 1:colcon.colcon_core.package_identification:_identify(src) by extension 'python'
[0.145s] Level 1:colcon.colcon_core.package_identification:_identify(src) by extensions ['python_setup_py']
[0.145s] Level 1:colcon.colcon_core.package_identification:_identify(src) by extension 'python_setup_py'
[0.145s] Level 1:colcon.colcon_core.package_identification:_identify(src/build) by extensions ['ignore', 'ignore_ament_install']
[0.145s] Level 1:colcon.colcon_core.package_identification:_identify(src/build) by extension 'ignore'
[0.146s] Level 1:colcon.colcon_core.package_identification:_identify(src/build) by extension 'ignore_ament_install'
[0.146s] Level 1:colcon.colcon_core.package_identification:_identify(src/build) by extensions ['colcon_pkg']
[0.146s] Level 1:colcon.colcon_core.package_identification:_identify(src/build) by extension 'colcon_pkg'
[0.146s] Level 1:colcon.colcon_core.package_identification:_identify(src/build) by extensions ['colcon_meta']
[0.146s] Level 1:colcon.colcon_core.package_identification:_identify(src/build) by extension 'colcon_meta'
[0.146s] Level 1:colcon.colcon_core.package_identification:_identify(src/build) by extensions ['ros']
[0.146s] Level 1:colcon.colcon_core.package_identification:_identify(src/build) by extension 'ros'
[0.146s] Level 1:colcon.colcon_core.package_identification:_identify(src/build) by extensions ['cmake', 'python']
[0.146s] Level 1:colcon.colcon_core.package_identification:_identify(src/build) by extension 'cmake'
[0.146s] Level 1:colcon.colcon_core.package_identification:_identify(src/build) by extension 'python'
[0.146s] Level 1:colcon.colcon_core.package_identification:_identify(src/build) by extensions ['python_setup_py']
[0.146s] Level 1:colcon.colcon_core.package_identification:_identify(src/build) by extension 'python_setup_py'
[0.146s] Level 1:colcon.colcon_core.package_identification:_identify(src/build/sbg_driver) by extensions ['ignore', 'ignore_ament_install']
[0.146s] Level 1:colcon.colcon_core.package_identification:_identify(src/build/sbg_driver) by extension 'ignore'
[0.146s] Level 1:colcon.colcon_core.package_identification:_identify(src/build/sbg_driver) by extension 'ignore_ament_install'
[0.146s] Level 1:colcon.colcon_core.package_identification:_identify(src/build/sbg_driver) by extensions ['colcon_pkg']
[0.146s] Level 1:colcon.colcon_core.package_identification:_identify(src/build/sbg_driver) by extension 'colcon_pkg'
[0.146s] Level 1:colcon.colcon_core.package_identification:_identify(src/build/sbg_driver) by extensions ['colcon_meta']
[0.146s] Level 1:colcon.colcon_core.package_identification:_identify(src/build/sbg_driver) by extension 'colcon_meta'
[0.146s] Level 1:colcon.colcon_core.package_identification:_identify(src/build/sbg_driver) by extensions ['ros']
[0.146s] Level 1:colcon.colcon_core.package_identification:_identify(src/build/sbg_driver) by extension 'ros'
[0.146s] Level 1:colcon.colcon_core.package_identification:_identify(src/build/sbg_driver) by extensions ['cmake', 'python']
[0.146s] Level 1:colcon.colcon_core.package_identification:_identify(src/build/sbg_driver) by extension 'cmake'
[0.146s] Level 1:colcon.colcon_core.package_identification:_identify(src/build/sbg_driver) by extension 'python'
[0.146s] Level 1:colcon.colcon_core.package_identification:_identify(src/build/sbg_driver) by extensions ['python_setup_py']
[0.146s] Level 1:colcon.colcon_core.package_identification:_identify(src/build/sbg_driver) by extension 'python_setup_py'
[0.146s] Level 1:colcon.colcon_core.package_identification:_identify(src/build/sbg_driver/CMakeFiles) by extensions ['ignore', 'ignore_ament_install']
[0.146s] Level 1:colcon.colcon_core.package_identification:_identify(src/build/sbg_driver/CMakeFiles) by extension 'ignore'
[0.146s] Level 1:colcon.colcon_core.package_identification:_identify(src/build/sbg_driver/CMakeFiles) by extension 'ignore_ament_install'
[0.146s] Level 1:colcon.colcon_core.package_identification:_identify(src/build/sbg_driver/CMakeFiles) by extensions ['colcon_pkg']
[0.146s] Level 1:colcon.colcon_core.package_identification:_identify(src/build/sbg_driver/CMakeFiles) by extension 'colcon_pkg'
[0.146s] Level 1:colcon.colcon_core.package_identification:_identify(src/build/sbg_driver/CMakeFiles) by extensions ['colcon_meta']
[0.146s] Level 1:colcon.colcon_core.package_identification:_identify(src/build/sbg_driver/CMakeFiles) by extension 'colcon_meta'
[0.146s] Level 1:colcon.colcon_core.package_identification:_identify(src/build/sbg_driver/CMakeFiles) by extensions ['ros']
[0.146s] Level 1:colcon.colcon_core.package_identification:_identify(src/build/sbg_driver/CMakeFiles) by extension 'ros'
[0.146s] Level 1:colcon.colcon_core.package_identification:_identify(src/build/sbg_driver/CMakeFiles) by extensions ['cmake', 'python']
[0.146s] Level 1:colcon.colcon_core.package_identification:_identify(src/build/sbg_driver/CMakeFiles) by extension 'cmake'
[0.146s] Level 1:colcon.colcon_core.package_identification:_identify(src/build/sbg_driver/CMakeFiles) by extension 'python'
[0.146s] Level 1:colcon.colcon_core.package_identification:_identify(src/build/sbg_driver/CMakeFiles) by extensions ['python_setup_py']
[0.146s] Level 1:colcon.colcon_core.package_identification:_identify(src/build/sbg_driver/CMakeFiles) by extension 'python_setup_py'
[0.146s] Level 1:colcon.colcon_core.package_identification:_identify(src/build/sbg_driver/CMakeFiles/3.22.1) by extensions ['ignore', 'ignore_ament_install']
[0.146s] Level 1:colcon.colcon_core.package_identification:_identify(src/build/sbg_driver/CMakeFiles/3.22.1) by extension 'ignore'
[0.146s] Level 1:colcon.colcon_core.package_identification:_identify(src/build/sbg_driver/CMakeFiles/3.22.1) by extension 'ignore_ament_install'
[0.146s] Level 1:colcon.colcon_core.package_identification:_identify(src/build/sbg_driver/CMakeFiles/3.22.1) by extensions ['colcon_pkg']
[0.146s] Level 1:colcon.colcon_core.package_identification:_identify(src/build/sbg_driver/CMakeFiles/3.22.1) by extension 'colcon_pkg'
[0.146s] Level 1:colcon.colcon_core.package_identification:_identify(src/build/sbg_driver/CMakeFiles/3.22.1) by extensions ['colcon_meta']
[0.146s] Level 1:colcon.colcon_core.package_identification:_identify(src/build/sbg_driver/CMakeFiles/3.22.1) by extension 'colcon_meta'
[0.147s] Level 1:colcon.colcon_core.package_identification:_identify(src/build/sbg_driver/CMakeFiles/3.22.1) by extensions ['ros']
[0.147s] Level 1:colcon.colcon_core.package_identification:_identify(src/build/sbg_driver/CMakeFiles/3.22.1) by extension 'ros'
[0.147s] Level 1:colcon.colcon_core.package_identification:_identify(src/build/sbg_driver/CMakeFiles/3.22.1) by extensions ['cmake', 'python']
[0.147s] Level 1:colcon.colcon_core.package_identification:_identify(src/build/sbg_driver/CMakeFiles/3.22.1) by extension 'cmake'
[0.147s] Level 1:colcon.colcon_core.package_identification:_identify(src/build/sbg_driver/CMakeFiles/3.22.1) by extension 'python'
[0.147s] Level 1:colcon.colcon_core.package_identification:_identify(src/build/sbg_driver/CMakeFiles/3.22.1) by extensions ['python_setup_py']
[0.147s] Level 1:colcon.colcon_core.package_identification:_identify(src/build/sbg_driver/CMakeFiles/3.22.1) by extension 'python_setup_py'
[0.147s] Level 1:colcon.colcon_core.package_identification:_identify(src/build/sbg_driver/CMakeFiles/3.22.1/CompilerIdC) by extensions ['ignore', 'ignore_ament_install']
[0.147s] Level 1:colcon.colcon_core.package_identification:_identify(src/build/sbg_driver/CMakeFiles/3.22.1/CompilerIdC) by extension 'ignore'
[0.147s] Level 1:colcon.colcon_core.package_identification:_identify(src/build/sbg_driver/CMakeFiles/3.22.1/CompilerIdC) by extension 'ignore_ament_install'
[0.147s] Level 1:colcon.colcon_core.package_identification:_identify(src/build/sbg_driver/CMakeFiles/3.22.1/CompilerIdC) by extensions ['colcon_pkg']
[0.147s] Level 1:colcon.colcon_core.package_identification:_identify(src/build/sbg_driver/CMakeFiles/3.22.1/CompilerIdC) by extension 'colcon_pkg'
[0.147s] Level 1:colcon.colcon_core.package_identification:_identify(src/build/sbg_driver/CMakeFiles/3.22.1/CompilerIdC) by extensions ['colcon_meta']
[0.147s] Level 1:colcon.colcon_core.package_identification:_identify(src/build/sbg_driver/CMakeFiles/3.22.1/CompilerIdC) by extension 'colcon_meta'
[0.147s] Level 1:colcon.colcon_core.package_identification:_identify(src/build/sbg_driver/CMakeFiles/3.22.1/CompilerIdC) by extensions ['ros']
[0.147s] Level 1:colcon.colcon_core.package_identification:_identify(src/build/sbg_driver/CMakeFiles/3.22.1/CompilerIdC) by extension 'ros'
[0.147s] Level 1:colcon.colcon_core.package_identification:_identify(src/build/sbg_driver/CMakeFiles/3.22.1/CompilerIdC) by extensions ['cmake', 'python']
[0.147s] Level 1:colcon.colcon_core.package_identification:_identify(src/build/sbg_driver/CMakeFiles/3.22.1/CompilerIdC) by extension 'cmake'
[0.147s] Level 1:colcon.colcon_core.package_identification:_identify(src/build/sbg_driver/CMakeFiles/3.22.1/CompilerIdC) by extension 'python'
[0.147s] Level 1:colcon.colcon_core.package_identification:_identify(src/build/sbg_driver/CMakeFiles/3.22.1/CompilerIdC) by extensions ['python_setup_py']
[0.147s] Level 1:colcon.colcon_core.package_identification:_identify(src/build/sbg_driver/CMakeFiles/3.22.1/CompilerIdC) by extension 'python_setup_py'
[0.147s] Level 1:colcon.colcon_core.package_identification:_identify(src/build/sbg_driver/CMakeFiles/3.22.1/CompilerIdC/tmp) by extensions ['ignore', 'ignore_ament_install']
[0.147s] Level 1:colcon.colcon_core.package_identification:_identify(src/build/sbg_driver/CMakeFiles/3.22.1/CompilerIdC/tmp) by extension 'ignore'
[0.147s] Level 1:colcon.colcon_core.package_identification:_identify(src/build/sbg_driver/CMakeFiles/3.22.1/CompilerIdC/tmp) by extension 'ignore_ament_install'
[0.147s] Level 1:colcon.colcon_core.package_identification:_identify(src/build/sbg_driver/CMakeFiles/3.22.1/CompilerIdC/tmp) by extensions ['colcon_pkg']
[0.147s] Level 1:colcon.colcon_core.package_identification:_identify(src/build/sbg_driver/CMakeFiles/3.22.1/CompilerIdC/tmp) by extension 'colcon_pkg'
[0.147s] Level 1:colcon.colcon_core.package_identification:_identify(src/build/sbg_driver/CMakeFiles/3.22.1/CompilerIdC/tmp) by extensions ['colcon_meta']
[0.147s] Level 1:colcon.colcon_core.package_identification:_identify(src/build/sbg_driver/CMakeFiles/3.22.1/CompilerIdC/tmp) by extension 'colcon_meta'
[0.147s] Level 1:colcon.colcon_core.package_identification:_identify(src/build/sbg_driver/CMakeFiles/3.22.1/CompilerIdC/tmp) by extensions ['ros']
[0.147s] Level 1:colcon.colcon_core.package_identification:_identify(src/build/sbg_driver/CMakeFiles/3.22.1/CompilerIdC/tmp) by extension 'ros'
[0.147s] Level 1:colcon.colcon_core.package_identification:_identify(src/build/sbg_driver/CMakeFiles/3.22.1/CompilerIdC/tmp) by extensions ['cmake', 'python']
[0.147s] Level 1:colcon.colcon_core.package_identification:_identify(src/build/sbg_driver/CMakeFiles/3.22.1/CompilerIdC/tmp) by extension 'cmake'
[0.147s] Level 1:colcon.colcon_core.package_identification:_identify(src/build/sbg_driver/CMakeFiles/3.22.1/CompilerIdC/tmp) by extension 'python'
[0.147s] Level 1:colcon.colcon_core.package_identification:_identify(src/build/sbg_driver/CMakeFiles/3.22.1/CompilerIdC/tmp) by extensions ['python_setup_py']
[0.147s] Level 1:colcon.colcon_core.package_identification:_identify(src/build/sbg_driver/CMakeFiles/3.22.1/CompilerIdC/tmp) by extension 'python_setup_py'
[0.147s] Level 1:colcon.colcon_core.package_identification:_identify(src/build/sbg_driver/CMakeFiles/3.22.1/CompilerIdCXX) by extensions ['ignore', 'ignore_ament_install']
[0.147s] Level 1:colcon.colcon_core.package_identification:_identify(src/build/sbg_driver/CMakeFiles/3.22.1/CompilerIdCXX) by extension 'ignore'
[0.147s] Level 1:colcon.colcon_core.package_identification:_identify(src/build/sbg_driver/CMakeFiles/3.22.1/CompilerIdCXX) by extension 'ignore_ament_install'
[0.147s] Level 1:colcon.colcon_core.package_identification:_identify(src/build/sbg_driver/CMakeFiles/3.22.1/CompilerIdCXX) by extensions ['colcon_pkg']
[0.147s] Level 1:colcon.colcon_core.package_identification:_identify(src/build/sbg_driver/CMakeFiles/3.22.1/CompilerIdCXX) by extension 'colcon_pkg'
[0.147s] Level 1:colcon.colcon_core.package_identification:_identify(src/build/sbg_driver/CMakeFiles/3.22.1/CompilerIdCXX) by extensions ['colcon_meta']
[0.147s] Level 1:colcon.colcon_core.package_identification:_identify(src/build/sbg_driver/CMakeFiles/3.22.1/CompilerIdCXX) by extension 'colcon_meta'
[0.147s] Level 1:colcon.colcon_core.package_identification:_identify(src/build/sbg_driver/CMakeFiles/3.22.1/CompilerIdCXX) by extensions ['ros']
[0.147s] Level 1:colcon.colcon_core.package_identification:_identify(src/build/sbg_driver/CMakeFiles/3.22.1/CompilerIdCXX) by extension 'ros'
[0.147s] Level 1:colcon.colcon_core.package_identification:_identify(src/build/sbg_driver/CMakeFiles/3.22.1/CompilerIdCXX) by extensions ['cmake', 'python']
[0.147s] Level 1:colcon.colcon_core.package_identification:_identify(src/build/sbg_driver/CMakeFiles/3.22.1/CompilerIdCXX) by extension 'cmake'
[0.148s] Level 1:colcon.colcon_core.package_identification:_identify(src/build/sbg_driver/CMakeFiles/3.22.1/CompilerIdCXX) by extension 'python'
[0.148s] Level 1:colcon.colcon_core.package_identification:_identify(src/build/sbg_driver/CMakeFiles/3.22.1/CompilerIdCXX) by extensions ['python_setup_py']
[0.148s] Level 1:colcon.colcon_core.package_identification:_identify(src/build/sbg_driver/CMakeFiles/3.22.1/CompilerIdCXX) by extension 'python_setup_py'
[0.148s] Level 1:colcon.colcon_core.package_identification:_identify(src/build/sbg_driver/CMakeFiles/3.22.1/CompilerIdCXX/tmp) by extensions ['ignore', 'ignore_ament_install']
[0.148s] Level 1:colcon.colcon_core.package_identification:_identify(src/build/sbg_driver/CMakeFiles/3.22.1/CompilerIdCXX/tmp) by extension 'ignore'
[0.148s] Level 1:colcon.colcon_core.package_identification:_identify(src/build/sbg_driver/CMakeFiles/3.22.1/CompilerIdCXX/tmp) by extension 'ignore_ament_install'
[0.148s] Level 1:colcon.colcon_core.package_identification:_identify(src/build/sbg_driver/CMakeFiles/3.22.1/CompilerIdCXX/tmp) by extensions ['colcon_pkg']
[0.148s] Level 1:colcon.colcon_core.package_identification:_identify(src/build/sbg_driver/CMakeFiles/3.22.1/CompilerIdCXX/tmp) by extension 'colcon_pkg'
[0.148s] Level 1:colcon.colcon_core.package_identification:_identify(src/build/sbg_driver/CMakeFiles/3.22.1/CompilerIdCXX/tmp) by extensions ['colcon_meta']
[0.148s] Level 1:colcon.colcon_core.package_identification:_identify(src/build/sbg_driver/CMakeFiles/3.22.1/CompilerIdCXX/tmp) by extension 'colcon_meta'
[0.148s] Level 1:colcon.colcon_core.package_identification:_identify(src/build/sbg_driver/CMakeFiles/3.22.1/CompilerIdCXX/tmp) by extensions ['ros']
[0.148s] Level 1:colcon.colcon_core.package_identification:_identify(src/build/sbg_driver/CMakeFiles/3.22.1/CompilerIdCXX/tmp) by extension 'ros'
[0.148s] Level 1:colcon.colcon_core.package_identification:_identify(src/build/sbg_driver/CMakeFiles/3.22.1/CompilerIdCXX/tmp) by extensions ['cmake', 'python']
[0.148s] Level 1:colcon.colcon_core.package_identification:_identify(src/build/sbg_driver/CMakeFiles/3.22.1/CompilerIdCXX/tmp) by extension 'cmake'
[0.148s] Level 1:colcon.colcon_core.package_identification:_identify(src/build/sbg_driver/CMakeFiles/3.22.1/CompilerIdCXX/tmp) by extension 'python'
[0.148s] Level 1:colcon.colcon_core.package_identification:_identify(src/build/sbg_driver/CMakeFiles/3.22.1/CompilerIdCXX/tmp) by extensions ['python_setup_py']
[0.148s] Level 1:colcon.colcon_core.package_identification:_identify(src/build/sbg_driver/CMakeFiles/3.22.1/CompilerIdCXX/tmp) by extension 'python_setup_py'
[0.148s] Level 1:colcon.colcon_core.package_identification:_identify(src/build/sbg_driver/CMakeFiles/CMakeTmp) by extensions ['ignore', 'ignore_ament_install']
[0.148s] Level 1:colcon.colcon_core.package_identification:_identify(src/build/sbg_driver/CMakeFiles/CMakeTmp) by extension 'ignore'
[0.148s] Level 1:colcon.colcon_core.package_identification:_identify(src/build/sbg_driver/CMakeFiles/CMakeTmp) by extension 'ignore_ament_install'
[0.148s] Level 1:colcon.colcon_core.package_identification:_identify(src/build/sbg_driver/CMakeFiles/CMakeTmp) by extensions ['colcon_pkg']
[0.148s] Level 1:colcon.colcon_core.package_identification:_identify(src/build/sbg_driver/CMakeFiles/CMakeTmp) by extension 'colcon_pkg'
[0.148s] Level 1:colcon.colcon_core.package_identification:_identify(src/build/sbg_driver/CMakeFiles/CMakeTmp) by extensions ['colcon_meta']
[0.148s] Level 1:colcon.colcon_core.package_identification:_identify(src/build/sbg_driver/CMakeFiles/CMakeTmp) by extension 'colcon_meta'
[0.148s] Level 1:colcon.colcon_core.package_identification:_identify(src/build/sbg_driver/CMakeFiles/CMakeTmp) by extensions ['ros']
[0.148s] Level 1:colcon.colcon_core.package_identification:_identify(src/build/sbg_driver/CMakeFiles/CMakeTmp) by extension 'ros'
[0.148s] Level 1:colcon.colcon_core.package_identification:_identify(src/build/sbg_driver/CMakeFiles/CMakeTmp) by extensions ['cmake', 'python']
[0.148s] Level 1:colcon.colcon_core.package_identification:_identify(src/build/sbg_driver/CMakeFiles/CMakeTmp) by extension 'cmake'
[0.148s] Level 1:colcon.colcon_core.package_identification:_identify(src/build/sbg_driver/CMakeFiles/CMakeTmp) by extension 'python'
[0.148s] Level 1:colcon.colcon_core.package_identification:_identify(src/build/sbg_driver/CMakeFiles/CMakeTmp) by extensions ['python_setup_py']
[0.148s] Level 1:colcon.colcon_core.package_identification:_identify(src/build/sbg_driver/CMakeFiles/CMakeTmp) by extension 'python_setup_py'
[0.148s] Level 1:colcon.colcon_core.package_identification:_identify(src/imu_tf_broadcaster) by extensions ['ignore', 'ignore_ament_install']
[0.148s] Level 1:colcon.colcon_core.package_identification:_identify(src/imu_tf_broadcaster) by extension 'ignore'
[0.148s] Level 1:colcon.colcon_core.package_identification:_identify(src/imu_tf_broadcaster) by extension 'ignore_ament_install'
[0.148s] Level 1:colcon.colcon_core.package_identification:_identify(src/imu_tf_broadcaster) by extensions ['colcon_pkg']
[0.148s] Level 1:colcon.colcon_core.package_identification:_identify(src/imu_tf_broadcaster) by extension 'colcon_pkg'
[0.148s] Level 1:colcon.colcon_core.package_identification:_identify(src/imu_tf_broadcaster) by extensions ['colcon_meta']
[0.148s] Level 1:colcon.colcon_core.package_identification:_identify(src/imu_tf_broadcaster) by extension 'colcon_meta'
[0.148s] Level 1:colcon.colcon_core.package_identification:_identify(src/imu_tf_broadcaster) by extensions ['ros']
[0.148s] Level 1:colcon.colcon_core.package_identification:_identify(src/imu_tf_broadcaster) by extension 'ros'
[0.150s] DEBUG:colcon.colcon_core.package_identification:Package 'src/imu_tf_broadcaster' with type 'ros.ament_python' and name 'imu_tf_broadcaster'
[0.150s] Level 1:colcon.colcon_core.package_identification:_identify(src/install) by extensions ['ignore', 'ignore_ament_install']
[0.150s] Level 1:colcon.colcon_core.package_identification:_identify(src/install) by extension 'ignore'
[0.150s] Level 1:colcon.colcon_core.package_identification:_identify(src/install) by extension 'ignore_ament_install'
[0.150s] Level 1:colcon.colcon_core.package_identification:_identify(src/install) by extensions ['colcon_pkg']
[0.150s] Level 1:colcon.colcon_core.package_identification:_identify(src/install) by extension 'colcon_pkg'
[0.150s] Level 1:colcon.colcon_core.package_identification:_identify(src/install) by extensions ['colcon_meta']
[0.150s] Level 1:colcon.colcon_core.package_identification:_identify(src/install) by extension 'colcon_meta'
[0.150s] Level 1:colcon.colcon_core.package_identification:_identify(src/install) by extensions ['ros']
[0.150s] Level 1:colcon.colcon_core.package_identification:_identify(src/install) by extension 'ros'
[0.150s] Level 1:colcon.colcon_core.package_identification:_identify(src/install) by extensions ['cmake', 'python']
[0.150s] Level 1:colcon.colcon_core.package_identification:_identify(src/install) by extension 'cmake'
[0.150s] Level 1:colcon.colcon_core.package_identification:_identify(src/install) by extension 'python'
[0.150s] Level 1:colcon.colcon_core.package_identification:_identify(src/install) by extensions ['python_setup_py']
[0.150s] Level 1:colcon.colcon_core.package_identification:_identify(src/install) by extension 'python_setup_py'
[0.150s] Level 1:colcon.colcon_core.package_identification:_identify(src/install/sbg_driver) by extensions ['ignore', 'ignore_ament_install']
[0.150s] Level 1:colcon.colcon_core.package_identification:_identify(src/install/sbg_driver) by extension 'ignore'
[0.150s] Level 1:colcon.colcon_core.package_identification:_identify(src/install/sbg_driver) by extension 'ignore_ament_install'
[0.150s] Level 1:colcon.colcon_core.package_identification:_identify(src/install/sbg_driver) by extensions ['colcon_pkg']
[0.150s] Level 1:colcon.colcon_core.package_identification:_identify(src/install/sbg_driver) by extension 'colcon_pkg'
[0.150s] Level 1:colcon.colcon_core.package_identification:_identify(src/install/sbg_driver) by extensions ['colcon_meta']
[0.150s] Level 1:colcon.colcon_core.package_identification:_identify(src/install/sbg_driver) by extension 'colcon_meta'
[0.150s] Level 1:colcon.colcon_core.package_identification:_identify(src/install/sbg_driver) by extensions ['ros']
[0.150s] Level 1:colcon.colcon_core.package_identification:_identify(src/install/sbg_driver) by extension 'ros'
[0.150s] Level 1:colcon.colcon_core.package_identification:_identify(src/install/sbg_driver) by extensions ['cmake', 'python']
[0.150s] Level 1:colcon.colcon_core.package_identification:_identify(src/install/sbg_driver) by extension 'cmake'
[0.150s] Level 1:colcon.colcon_core.package_identification:_identify(src/install/sbg_driver) by extension 'python'
[0.150s] Level 1:colcon.colcon_core.package_identification:_identify(src/install/sbg_driver) by extensions ['python_setup_py']
[0.150s] Level 1:colcon.colcon_core.package_identification:_identify(src/install/sbg_driver) by extension 'python_setup_py'
[0.150s] Level 1:colcon.colcon_core.package_identification:_identify(src/install/sbg_driver/include) by extensions ['ignore', 'ignore_ament_install']
[0.150s] Level 1:colcon.colcon_core.package_identification:_identify(src/install/sbg_driver/include) by extension 'ignore'
[0.150s] Level 1:colcon.colcon_core.package_identification:_identify(src/install/sbg_driver/include) by extension 'ignore_ament_install'
[0.150s] Level 1:colcon.colcon_core.package_identification:_identify(src/install/sbg_driver/include) by extensions ['colcon_pkg']
[0.151s] Level 1:colcon.colcon_core.package_identification:_identify(src/install/sbg_driver/include) by extension 'colcon_pkg'
[0.151s] Level 1:colcon.colcon_core.package_identification:_identify(src/install/sbg_driver/include) by extensions ['colcon_meta']
[0.151s] Level 1:colcon.colcon_core.package_identification:_identify(src/install/sbg_driver/include) by extension 'colcon_meta'
[0.151s] Level 1:colcon.colcon_core.package_identification:_identify(src/install/sbg_driver/include) by extensions ['ros']
[0.151s] Level 1:colcon.colcon_core.package_identification:_identify(src/install/sbg_driver/include) by extension 'ros'
[0.151s] Level 1:colcon.colcon_core.package_identification:_identify(src/install/sbg_driver/include) by extensions ['cmake', 'python']
[0.151s] Level 1:colcon.colcon_core.package_identification:_identify(src/install/sbg_driver/include) by extension 'cmake'
[0.151s] Level 1:colcon.colcon_core.package_identification:_identify(src/install/sbg_driver/include) by extension 'python'
[0.151s] Level 1:colcon.colcon_core.package_identification:_identify(src/install/sbg_driver/include) by extensions ['python_setup_py']
[0.151s] Level 1:colcon.colcon_core.package_identification:_identify(src/install/sbg_driver/include) by extension 'python_setup_py'
[0.151s] Level 1:colcon.colcon_core.package_identification:_identify(src/install/sbg_driver/include/sbg_driver) by extensions ['ignore', 'ignore_ament_install']
[0.151s] Level 1:colcon.colcon_core.package_identification:_identify(src/install/sbg_driver/include/sbg_driver) by extension 'ignore'
[0.151s] Level 1:colcon.colcon_core.package_identification:_identify(src/install/sbg_driver/include/sbg_driver) by extension 'ignore_ament_install'
[0.151s] Level 1:colcon.colcon_core.package_identification:_identify(src/install/sbg_driver/include/sbg_driver) by extensions ['colcon_pkg']
[0.151s] Level 1:colcon.colcon_core.package_identification:_identify(src/install/sbg_driver/include/sbg_driver) by extension 'colcon_pkg'
[0.151s] Level 1:colcon.colcon_core.package_identification:_identify(src/install/sbg_driver/include/sbg_driver) by extensions ['colcon_meta']
[0.151s] Level 1:colcon.colcon_core.package_identification:_identify(src/install/sbg_driver/include/sbg_driver) by extension 'colcon_meta'
[0.151s] Level 1:colcon.colcon_core.package_identification:_identify(src/install/sbg_driver/include/sbg_driver) by extensions ['ros']
[0.151s] Level 1:colcon.colcon_core.package_identification:_identify(src/install/sbg_driver/include/sbg_driver) by extension 'ros'
[0.151s] Level 1:colcon.colcon_core.package_identification:_identify(src/install/sbg_driver/include/sbg_driver) by extensions ['cmake', 'python']
[0.151s] Level 1:colcon.colcon_core.package_identification:_identify(src/install/sbg_driver/include/sbg_driver) by extension 'cmake'
[0.151s] Level 1:colcon.colcon_core.package_identification:_identify(src/install/sbg_driver/include/sbg_driver) by extension 'python'
[0.151s] Level 1:colcon.colcon_core.package_identification:_identify(src/install/sbg_driver/include/sbg_driver) by extensions ['python_setup_py']
[0.151s] Level 1:colcon.colcon_core.package_identification:_identify(src/install/sbg_driver/include/sbg_driver) by extension 'python_setup_py'
[0.151s] Level 1:colcon.colcon_core.package_identification:_identify(src/install/sbg_driver/include/sbg_driver/sbg_driver) by extensions ['ignore', 'ignore_ament_install']
[0.151s] Level 1:colcon.colcon_core.package_identification:_identify(src/install/sbg_driver/include/sbg_driver/sbg_driver) by extension 'ignore'
[0.151s] Level 1:colcon.colcon_core.package_identification:_identify(src/install/sbg_driver/include/sbg_driver/sbg_driver) by extension 'ignore_ament_install'
[0.151s] Level 1:colcon.colcon_core.package_identification:_identify(src/install/sbg_driver/include/sbg_driver/sbg_driver) by extensions ['colcon_pkg']
[0.151s] Level 1:colcon.colcon_core.package_identification:_identify(src/install/sbg_driver/include/sbg_driver/sbg_driver) by extension 'colcon_pkg'
[0.151s] Level 1:colcon.colcon_core.package_identification:_identify(src/install/sbg_driver/include/sbg_driver/sbg_driver) by extensions ['colcon_meta']
[0.151s] Level 1:colcon.colcon_core.package_identification:_identify(src/install/sbg_driver/include/sbg_driver/sbg_driver) by extension 'colcon_meta'
[0.151s] Level 1:colcon.colcon_core.package_identification:_identify(src/install/sbg_driver/include/sbg_driver/sbg_driver) by extensions ['ros']
[0.151s] Level 1:colcon.colcon_core.package_identification:_identify(src/install/sbg_driver/include/sbg_driver/sbg_driver) by extension 'ros'
[0.151s] Level 1:colcon.colcon_core.package_identification:_identify(src/install/sbg_driver/include/sbg_driver/sbg_driver) by extensions ['cmake', 'python']
[0.151s] Level 1:colcon.colcon_core.package_identification:_identify(src/install/sbg_driver/include/sbg_driver/sbg_driver) by extension 'cmake'
[0.151s] Level 1:colcon.colcon_core.package_identification:_identify(src/install/sbg_driver/include/sbg_driver/sbg_driver) by extension 'python'
[0.151s] Level 1:colcon.colcon_core.package_identification:_identify(src/install/sbg_driver/include/sbg_driver/sbg_driver) by extensions ['python_setup_py']
[0.151s] Level 1:colcon.colcon_core.package_identification:_identify(src/install/sbg_driver/include/sbg_driver/sbg_driver) by extension 'python_setup_py'
[0.151s] Level 1:colcon.colcon_core.package_identification:_identify(src/install/sbg_driver/include/sbg_driver/sbg_driver/msg) by extensions ['ignore', 'ignore_ament_install']
[0.151s] Level 1:colcon.colcon_core.package_identification:_identify(src/install/sbg_driver/include/sbg_driver/sbg_driver/msg) by extension 'ignore'
[0.151s] Level 1:colcon.colcon_core.package_identification:_identify(src/install/sbg_driver/include/sbg_driver/sbg_driver/msg) by extension 'ignore_ament_install'
[0.151s] Level 1:colcon.colcon_core.package_identification:_identify(src/install/sbg_driver/include/sbg_driver/sbg_driver/msg) by extensions ['colcon_pkg']
[0.152s] Level 1:colcon.colcon_core.package_identification:_identify(src/install/sbg_driver/include/sbg_driver/sbg_driver/msg) by extension 'colcon_pkg'
[0.152s] Level 1:colcon.colcon_core.package_identification:_identify(src/install/sbg_driver/include/sbg_driver/sbg_driver/msg) by extensions ['colcon_meta']
[0.152s] Level 1:colcon.colcon_core.package_identification:_identify(src/install/sbg_driver/include/sbg_driver/sbg_driver/msg) by extension 'colcon_meta'
[0.152s] Level 1:colcon.colcon_core.package_identification:_identify(src/install/sbg_driver/include/sbg_driver/sbg_driver/msg) by extensions ['ros']
[0.152s] Level 1:colcon.colcon_core.package_identification:_identify(src/install/sbg_driver/include/sbg_driver/sbg_driver/msg) by extension 'ros'
[0.152s] Level 1:colcon.colcon_core.package_identification:_identify(src/install/sbg_driver/include/sbg_driver/sbg_driver/msg) by extensions ['cmake', 'python']
[0.152s] Level 1:colcon.colcon_core.package_identification:_identify(src/install/sbg_driver/include/sbg_driver/sbg_driver/msg) by extension 'cmake'
[0.152s] Level 1:colcon.colcon_core.package_identification:_identify(src/install/sbg_driver/include/sbg_driver/sbg_driver/msg) by extension 'python'
[0.152s] Level 1:colcon.colcon_core.package_identification:_identify(src/install/sbg_driver/include/sbg_driver/sbg_driver/msg) by extensions ['python_setup_py']
[0.152s] Level 1:colcon.colcon_core.package_identification:_identify(src/install/sbg_driver/include/sbg_driver/sbg_driver/msg) by extension 'python_setup_py'
[0.152s] Level 1:colcon.colcon_core.package_identification:_identify(src/install/sbg_driver/include/sbg_driver/sbg_driver/msg/detail) by extensions ['ignore', 'ignore_ament_install']
[0.152s] Level 1:colcon.colcon_core.package_identification:_identify(src/install/sbg_driver/include/sbg_driver/sbg_driver/msg/detail) by extension 'ignore'
[0.152s] Level 1:colcon.colcon_core.package_identification:_identify(src/install/sbg_driver/include/sbg_driver/sbg_driver/msg/detail) by extension 'ignore_ament_install'
[0.152s] Level 1:colcon.colcon_core.package_identification:_identify(src/install/sbg_driver/include/sbg_driver/sbg_driver/msg/detail) by extensions ['colcon_pkg']
[0.152s] Level 1:colcon.colcon_core.package_identification:_identify(src/install/sbg_driver/include/sbg_driver/sbg_driver/msg/detail) by extension 'colcon_pkg'
[0.152s] Level 1:colcon.colcon_core.package_identification:_identify(src/install/sbg_driver/include/sbg_driver/sbg_driver/msg/detail) by extensions ['colcon_meta']
[0.152s] Level 1:colcon.colcon_core.package_identification:_identify(src/install/sbg_driver/include/sbg_driver/sbg_driver/msg/detail) by extension 'colcon_meta'
[0.152s] Level 1:colcon.colcon_core.package_identification:_identify(src/install/sbg_driver/include/sbg_driver/sbg_driver/msg/detail) by extensions ['ros']
[0.152s] Level 1:colcon.colcon_core.package_identification:_identify(src/install/sbg_driver/include/sbg_driver/sbg_driver/msg/detail) by extension 'ros'
[0.152s] Level 1:colcon.colcon_core.package_identification:_identify(src/install/sbg_driver/include/sbg_driver/sbg_driver/msg/detail) by extensions ['cmake', 'python']
[0.152s] Level 1:colcon.colcon_core.package_identification:_identify(src/install/sbg_driver/include/sbg_driver/sbg_driver/msg/detail) by extension 'cmake'
[0.152s] Level 1:colcon.colcon_core.package_identification:_identify(src/install/sbg_driver/include/sbg_driver/sbg_driver/msg/detail) by extension 'python'
[0.152s] Level 1:colcon.colcon_core.package_identification:_identify(src/install/sbg_driver/include/sbg_driver/sbg_driver/msg/detail) by extensions ['python_setup_py']
[0.152s] Level 1:colcon.colcon_core.package_identification:_identify(src/install/sbg_driver/include/sbg_driver/sbg_driver/msg/detail) by extension 'python_setup_py'
[0.152s] Level 1:colcon.colcon_core.package_identification:_identify(src/install/sbg_driver/include/sbg_driver/sbg_driver/msg/detail/dds_fastrtps) by extensions ['ignore', 'ignore_ament_install']
[0.152s] Level 1:colcon.colcon_core.package_identification:_identify(src/install/sbg_driver/include/sbg_driver/sbg_driver/msg/detail/dds_fastrtps) by extension 'ignore'
[0.152s] Level 1:colcon.colcon_core.package_identification:_identify(src/install/sbg_driver/include/sbg_driver/sbg_driver/msg/detail/dds_fastrtps) by extension 'ignore_ament_install'
[0.152s] Level 1:colcon.colcon_core.package_identification:_identify(src/install/sbg_driver/include/sbg_driver/sbg_driver/msg/detail/dds_fastrtps) by extensions ['colcon_pkg']
[0.152s] Level 1:colcon.colcon_core.package_identification:_identify(src/install/sbg_driver/include/sbg_driver/sbg_driver/msg/detail/dds_fastrtps) by extension 'colcon_pkg'
[0.152s] Level 1:colcon.colcon_core.package_identification:_identify(src/install/sbg_driver/include/sbg_driver/sbg_driver/msg/detail/dds_fastrtps) by extensions ['colcon_meta']
[0.152s] Level 1:colcon.colcon_core.package_identification:_identify(src/install/sbg_driver/include/sbg_driver/sbg_driver/msg/detail/dds_fastrtps) by extension 'colcon_meta'
[0.152s] Level 1:colcon.colcon_core.package_identification:_identify(src/install/sbg_driver/include/sbg_driver/sbg_driver/msg/detail/dds_fastrtps) by extensions ['ros']
[0.152s] Level 1:colcon.colcon_core.package_identification:_identify(src/install/sbg_driver/include/sbg_driver/sbg_driver/msg/detail/dds_fastrtps) by extension 'ros'
[0.152s] Level 1:colcon.colcon_core.package_identification:_identify(src/install/sbg_driver/include/sbg_driver/sbg_driver/msg/detail/dds_fastrtps) by extensions ['cmake', 'python']
[0.152s] Level 1:colcon.colcon_core.package_identification:_identify(src/install/sbg_driver/include/sbg_driver/sbg_driver/msg/detail/dds_fastrtps) by extension 'cmake'
[0.152s] Level 1:colcon.colcon_core.package_identification:_identify(src/install/sbg_driver/include/sbg_driver/sbg_driver/msg/detail/dds_fastrtps) by extension 'python'
[0.152s] Level 1:colcon.colcon_core.package_identification:_identify(src/install/sbg_driver/include/sbg_driver/sbg_driver/msg/detail/dds_fastrtps) by extensions ['python_setup_py']
[0.152s] Level 1:colcon.colcon_core.package_identification:_identify(src/install/sbg_driver/include/sbg_driver/sbg_driver/msg/detail/dds_fastrtps) by extension 'python_setup_py'
[0.152s] Level 1:colcon.colcon_core.package_identification:_identify(src/sbg_imu_bridge) by extensions ['ignore', 'ignore_ament_install']
[0.152s] Level 1:colcon.colcon_core.package_identification:_identify(src/sbg_imu_bridge) by extension 'ignore'
[0.152s] Level 1:colcon.colcon_core.package_identification:_identify(src/sbg_imu_bridge) by extension 'ignore_ament_install'
[0.152s] Level 1:colcon.colcon_core.package_identification:_identify(src/sbg_imu_bridge) by extensions ['colcon_pkg']
[0.152s] Level 1:colcon.colcon_core.package_identification:_identify(src/sbg_imu_bridge) by extension 'colcon_pkg'
[0.152s] Level 1:colcon.colcon_core.package_identification:_identify(src/sbg_imu_bridge) by extensions ['colcon_meta']
[0.152s] Level 1:colcon.colcon_core.package_identification:_identify(src/sbg_imu_bridge) by extension 'colcon_meta'
[0.153s] Level 1:colcon.colcon_core.package_identification:_identify(src/sbg_imu_bridge) by extensions ['ros']
[0.153s] Level 1:colcon.colcon_core.package_identification:_identify(src/sbg_imu_bridge) by extension 'ros'
[0.153s] DEBUG:colcon.colcon_core.package_identification:Package 'src/sbg_imu_bridge' with type 'ros.ament_python' and name 'sbg_imu_bridge'
[0.153s] Level 1:colcon.colcon_core.package_identification:_identify(src/sbg_ros2_driver) by extensions ['ignore', 'ignore_ament_install']
[0.153s] Level 1:colcon.colcon_core.package_identification:_identify(src/sbg_ros2_driver) by extension 'ignore'
[0.153s] Level 1:colcon.colcon_core.package_identification:_identify(src/sbg_ros2_driver) by extension 'ignore_ament_install'
[0.153s] Level 1:colcon.colcon_core.package_identification:_identify(src/sbg_ros2_driver) by extensions ['colcon_pkg']
[0.153s] Level 1:colcon.colcon_core.package_identification:_identify(src/sbg_ros2_driver) by extension 'colcon_pkg'
[0.153s] Level 1:colcon.colcon_core.package_identification:_identify(src/sbg_ros2_driver) by extensions ['colcon_meta']
[0.153s] Level 1:colcon.colcon_core.package_identification:_identify(src/sbg_ros2_driver) by extension 'colcon_meta'
[0.153s] Level 1:colcon.colcon_core.package_identification:_identify(src/sbg_ros2_driver) by extensions ['ros']
[0.153s] Level 1:colcon.colcon_core.package_identification:_identify(src/sbg_ros2_driver) by extension 'ros'
[0.154s] DEBUG:colcon.colcon_core.package_identification:Package 'src/sbg_ros2_driver' with type 'ros.ament_cmake' and name 'sbg_driver'
[0.154s] Level 1:colcon.colcon_core.package_discovery:discover_packages(recursive) using defaults
[0.154s] Level 1:colcon.colcon_core.package_discovery:discover_packages(ignore) discover
[0.154s] Level 1:colcon.colcon_core.package_discovery:discover_packages(ignore) using defaults
[0.154s] Level 1:colcon.colcon_core.package_discovery:discover_packages(path) discover
[0.154s] Level 1:colcon.colcon_core.package_discovery:discover_packages(path) using defaults
[0.170s] Level 1:colcon.colcon_core.package_discovery:discover_packages(prefix_path) check parameters
[0.170s] Level 1:colcon.colcon_core.package_discovery:discover_packages(prefix_path) discover
[0.171s] WARNING:colcon.colcon_core.prefix_path.colcon:The path '/home/frfusera/ros2_ws/install' in the environment variable COLCON_PREFIX_PATH doesn't exist
[0.171s] WARNING:colcon.colcon_ros.prefix_path.ament:The path '/home/frfusera/ros2_ws/install/sbg_imu_bridge' in the environment variable AMENT_PREFIX_PATH doesn't exist
[0.171s] WARNING:colcon.colcon_ros.prefix_path.ament:The path '/home/frfusera/ros2_ws/install/imu_tf_broadcaster' in the environment variable AMENT_PREFIX_PATH doesn't exist
[0.171s] WARNING:colcon.colcon_ros.prefix_path.ament:The path '/home/frfusera/ros2_ws/install/sbg_driver' in the environment variable AMENT_PREFIX_PATH doesn't exist
[0.171s] WARNING:colcon.colcon_ros.prefix_path.catkin:The path '/home/frfusera/ros2_ws/install/sbg_driver' in the environment variable CMAKE_PREFIX_PATH doesn't exist
[0.172s] DEBUG:colcon.colcon_installed_package_information.package_discovery:Found 280 installed packages in /opt/ros/humble
[0.172s] Level 1:colcon.colcon_core.package_discovery:discover_packages(prefix_path) using defaults
[0.192s] Level 5:colcon.colcon_core.verb:set package 'sbg_driver' build argument 'cmake_args' from command line to 'None'
[0.192s] Level 5:colcon.colcon_core.verb:set package 'sbg_driver' build argument 'cmake_target' from command line to 'None'
[0.192s] Level 5:colcon.colcon_core.verb:set package 'sbg_driver' build argument 'cmake_target_skip_unavailable' from command line to 'False'
[0.192s] Level 5:colcon.colcon_core.verb:set package 'sbg_driver' build argument 'cmake_clean_cache' from command line to 'False'
[0.192s] Level 5:colcon.colcon_core.verb:set package 'sbg_driver' build argument 'cmake_clean_first' from command line to 'False'
[0.192s] Level 5:colcon.colcon_core.verb:set package 'sbg_driver' build argument 'cmake_force_configure' from command line to 'False'
[0.192s] Level 5:colcon.colcon_core.verb:set package 'sbg_driver' build argument 'ament_cmake_args' from command line to 'None'
[0.192s] Level 5:colcon.colcon_core.verb:set package 'sbg_driver' build argument 'catkin_cmake_args' from command line to 'None'
[0.192s] Level 5:colcon.colcon_core.verb:set package 'sbg_driver' build argument 'catkin_skip_building_tests' from command line to 'False'
[0.192s] DEBUG:colcon.colcon_core.verb:Building package 'sbg_driver' with the following arguments: {'ament_cmake_args': None, 'build_base': '/home/frfusera/ros2_ws/sbg_ws/build/sbg_driver', 'catkin_cmake_args': None, 'catkin_skip_building_tests': False, 'cmake_args': None, 'cmake_clean_cache': False, 'cmake_clean_first': False, 'cmake_force_configure': False, 'cmake_target': None, 'cmake_target_skip_unavailable': False, 'install_base': '/home/frfusera/ros2_ws/sbg_ws/install/sbg_driver', 'merge_install': False, 'path': '/home/frfusera/ros2_ws/sbg_ws/src/sbg_ros2_driver', 'symlink_install': True, 'test_result_base': None}
[0.192s] Level 5:colcon.colcon_core.verb:set package 'sbg_imu_bridge' build argument 'cmake_args' from command line to 'None'
[0.192s] Level 5:colcon.colcon_core.verb:set package 'sbg_imu_bridge' build argument 'cmake_target' from command line to 'None'
[0.192s] Level 5:colcon.colcon_core.verb:set package 'sbg_imu_bridge' build argument 'cmake_target_skip_unavailable' from command line to 'False'
[0.192s] Level 5:colcon.colcon_core.verb:set package 'sbg_imu_bridge' build argument 'cmake_clean_cache' from command line to 'False'
[0.192s] Level 5:colcon.colcon_core.verb:set package 'sbg_imu_bridge' build argument 'cmake_clean_first' from command line to 'False'
[0.192s] Level 5:colcon.colcon_core.verb:set package 'sbg_imu_bridge' build argument 'cmake_force_configure' from command line to 'False'
[0.192s] Level 5:colcon.colcon_core.verb:set package 'sbg_imu_bridge' build argument 'ament_cmake_args' from command line to 'None'
[0.192s] Level 5:colcon.colcon_core.verb:set package 'sbg_imu_bridge' build argument 'catkin_cmake_args' from command line to 'None'
[0.192s] Level 5:colcon.colcon_core.verb:set package 'sbg_imu_bridge' build argument 'catkin_skip_building_tests' from command line to 'False'
[0.192s] DEBUG:colcon.colcon_core.verb:Building package 'sbg_imu_bridge' with the following arguments: {'ament_cmake_args': None, 'build_base': '/home/frfusera/ros2_ws/sbg_ws/build/sbg_imu_bridge', 'catkin_cmake_args': None, 'catkin_skip_building_tests': False, 'cmake_args': None, 'cmake_clean_cache': False, 'cmake_clean_first': False, 'cmake_force_configure': False, 'cmake_target': None, 'cmake_target_skip_unavailable': False, 'install_base': '/home/frfusera/ros2_ws/sbg_ws/install/sbg_imu_bridge', 'merge_install': False, 'path': '/home/frfusera/ros2_ws/sbg_ws/src/sbg_imu_bridge', 'symlink_install': True, 'test_result_base': None}
[0.192s] Level 5:colcon.colcon_core.verb:set package 'imu_tf_broadcaster' build argument 'cmake_args' from command line to 'None'
[0.192s] Level 5:colcon.colcon_core.verb:set package 'imu_tf_broadcaster' build argument 'cmake_target' from command line to 'None'
[0.192s] Level 5:colcon.colcon_core.verb:set package 'imu_tf_broadcaster' build argument 'cmake_target_skip_unavailable' from command line to 'False'
[0.192s] Level 5:colcon.colcon_core.verb:set package 'imu_tf_broadcaster' build argument 'cmake_clean_cache' from command line to 'False'
[0.192s] Level 5:colcon.colcon_core.verb:set package 'imu_tf_broadcaster' build argument 'cmake_clean_first' from command line to 'False'
[0.192s] Level 5:colcon.colcon_core.verb:set package 'imu_tf_broadcaster' build argument 'cmake_force_configure' from command line to 'False'
[0.192s] Level 5:colcon.colcon_core.verb:set package 'imu_tf_broadcaster' build argument 'ament_cmake_args' from command line to 'None'
[0.192s] Level 5:colcon.colcon_core.verb:set package 'imu_tf_broadcaster' build argument 'catkin_cmake_args' from command line to 'None'
[0.192s] Level 5:colcon.colcon_core.verb:set package 'imu_tf_broadcaster' build argument 'catkin_skip_building_tests' from command line to 'False'
[0.192s] DEBUG:colcon.colcon_core.verb:Building package 'imu_tf_broadcaster' with the following arguments: {'ament_cmake_args': None, 'build_base': '/home/frfusera/ros2_ws/sbg_ws/build/imu_tf_broadcaster', 'catkin_cmake_args': None, 'catkin_skip_building_tests': False, 'cmake_args': None, 'cmake_clean_cache': False, 'cmake_clean_first': False, 'cmake_force_configure': False, 'cmake_target': None, 'cmake_target_skip_unavailable': False, 'install_base': '/home/frfusera/ros2_ws/sbg_ws/install/imu_tf_broadcaster', 'merge_install': False, 'path': '/home/frfusera/ros2_ws/sbg_ws/src/imu_tf_broadcaster', 'symlink_install': True, 'test_result_base': None}
[0.192s] INFO:colcon.colcon_core.executor:Executing jobs using 'parallel' executor
[0.193s] DEBUG:colcon.colcon_parallel_executor.executor.parallel:run_until_complete
[0.193s] INFO:colcon.colcon_ros.task.ament_cmake.build:Building ROS package in '/home/frfusera/ros2_ws/sbg_ws/src/sbg_ros2_driver' with build type 'ament_cmake'
[0.193s] INFO:colcon.colcon_cmake.task.cmake.build:Building CMake package in '/home/frfusera/ros2_ws/sbg_ws/src/sbg_ros2_driver'
[0.195s] INFO:colcon.colcon_core.plugin_system:Skipping extension 'colcon_core.shell.bat': Not used on non-Windows systems
[0.195s] INFO:colcon.colcon_core.shell:Skip shell extension 'powershell' for command environment: Not usable outside of PowerShell
[0.195s] DEBUG:colcon.colcon_core.shell:Skip shell extension 'dsv' for command environment
[0.197s] INFO:colcon.colcon_ros.task.ament_python.build:Building ROS package in '/home/frfusera/ros2_ws/sbg_ws/src/sbg_imu_bridge' with build type 'ament_python'
[0.197s] Level 1:colcon.colcon_core.shell:create_environment_hook('sbg_imu_bridge', 'ament_prefix_path')
[0.197s] INFO:colcon.colcon_core.shell:Creating environment hook '/home/frfusera/ros2_ws/sbg_ws/install/sbg_imu_bridge/share/sbg_imu_bridge/hook/ament_prefix_path.ps1'
[0.197s] INFO:colcon.colcon_core.shell:Creating environment descriptor '/home/frfusera/ros2_ws/sbg_ws/install/sbg_imu_bridge/share/sbg_imu_bridge/hook/ament_prefix_path.dsv'
[0.198s] INFO:colcon.colcon_core.shell:Creating environment hook '/home/frfusera/ros2_ws/sbg_ws/install/sbg_imu_bridge/share/sbg_imu_bridge/hook/ament_prefix_path.sh'
[0.198s] INFO:colcon.colcon_core.shell:Skip shell extension 'powershell' for command environment: Not usable outside of PowerShell
[0.198s] DEBUG:colcon.colcon_core.shell:Skip shell extension 'dsv' for command environment
[0.202s] DEBUG:colcon.colcon_core.event_handler.log_command:Invoking command in '/home/frfusera/ros2_ws/sbg_ws/build/sbg_driver': CMAKE_PREFIX_PATH=${CMAKE_PREFIX_PATH}:/home/frfusera/ros2_ws/install/sbg_imu_bridge:/home/frfusera/ros2_ws/install/imu_tf_broadcaster:/opt/ros/humble /usr/bin/cmake /home/frfusera/ros2_ws/sbg_ws/src/sbg_ros2_driver -DAMENT_CMAKE_SYMLINK_INSTALL=1 -DCMAKE_INSTALL_PREFIX=/home/frfusera/ros2_ws/sbg_ws/install/sbg_driver
[0.338s] INFO:colcon.colcon_core.task.python.build:Building Python package in '/home/frfusera/ros2_ws/sbg_ws/src/sbg_imu_bridge'
[0.338s] INFO:colcon.colcon_core.shell:Skip shell extension 'powershell' for command environment: Not usable outside of PowerShell
[0.338s] DEBUG:colcon.colcon_core.shell:Skip shell extension 'dsv' for command environment
[0.521s] DEBUG:colcon.colcon_core.event_handler.log_command:Invoking command in '/home/frfusera/ros2_ws/sbg_ws/build/sbg_imu_bridge': PYTHONPATH=/home/frfusera/ros2_ws/sbg_ws/build/sbg_imu_bridge/prefix_override:/usr/lib/python3/dist-packages/colcon_core/task/python/colcon_distutils_commands:/home/frfusera/ros2_ws/sbg_ws/install/sbg_imu_bridge/lib/python3.10/site-packages:${PYTHONPATH} /usr/bin/python3 -W ignore:setup.py install is deprecated -W ignore:easy_install command is deprecated setup.py develop --editable --build-directory /home/frfusera/ros2_ws/sbg_ws/build/sbg_imu_bridge/build --no-deps symlink_data
[0.744s] Level 1:colcon.colcon_core.shell:create_environment_hook('sbg_imu_bridge', 'pythonpath_develop')
[0.744s] INFO:colcon.colcon_core.shell:Creating environment hook '/home/frfusera/ros2_ws/sbg_ws/build/sbg_imu_bridge/share/sbg_imu_bridge/hook/pythonpath_develop.ps1'
[0.745s] DEBUG:colcon.colcon_core.event_handler.log_command:Invoked command in '/home/frfusera/ros2_ws/sbg_ws/build/sbg_imu_bridge' returned '0': PYTHONPATH=/home/frfusera/ros2_ws/sbg_ws/build/sbg_imu_bridge/prefix_override:/usr/lib/python3/dist-packages/colcon_core/task/python/colcon_distutils_commands:/home/frfusera/ros2_ws/sbg_ws/install/sbg_imu_bridge/lib/python3.10/site-packages:${PYTHONPATH} /usr/bin/python3 -W ignore:setup.py install is deprecated -W ignore:easy_install command is deprecated setup.py develop --editable --build-directory /home/frfusera/ros2_ws/sbg_ws/build/sbg_imu_bridge/build --no-deps symlink_data
[0.745s] INFO:colcon.colcon_core.shell:Creating environment descriptor '/home/frfusera/ros2_ws/sbg_ws/build/sbg_imu_bridge/share/sbg_imu_bridge/hook/pythonpath_develop.dsv'
[0.745s] INFO:colcon.colcon_core.shell:Creating environment hook '/home/frfusera/ros2_ws/sbg_ws/build/sbg_imu_bridge/share/sbg_imu_bridge/hook/pythonpath_develop.sh'
[0.747s] Level 1:colcon.colcon_core.environment:checking '/home/frfusera/ros2_ws/sbg_ws/install/sbg_imu_bridge' for CMake module files
[0.747s] Level 1:colcon.colcon_core.environment:checking '/home/frfusera/ros2_ws/sbg_ws/install/sbg_imu_bridge' for CMake config files
[0.747s] Level 1:colcon.colcon_core.environment:checking '/home/frfusera/ros2_ws/sbg_ws/install/sbg_imu_bridge/lib'
[0.748s] Level 1:colcon.colcon_core.environment:checking '/home/frfusera/ros2_ws/sbg_ws/install/sbg_imu_bridge/bin'
[0.748s] Level 1:colcon.colcon_core.environment:checking '/home/frfusera/ros2_ws/sbg_ws/install/sbg_imu_bridge/lib/pkgconfig/sbg_imu_bridge.pc'
[0.748s] Level 1:colcon.colcon_core.environment:checking '/home/frfusera/ros2_ws/sbg_ws/install/sbg_imu_bridge/lib/python3.10/site-packages'
[0.748s] Level 1:colcon.colcon_core.shell:create_environment_hook('sbg_imu_bridge', 'pythonpath')
[0.748s] INFO:colcon.colcon_core.shell:Creating environment hook '/home/frfusera/ros2_ws/sbg_ws/install/sbg_imu_bridge/share/sbg_imu_bridge/hook/pythonpath.ps1'
[0.748s] INFO:colcon.colcon_core.shell:Creating environment descriptor '/home/frfusera/ros2_ws/sbg_ws/install/sbg_imu_bridge/share/sbg_imu_bridge/hook/pythonpath.dsv'
[0.748s] INFO:colcon.colcon_core.shell:Creating environment hook '/home/frfusera/ros2_ws/sbg_ws/install/sbg_imu_bridge/share/sbg_imu_bridge/hook/pythonpath.sh'
[0.749s] Level 1:colcon.colcon_core.environment:checking '/home/frfusera/ros2_ws/sbg_ws/install/sbg_imu_bridge/bin'
[0.749s] Level 1:colcon.colcon_core.environment:create_environment_scripts_only(sbg_imu_bridge)
[0.749s] INFO:colcon.colcon_core.shell:Creating package script '/home/frfusera/ros2_ws/sbg_ws/install/sbg_imu_bridge/share/sbg_imu_bridge/package.ps1'
[0.749s] INFO:colcon.colcon_core.shell:Creating package descriptor '/home/frfusera/ros2_ws/sbg_ws/install/sbg_imu_bridge/share/sbg_imu_bridge/package.dsv'
[0.750s] INFO:colcon.colcon_core.shell:Creating package script '/home/frfusera/ros2_ws/sbg_ws/install/sbg_imu_bridge/share/sbg_imu_bridge/package.sh'
[0.750s] INFO:colcon.colcon_core.shell:Creating package script '/home/frfusera/ros2_ws/sbg_ws/install/sbg_imu_bridge/share/sbg_imu_bridge/package.bash'
[0.750s] INFO:colcon.colcon_core.shell:Creating package script '/home/frfusera/ros2_ws/sbg_ws/install/sbg_imu_bridge/share/sbg_imu_bridge/package.zsh'
[0.751s] Level 1:colcon.colcon_core.environment:create_file_with_runtime_dependencies(/home/frfusera/ros2_ws/sbg_ws/install/sbg_imu_bridge/share/colcon-core/packages/sbg_imu_bridge)
[1.821s] DEBUG:colcon.colcon_core.event_handler.log_command:Invoked command in '/home/frfusera/ros2_ws/sbg_ws/build/sbg_driver' returned '0': CMAKE_PREFIX_PATH=${CMAKE_PREFIX_PATH}:/home/frfusera/ros2_ws/install/sbg_imu_bridge:/home/frfusera/ros2_ws/install/imu_tf_broadcaster:/opt/ros/humble /usr/bin/cmake /home/frfusera/ros2_ws/sbg_ws/src/sbg_ros2_driver -DAMENT_CMAKE_SYMLINK_INSTALL=1 -DCMAKE_INSTALL_PREFIX=/home/frfusera/ros2_ws/sbg_ws/install/sbg_driver
[1.824s] DEBUG:colcon.colcon_core.event_handler.log_command:Invoking command in '/home/frfusera/ros2_ws/sbg_ws/build/sbg_driver': CMAKE_PREFIX_PATH=${CMAKE_PREFIX_PATH}:/home/frfusera/ros2_ws/install/sbg_imu_bridge:/home/frfusera/ros2_ws/install/imu_tf_broadcaster:/opt/ros/humble /usr/bin/cmake --build /home/frfusera/ros2_ws/sbg_ws/build/sbg_driver -- -j22 -l22
[23.057s] DEBUG:colcon.colcon_core.event_handler.log_command:Invoked command in '/home/frfusera/ros2_ws/sbg_ws/build/sbg_driver' returned '0': CMAKE_PREFIX_PATH=${CMAKE_PREFIX_PATH}:/home/frfusera/ros2_ws/install/sbg_imu_bridge:/home/frfusera/ros2_ws/install/imu_tf_broadcaster:/opt/ros/humble /usr/bin/cmake --build /home/frfusera/ros2_ws/sbg_ws/build/sbg_driver -- -j22 -l22
[23.064s] DEBUG:colcon.colcon_core.event_handler.log_command:Invoking command in '/home/frfusera/ros2_ws/sbg_ws/build/sbg_driver': CMAKE_PREFIX_PATH=${CMAKE_PREFIX_PATH}:/home/frfusera/ros2_ws/install/sbg_imu_bridge:/home/frfusera/ros2_ws/install/imu_tf_broadcaster:/opt/ros/humble /usr/bin/cmake --install /home/frfusera/ros2_ws/sbg_ws/build/sbg_driver
[26.248s] Level 1:colcon.colcon_core.environment:create_environment_scripts_only(sbg_driver)
[26.248s] DEBUG:colcon.colcon_core.event_handler.log_command:Invoked command in '/home/frfusera/ros2_ws/sbg_ws/build/sbg_driver' returned '0': CMAKE_PREFIX_PATH=${CMAKE_PREFIX_PATH}:/home/frfusera/ros2_ws/install/sbg_imu_bridge:/home/frfusera/ros2_ws/install/imu_tf_broadcaster:/opt/ros/humble /usr/bin/cmake --install /home/frfusera/ros2_ws/sbg_ws/build/sbg_driver
[26.249s] Level 1:colcon.colcon_core.environment:checking '/home/frfusera/ros2_ws/sbg_ws/install/sbg_driver' for CMake module files
[26.250s] Level 1:colcon.colcon_core.environment:checking '/home/frfusera/ros2_ws/sbg_ws/install/sbg_driver' for CMake config files
[26.251s] Level 1:colcon.colcon_core.shell:create_environment_hook('sbg_driver', 'cmake_prefix_path')
[26.251s] INFO:colcon.colcon_core.shell:Creating environment hook '/home/frfusera/ros2_ws/sbg_ws/install/sbg_driver/share/sbg_driver/hook/cmake_prefix_path.ps1'
[26.252s] INFO:colcon.colcon_core.shell:Creating environment descriptor '/home/frfusera/ros2_ws/sbg_ws/install/sbg_driver/share/sbg_driver/hook/cmake_prefix_path.dsv'
[26.252s] INFO:colcon.colcon_core.shell:Creating environment hook '/home/frfusera/ros2_ws/sbg_ws/install/sbg_driver/share/sbg_driver/hook/cmake_prefix_path.sh'
[26.252s] Level 1:colcon.colcon_core.environment:checking '/home/frfusera/ros2_ws/sbg_ws/install/sbg_driver/lib'
[26.252s] Level 1:colcon.colcon_core.shell:create_environment_hook('sbg_driver', 'ld_library_path_lib')
[26.253s] INFO:colcon.colcon_core.shell:Creating environment hook '/home/frfusera/ros2_ws/sbg_ws/install/sbg_driver/share/sbg_driver/hook/ld_library_path_lib.ps1'
[26.253s] INFO:colcon.colcon_core.shell:Creating environment descriptor '/home/frfusera/ros2_ws/sbg_ws/install/sbg_driver/share/sbg_driver/hook/ld_library_path_lib.dsv'
[26.253s] INFO:colcon.colcon_core.shell:Creating environment hook '/home/frfusera/ros2_ws/sbg_ws/install/sbg_driver/share/sbg_driver/hook/ld_library_path_lib.sh'
[26.253s] Level 1:colcon.colcon_core.environment:checking '/home/frfusera/ros2_ws/sbg_ws/install/sbg_driver/bin'
[26.253s] Level 1:colcon.colcon_core.environment:checking '/home/frfusera/ros2_ws/sbg_ws/install/sbg_driver/lib/pkgconfig/sbg_driver.pc'
[26.254s] Level 1:colcon.colcon_core.environment:checking '/home/frfusera/ros2_ws/sbg_ws/install/sbg_driver/lib/python3.10/site-packages'
[26.254s] Level 1:colcon.colcon_core.environment:checking '/home/frfusera/ros2_ws/sbg_ws/install/sbg_driver/bin'
[26.254s] INFO:colcon.colcon_core.shell:Creating package script '/home/frfusera/ros2_ws/sbg_ws/install/sbg_driver/share/sbg_driver/package.ps1'
[26.254s] INFO:colcon.colcon_core.shell:Creating package descriptor '/home/frfusera/ros2_ws/sbg_ws/install/sbg_driver/share/sbg_driver/package.dsv'
[26.255s] INFO:colcon.colcon_core.shell:Creating package script '/home/frfusera/ros2_ws/sbg_ws/install/sbg_driver/share/sbg_driver/package.sh'
[26.255s] INFO:colcon.colcon_core.shell:Creating package script '/home/frfusera/ros2_ws/sbg_ws/install/sbg_driver/share/sbg_driver/package.bash'
[26.255s] INFO:colcon.colcon_core.shell:Creating package script '/home/frfusera/ros2_ws/sbg_ws/install/sbg_driver/share/sbg_driver/package.zsh'
[26.255s] Level 1:colcon.colcon_core.environment:create_file_with_runtime_dependencies(/home/frfusera/ros2_ws/sbg_ws/install/sbg_driver/share/colcon-core/packages/sbg_driver)
[26.256s] Level 1:colcon.colcon_core.environment:create_environment_scripts_only(sbg_driver)
[26.256s] Level 1:colcon.colcon_core.environment:checking '/home/frfusera/ros2_ws/sbg_ws/install/sbg_driver' for CMake module files
[26.257s] Level 1:colcon.colcon_core.environment:checking '/home/frfusera/ros2_ws/sbg_ws/install/sbg_driver' for CMake config files
[26.257s] Level 1:colcon.colcon_core.shell:create_environment_hook('sbg_driver', 'cmake_prefix_path')
[26.257s] INFO:colcon.colcon_core.shell:Creating environment hook '/home/frfusera/ros2_ws/sbg_ws/install/sbg_driver/share/sbg_driver/hook/cmake_prefix_path.ps1'
[26.257s] INFO:colcon.colcon_core.shell:Creating environment descriptor '/home/frfusera/ros2_ws/sbg_ws/install/sbg_driver/share/sbg_driver/hook/cmake_prefix_path.dsv'
[26.257s] INFO:colcon.colcon_core.shell:Creating environment hook '/home/frfusera/ros2_ws/sbg_ws/install/sbg_driver/share/sbg_driver/hook/cmake_prefix_path.sh'
[26.258s] Level 1:colcon.colcon_core.environment:checking '/home/frfusera/ros2_ws/sbg_ws/install/sbg_driver/lib'
[26.258s] Level 1:colcon.colcon_core.shell:create_environment_hook('sbg_driver', 'ld_library_path_lib')
[26.258s] INFO:colcon.colcon_core.shell:Creating environment hook '/home/frfusera/ros2_ws/sbg_ws/install/sbg_driver/share/sbg_driver/hook/ld_library_path_lib.ps1'
[26.258s] INFO:colcon.colcon_core.shell:Creating environment descriptor '/home/frfusera/ros2_ws/sbg_ws/install/sbg_driver/share/sbg_driver/hook/ld_library_path_lib.dsv'
[26.258s] INFO:colcon.colcon_core.shell:Creating environment hook '/home/frfusera/ros2_ws/sbg_ws/install/sbg_driver/share/sbg_driver/hook/ld_library_path_lib.sh'
[26.258s] Level 1:colcon.colcon_core.environment:checking '/home/frfusera/ros2_ws/sbg_ws/install/sbg_driver/bin'
[26.258s] Level 1:colcon.colcon_core.environment:checking '/home/frfusera/ros2_ws/sbg_ws/install/sbg_driver/lib/pkgconfig/sbg_driver.pc'
[26.258s] Level 1:colcon.colcon_core.environment:checking '/home/frfusera/ros2_ws/sbg_ws/install/sbg_driver/lib/python3.10/site-packages'
[26.259s] Level 1:colcon.colcon_core.environment:checking '/home/frfusera/ros2_ws/sbg_ws/install/sbg_driver/bin'
[26.259s] INFO:colcon.colcon_core.shell:Creating package script '/home/frfusera/ros2_ws/sbg_ws/install/sbg_driver/share/sbg_driver/package.ps1'
[26.259s] INFO:colcon.colcon_core.shell:Creating package descriptor '/home/frfusera/ros2_ws/sbg_ws/install/sbg_driver/share/sbg_driver/package.dsv'
[26.259s] INFO:colcon.colcon_core.shell:Creating package script '/home/frfusera/ros2_ws/sbg_ws/install/sbg_driver/share/sbg_driver/package.sh'
[26.260s] INFO:colcon.colcon_core.shell:Creating package script '/home/frfusera/ros2_ws/sbg_ws/install/sbg_driver/share/sbg_driver/package.bash'
[26.260s] INFO:colcon.colcon_core.shell:Creating package script '/home/frfusera/ros2_ws/sbg_ws/install/sbg_driver/share/sbg_driver/package.zsh'
[26.261s] Level 1:colcon.colcon_core.environment:create_file_with_runtime_dependencies(/home/frfusera/ros2_ws/sbg_ws/install/sbg_driver/share/colcon-core/packages/sbg_driver)
[26.261s] INFO:colcon.colcon_ros.task.ament_python.build:Building ROS package in '/home/frfusera/ros2_ws/sbg_ws/src/imu_tf_broadcaster' with build type 'ament_python'
[26.261s] Level 1:colcon.colcon_core.shell:create_environment_hook('imu_tf_broadcaster', 'ament_prefix_path')
[26.261s] INFO:colcon.colcon_core.shell:Creating environment hook '/home/frfusera/ros2_ws/sbg_ws/install/imu_tf_broadcaster/share/imu_tf_broadcaster/hook/ament_prefix_path.ps1'
[26.262s] INFO:colcon.colcon_core.shell:Creating environment descriptor '/home/frfusera/ros2_ws/sbg_ws/install/imu_tf_broadcaster/share/imu_tf_broadcaster/hook/ament_prefix_path.dsv'
[26.262s] INFO:colcon.colcon_core.shell:Creating environment hook '/home/frfusera/ros2_ws/sbg_ws/install/imu_tf_broadcaster/share/imu_tf_broadcaster/hook/ament_prefix_path.sh'
[26.262s] INFO:colcon.colcon_core.shell:Skip shell extension 'powershell' for command environment: Not usable outside of PowerShell
[26.262s] DEBUG:colcon.colcon_core.shell:Skip shell extension 'dsv' for command environment
[26.402s] INFO:colcon.colcon_core.task.python.build:Building Python package in '/home/frfusera/ros2_ws/sbg_ws/src/imu_tf_broadcaster'
[26.402s] INFO:colcon.colcon_core.shell:Skip shell extension 'powershell' for command environment: Not usable outside of PowerShell
[26.402s] DEBUG:colcon.colcon_core.shell:Skip shell extension 'dsv' for command environment
[26.586s] DEBUG:colcon.colcon_core.event_handler.log_command:Invoking command in '/home/frfusera/ros2_ws/sbg_ws/build/imu_tf_broadcaster': AMENT_PREFIX_PATH=/home/frfusera/ros2_ws/sbg_ws/install/sbg_driver:${AMENT_PREFIX_PATH} CMAKE_PREFIX_PATH=/home/frfusera/ros2_ws/sbg_ws/install/sbg_driver:${CMAKE_PREFIX_PATH} LD_LIBRARY_PATH=/home/frfusera/ros2_ws/sbg_ws/install/sbg_driver/lib:${LD_LIBRARY_PATH} PYTHONPATH=/home/frfusera/ros2_ws/sbg_ws/build/imu_tf_broadcaster/prefix_override:/usr/lib/python3/dist-packages/colcon_core/task/python/colcon_distutils_commands:/home/frfusera/ros2_ws/sbg_ws/install/imu_tf_broadcaster/lib/python3.10/site-packages:/home/frfusera/ros2_ws/sbg_ws/install/sbg_driver/local/lib/python3.10/dist-packages:${PYTHONPATH} /usr/bin/python3 -W ignore:setup.py install is deprecated -W ignore:easy_install command is deprecated setup.py develop --editable --build-directory /home/frfusera/ros2_ws/sbg_ws/build/imu_tf_broadcaster/build --no-deps symlink_data
[26.833s] Level 1:colcon.colcon_core.shell:create_environment_hook('imu_tf_broadcaster', 'pythonpath_develop')
[26.834s] INFO:colcon.colcon_core.shell:Creating environment hook '/home/frfusera/ros2_ws/sbg_ws/build/imu_tf_broadcaster/share/imu_tf_broadcaster/hook/pythonpath_develop.ps1'
[26.834s] DEBUG:colcon.colcon_core.event_handler.log_command:Invoked command in '/home/frfusera/ros2_ws/sbg_ws/build/imu_tf_broadcaster' returned '0': AMENT_PREFIX_PATH=/home/frfusera/ros2_ws/sbg_ws/install/sbg_driver:${AMENT_PREFIX_PATH} CMAKE_PREFIX_PATH=/home/frfusera/ros2_ws/sbg_ws/install/sbg_driver:${CMAKE_PREFIX_PATH} LD_LIBRARY_PATH=/home/frfusera/ros2_ws/sbg_ws/install/sbg_driver/lib:${LD_LIBRARY_PATH} PYTHONPATH=/home/frfusera/ros2_ws/sbg_ws/build/imu_tf_broadcaster/prefix_override:/usr/lib/python3/dist-packages/colcon_core/task/python/colcon_distutils_commands:/home/frfusera/ros2_ws/sbg_ws/install/imu_tf_broadcaster/lib/python3.10/site-packages:/home/frfusera/ros2_ws/sbg_ws/install/sbg_driver/local/lib/python3.10/dist-packages:${PYTHONPATH} /usr/bin/python3 -W ignore:setup.py install is deprecated -W ignore:easy_install command is deprecated setup.py develop --editable --build-directory /home/frfusera/ros2_ws/sbg_ws/build/imu_tf_broadcaster/build --no-deps symlink_data
[26.835s] INFO:colcon.colcon_core.shell:Creating environment descriptor '/home/frfusera/ros2_ws/sbg_ws/build/imu_tf_broadcaster/share/imu_tf_broadcaster/hook/pythonpath_develop.dsv'
[26.835s] INFO:colcon.colcon_core.shell:Creating environment hook '/home/frfusera/ros2_ws/sbg_ws/build/imu_tf_broadcaster/share/imu_tf_broadcaster/hook/pythonpath_develop.sh'
[26.835s] Level 1:colcon.colcon_core.environment:checking '/home/frfusera/ros2_ws/sbg_ws/install/imu_tf_broadcaster' for CMake module files
[26.836s] Level 1:colcon.colcon_core.environment:checking '/home/frfusera/ros2_ws/sbg_ws/install/imu_tf_broadcaster' for CMake config files
[26.836s] Level 1:colcon.colcon_core.environment:checking '/home/frfusera/ros2_ws/sbg_ws/install/imu_tf_broadcaster/lib'
[26.836s] Level 1:colcon.colcon_core.environment:checking '/home/frfusera/ros2_ws/sbg_ws/install/imu_tf_broadcaster/bin'
[26.836s] Level 1:colcon.colcon_core.environment:checking '/home/frfusera/ros2_ws/sbg_ws/install/imu_tf_broadcaster/lib/pkgconfig/imu_tf_broadcaster.pc'
[26.836s] Level 1:colcon.colcon_core.environment:checking '/home/frfusera/ros2_ws/sbg_ws/install/imu_tf_broadcaster/lib/python3.10/site-packages'
[26.836s] Level 1:colcon.colcon_core.shell:create_environment_hook('imu_tf_broadcaster', 'pythonpath')
[26.836s] INFO:colcon.colcon_core.shell:Creating environment hook '/home/frfusera/ros2_ws/sbg_ws/install/imu_tf_broadcaster/share/imu_tf_broadcaster/hook/pythonpath.ps1'
[26.837s] INFO:colcon.colcon_core.shell:Creating environment descriptor '/home/frfusera/ros2_ws/sbg_ws/install/imu_tf_broadcaster/share/imu_tf_broadcaster/hook/pythonpath.dsv'
[26.837s] INFO:colcon.colcon_core.shell:Creating environment hook '/home/frfusera/ros2_ws/sbg_ws/install/imu_tf_broadcaster/share/imu_tf_broadcaster/hook/pythonpath.sh'
[26.837s] Level 1:colcon.colcon_core.environment:checking '/home/frfusera/ros2_ws/sbg_ws/install/imu_tf_broadcaster/bin'
[26.837s] Level 1:colcon.colcon_core.environment:create_environment_scripts_only(imu_tf_broadcaster)
[26.837s] INFO:colcon.colcon_core.shell:Creating package script '/home/frfusera/ros2_ws/sbg_ws/install/imu_tf_broadcaster/share/imu_tf_broadcaster/package.ps1'
[26.837s] INFO:colcon.colcon_core.shell:Creating package descriptor '/home/frfusera/ros2_ws/sbg_ws/install/imu_tf_broadcaster/share/imu_tf_broadcaster/package.dsv'
[26.838s] INFO:colcon.colcon_core.shell:Creating package script '/home/frfusera/ros2_ws/sbg_ws/install/imu_tf_broadcaster/share/imu_tf_broadcaster/package.sh'
[26.838s] INFO:colcon.colcon_core.shell:Creating package script '/home/frfusera/ros2_ws/sbg_ws/install/imu_tf_broadcaster/share/imu_tf_broadcaster/package.bash'
[26.838s] INFO:colcon.colcon_core.shell:Creating package script '/home/frfusera/ros2_ws/sbg_ws/install/imu_tf_broadcaster/share/imu_tf_broadcaster/package.zsh'
[26.838s] Level 1:colcon.colcon_core.environment:create_file_with_runtime_dependencies(/home/frfusera/ros2_ws/sbg_ws/install/imu_tf_broadcaster/share/colcon-core/packages/imu_tf_broadcaster)
[26.838s] DEBUG:colcon.colcon_parallel_executor.executor.parallel:closing loop
[26.838s] DEBUG:colcon.colcon_parallel_executor.executor.parallel:loop closed
[26.838s] DEBUG:colcon.colcon_parallel_executor.executor.parallel:run_until_complete finished with '0'
[26.839s] DEBUG:colcon.colcon_core.event_reactor:joining thread
[26.842s] INFO:colcon.colcon_core.plugin_system:Skipping extension 'colcon_notification.desktop_notification.terminal_notifier': Not used on non-Darwin systems
[26.842s] INFO:colcon.colcon_core.plugin_system:Skipping extension 'colcon_notification.desktop_notification.win32': Not used on non-Windows systems
[26.843s] INFO:colcon.colcon_notification.desktop_notification:Sending desktop notification using 'notify2'
[26.854s] DEBUG:colcon.colcon_core.event_reactor:joined thread
[26.855s] INFO:colcon.colcon_core.shell:Creating prefix script '/home/frfusera/ros2_ws/sbg_ws/install/local_setup.ps1'
[26.856s] INFO:colcon.colcon_core.shell:Creating prefix util module '/home/frfusera/ros2_ws/sbg_ws/install/_local_setup_util_ps1.py'
[26.857s] INFO:colcon.colcon_core.shell:Creating prefix chain script '/home/frfusera/ros2_ws/sbg_ws/install/setup.ps1'
[26.857s] INFO:colcon.colcon_core.shell:Creating prefix script '/home/frfusera/ros2_ws/sbg_ws/install/local_setup.sh'
[26.858s] INFO:colcon.colcon_core.shell:Creating prefix util module '/home/frfusera/ros2_ws/sbg_ws/install/_local_setup_util_sh.py'
[26.858s] INFO:colcon.colcon_core.shell:Creating prefix chain script '/home/frfusera/ros2_ws/sbg_ws/install/setup.sh'
[26.859s] INFO:colcon.colcon_core.shell:Creating prefix script '/home/frfusera/ros2_ws/sbg_ws/install/local_setup.bash'
[26.859s] INFO:colcon.colcon_core.shell:Creating prefix chain script '/home/frfusera/ros2_ws/sbg_ws/install/setup.bash'
[26.859s] INFO:colcon.colcon_core.shell:Creating prefix script '/home/frfusera/ros2_ws/sbg_ws/install/local_setup.zsh'
[26.859s] INFO:colcon.colcon_core.shell:Creating prefix chain script '/home/frfusera/ros2_ws/sbg_ws/install/setup.zsh'
